#
# A fatal error has been detected by the Java Runtime Environment:
#
#  SIGSEGV (0xb) at pc=0x00007fbd51caf7ad, pid=23880, tid=23882
#
# JRE version: OpenJDK Runtime Environment Corretto-16.0.2.7.1 (16.0.2+7) (build 16.0.2+7)
# Java VM: OpenJDK 64-Bit Server VM Corretto-16.0.2.7.1 (16.0.2+7, mixed mode, sharing, tiered, compressed oops, compressed class ptrs, g1 gc, linux-amd64)
# Problematic frame:
# C  [c3973f0285f95749686678465365546libcrypto_jni.so.so+0x7b7ad]  jni::wrapper::jnienv::JNIEnv::get_string_utf_chars::h7dff3303f2e8a652+0x70d
#
# Core dump will be written. Default location: Core dumps may be processed with "/usr/share/apport/apport -p%p -s%s -c%c -d%d -P%P -u%u -g%g -- %E" (or dumping to /home/tanmay/Desktop/ccd/concordium-java-sdk/concordium-sdk/core.23880)
#
# If you would like to submit a bug report, please visit:
#   https://github.com/corretto/corretto-jdk/issues/
# The crash happened outside the Java Virtual Machine in native code.
# See problematic frame for where to report the bug.
#

---------------  S U M M A R Y ------------

Command Line: -ea -Didea.test.cyclic.buffer.size=1048576 -javaagent:/snap/intellij-idea-ultimate/386/lib/idea_rt.jar=32871:/snap/intellij-idea-ultimate/386/bin -Dfile.encoding=UTF-8 com.intellij.rt.junit.JUnitStarter -ideVersion5 -junit4 com.concordium.sdk.transactions.AddBakerUtilTest,testAddBakerUtil

Host: Intel(R) Core(TM) i5-7300HQ CPU @ 2.50GHz, 4 cores, 7G, Ubuntu 22.04.1 LTS
Time: Sun Oct 30 11:22:37 2022 IST elapsed time: 1.411935 seconds (0d 0h 0m 1s)

---------------  T H R E A D  ---------------

Current thread (0x00007fbdbc024eb0):  JavaThread "main" [_thread_in_native, id=23882, stack(0x00007fbdc2f00000,0x00007fbdc3000000)]

Stack: [0x00007fbdc2f00000,0x00007fbdc3000000],  sp=0x00007fbdc2ffacc0,  free space=1003k
Native frames: (J=compiled Java code, A=aot compiled Java code, j=interpreted, Vv=VM code, C=native code)
C  [c3973f0285f95749686678465365546libcrypto_jni.so.so+0x7b7ad]  jni::wrapper::jnienv::JNIEnv::get_string_utf_chars::h7dff3303f2e8a652+0x70d
j  com.concordium.sdk.crypto.bakertransactions.AddBakerKeys.generateAddBakerKeysPayload(Lcom/concordium/sdk/crypto/bakertransactions/AddBakerKeysJniInput;)Lcom/concordium/sdk/crypto/bakertransactions/AddBakerKeysJniOutput;+11
j  com.concordium.sdk.transactions.ConfigureBaker.createNew(Lcom/concordium/sdk/transactions/AccountAddress;Lcom/concordium/sdk/transactions/CCDAmount;ZLcom/concordium/sdk/types/UInt64;)Lcom/concordium/sdk/transactions/AddBaker;+24
j  com.concordium.sdk.transactions.ConfigureBakerTransaction$CustomBuilder.AddBakerInstance(Lcom/concordium/sdk/transactions/AddBakerTransaction;)Lcom/concordium/sdk/transactions/Payload;+16
j  com.concordium.sdk.transactions.ConfigureBakerTransaction$CustomBuilder.build()Lcom/concordium/sdk/transactions/AddBakerTransaction;+35
j  com.concordium.sdk.transactions.AddBakerUtilTest.testAddBakerUtil()V+140
v  ~StubRoutines::call_stub
V  [libjvm.so+0x8647e5]  JavaCalls::call_helper(JavaValue*, methodHandle const&, JavaCallArguments*, Thread*)+0x375
V  [libjvm.so+0xce7ba6]  invoke(InstanceKlass*, methodHandle const&, Handle, bool, objArrayHandle, BasicType, objArrayHandle, bool, Thread*) [clone .constprop.148]+0x446
V  [libjvm.so+0xce8d6e]  Reflection::invoke_method(oopDesc*, Handle, objArrayHandle, Thread*)+0xfe
V  [libjvm.so+0x927d22]  JVM_InvokeMethod+0xf2
j  jdk.internal.reflect.NativeMethodAccessorImpl.invoke0(Ljava/lang/reflect/Method;Ljava/lang/Object;[Ljava/lang/Object;)Ljava/lang/Object;+0 java.base@16.0.2
j  jdk.internal.reflect.NativeMethodAccessorImpl.invoke(Ljava/lang/Object;[Ljava/lang/Object;)Ljava/lang/Object;+146 java.base@16.0.2
j  jdk.internal.reflect.DelegatingMethodAccessorImpl.invoke(Ljava/lang/Object;[Ljava/lang/Object;)Ljava/lang/Object;+6 java.base@16.0.2
j  java.lang.reflect.Method.invoke(Ljava/lang/Object;[Ljava/lang/Object;)Ljava/lang/Object;+59 java.base@16.0.2
j  org.junit.runners.model.FrameworkMethod$1.runReflectiveCall()Ljava/lang/Object;+15
j  org.junit.internal.runners.model.ReflectiveCallable.run()Ljava/lang/Object;+1
j  org.junit.runners.model.FrameworkMethod.invokeExplosively(Ljava/lang/Object;[Ljava/lang/Object;)Ljava/lang/Object;+10
j  org.junit.internal.runners.statements.InvokeMethod.evaluate()V+12
j  org.junit.runners.ParentRunner.runLeaf(Lorg/junit/runners/model/Statement;Lorg/junit/runner/Description;Lorg/junit/runner/notification/RunNotifier;)V+17
j  org.junit.runners.BlockJUnit4ClassRunner.runChild(Lorg/junit/runners/model/FrameworkMethod;Lorg/junit/runner/notification/RunNotifier;)V+32
j  org.junit.runners.BlockJUnit4ClassRunner.runChild(Ljava/lang/Object;Lorg/junit/runner/notification/RunNotifier;)V+6
j  org.junit.runners.ParentRunner$3.run()V+12
j  org.junit.runners.ParentRunner$1.schedule(Ljava/lang/Runnable;)V+1
j  org.junit.runners.ParentRunner.runChildren(Lorg/junit/runner/notification/RunNotifier;)V+40
j  org.junit.runners.ParentRunner.access$000(Lorg/junit/runners/ParentRunner;Lorg/junit/runner/notification/RunNotifier;)V+2
j  org.junit.runners.ParentRunner$2.evaluate()V+8
j  org.junit.runners.ParentRunner.run(Lorg/junit/runner/notification/RunNotifier;)V+20
j  org.junit.runner.JUnitCore.run(Lorg/junit/runner/Runner;)Lorg/junit/runner/Result;+37
j  com.intellij.junit4.JUnit4IdeaTestRunner.startRunnerWithArgs([Ljava/lang/String;Ljava/lang/String;IZ)I+166
j  com.intellij.rt.junit.IdeaTestRunner$Repeater$1.execute(Z)I+17
j  com.intellij.rt.execution.junit.TestsRepeater.repeat(IZLcom/intellij/rt/execution/junit/TestsRepeater$TestRun;)I+7
j  com.intellij.rt.junit.IdeaTestRunner$Repeater.startRunnerWithArgs(Lcom/intellij/rt/junit/IdeaTestRunner;[Ljava/lang/String;Ljava/util/ArrayList;Ljava/lang/String;IZ)I+25
j  com.intellij.rt.junit.JUnitStarter.prepareStreamsAndStart([Ljava/lang/String;Ljava/lang/String;Ljava/util/ArrayList;Ljava/lang/String;)I+116
j  com.intellij.rt.junit.JUnitStarter.main([Ljava/lang/String;)V+97
v  ~StubRoutines::call_stub
V  [libjvm.so+0x8647e5]  JavaCalls::call_helper(JavaValue*, methodHandle const&, JavaCallArguments*, Thread*)+0x375
V  [libjvm.so+0x8fbf4f]  jni_invoke_static(JNIEnv_*, JavaValue*, _jobject*, JNICallType, _jmethodID*, JNI_ArgumentPusher*, Thread*) [clone .isra.120] [clone .constprop.303]+0x15f
V  [libjvm.so+0x8fe06f]  jni_CallStaticVoidMethod+0x12f
C  [libjli.so+0xae0d]  JavaMain+0xd5d
C  [libjli.so+0xddc9]  ThreadJavaMain+0x9

Java frames: (J=compiled Java code, j=interpreted, Vv=VM code)
j  com.concordium.sdk.crypto.bakertransactions.AddBakerKeys.generateAddBakerKeysPayload(Ljava/lang/String;)Ljava/lang/String;+0
j  com.concordium.sdk.crypto.bakertransactions.AddBakerKeys.generateAddBakerKeysPayload(Lcom/concordium/sdk/crypto/bakertransactions/AddBakerKeysJniInput;)Lcom/concordium/sdk/crypto/bakertransactions/AddBakerKeysJniOutput;+11
j  com.concordium.sdk.transactions.ConfigureBaker.createNew(Lcom/concordium/sdk/transactions/AccountAddress;Lcom/concordium/sdk/transactions/CCDAmount;ZLcom/concordium/sdk/types/UInt64;)Lcom/concordium/sdk/transactions/AddBaker;+24
j  com.concordium.sdk.transactions.ConfigureBakerTransaction$CustomBuilder.AddBakerInstance(Lcom/concordium/sdk/transactions/AddBakerTransaction;)Lcom/concordium/sdk/transactions/Payload;+16
j  com.concordium.sdk.transactions.ConfigureBakerTransaction$CustomBuilder.build()Lcom/concordium/sdk/transactions/AddBakerTransaction;+35
j  com.concordium.sdk.transactions.AddBakerUtilTest.testAddBakerUtil()V+140
v  ~StubRoutines::call_stub
j  jdk.internal.reflect.NativeMethodAccessorImpl.invoke0(Ljava/lang/reflect/Method;Ljava/lang/Object;[Ljava/lang/Object;)Ljava/lang/Object;+0 java.base@16.0.2
j  jdk.internal.reflect.NativeMethodAccessorImpl.invoke(Ljava/lang/Object;[Ljava/lang/Object;)Ljava/lang/Object;+146 java.base@16.0.2
j  jdk.internal.reflect.DelegatingMethodAccessorImpl.invoke(Ljava/lang/Object;[Ljava/lang/Object;)Ljava/lang/Object;+6 java.base@16.0.2
j  java.lang.reflect.Method.invoke(Ljava/lang/Object;[Ljava/lang/Object;)Ljava/lang/Object;+59 java.base@16.0.2
j  org.junit.runners.model.FrameworkMethod$1.runReflectiveCall()Ljava/lang/Object;+15
j  org.junit.internal.runners.model.ReflectiveCallable.run()Ljava/lang/Object;+1
j  org.junit.runners.model.FrameworkMethod.invokeExplosively(Ljava/lang/Object;[Ljava/lang/Object;)Ljava/lang/Object;+10
j  org.junit.internal.runners.statements.InvokeMethod.evaluate()V+12
j  org.junit.runners.ParentRunner.runLeaf(Lorg/junit/runners/model/Statement;Lorg/junit/runner/Description;Lorg/junit/runner/notification/RunNotifier;)V+17
j  org.junit.runners.BlockJUnit4ClassRunner.runChild(Lorg/junit/runners/model/FrameworkMethod;Lorg/junit/runner/notification/RunNotifier;)V+32
j  org.junit.runners.BlockJUnit4ClassRunner.runChild(Ljava/lang/Object;Lorg/junit/runner/notification/RunNotifier;)V+6
j  org.junit.runners.ParentRunner$3.run()V+12
j  org.junit.runners.ParentRunner$1.schedule(Ljava/lang/Runnable;)V+1
j  org.junit.runners.ParentRunner.runChildren(Lorg/junit/runner/notification/RunNotifier;)V+40
j  org.junit.runners.ParentRunner.access$000(Lorg/junit/runners/ParentRunner;Lorg/junit/runner/notification/RunNotifier;)V+2
j  org.junit.runners.ParentRunner$2.evaluate()V+8
j  org.junit.runners.ParentRunner.run(Lorg/junit/runner/notification/RunNotifier;)V+20
j  org.junit.runner.JUnitCore.run(Lorg/junit/runner/Runner;)Lorg/junit/runner/Result;+37
j  com.intellij.junit4.JUnit4IdeaTestRunner.startRunnerWithArgs([Ljava/lang/String;Ljava/lang/String;IZ)I+166
j  com.intellij.rt.junit.IdeaTestRunner$Repeater$1.execute(Z)I+17
j  com.intellij.rt.execution.junit.TestsRepeater.repeat(IZLcom/intellij/rt/execution/junit/TestsRepeater$TestRun;)I+7
j  com.intellij.rt.junit.IdeaTestRunner$Repeater.startRunnerWithArgs(Lcom/intellij/rt/junit/IdeaTestRunner;[Ljava/lang/String;Ljava/util/ArrayList;Ljava/lang/String;IZ)I+25
j  com.intellij.rt.junit.JUnitStarter.prepareStreamsAndStart([Ljava/lang/String;Ljava/lang/String;Ljava/util/ArrayList;Ljava/lang/String;)I+116
j  com.intellij.rt.junit.JUnitStarter.main([Ljava/lang/String;)V+97
v  ~StubRoutines::call_stub

siginfo: si_signo: 11 (SIGSEGV), si_code: 128 (SI_KERNEL), si_addr: 0x0000000000000000

Register to memory mapping:

RAX=0x61742f656d6f682f is an unknown value
RBX={method} {0x00007fbd52fa74d8} 'generateAddBakerKeysPayload' '(Ljava/lang/String;)Ljava/lang/String;' in 'com/concordium/sdk/crypto/bakertransactions/AddBakerKeys'
RCX=0x0000000000000018 is an unknown value
RDX=0x0 is NULL
RSP=0x00007fbdc2ffacc0 is pointing into the stack for thread: 0x00007fbdbc024eb0
RBP=0x00007fbdc2ffd638 is pointing into the stack for thread: 0x00007fbdbc024eb0
RSI=0x0000000000000018 is an unknown value
RDI=0x00007fbdc2ffd648 is pointing into the stack for thread: 0x00007fbdbc024eb0
R8 =0x0 is NULL
R9 =0x0000000000000004 is an unknown value
R10=0x00007fbda45b3c2c is at code_begin+876 in an Interpreter codelet
method entry point (kind = native)  [0x00007fbda45b38c0, 0x00007fbda45b4180]  2240 bytes
R11=0x0000000000000768 is an unknown value
R12=0x0 is NULL
R13={method} {0x00007fbd52fa74d8} 'generateAddBakerKeysPayload' '(Ljava/lang/String;)Ljava/lang/String;' in 'com/concordium/sdk/crypto/bakertransactions/AddBakerKeys'
R14=0x00007fbdc2ffd658 is pointing into the stack for thread: 0x00007fbdbc024eb0
R15=0x00007fbdbc024eb0 is a thread


Registers:
RAX=0x61742f656d6f682f, RBX=0x00007fbd52fa74d8, RCX=0x0000000000000018, RDX=0x0000000000000000
RSP=0x00007fbdc2ffacc0, RBP=0x00007fbdc2ffd638, RSI=0x0000000000000018, RDI=0x00007fbdc2ffd648
R8 =0x0000000000000000, R9 =0x0000000000000004, R10=0x00007fbda45b3c2c, R11=0x0000000000000768
R12=0x0000000000000000, R13=0x00007fbd52fa74d8, R14=0x00007fbdc2ffd658, R15=0x00007fbdbc024eb0
RIP=0x00007fbd51caf7ad, EFLAGS=0x0000000000010206, CSGSFS=0x002b000000000033, ERR=0x0000000000000000
  TRAPNO=0x000000000000000d

Top of Stack: (sp=0x00007fbdc2ffacc0)
0x00007fbdc2ffacc0:   00007fbdbc025730 0000000000000000
0x00007fbdc2ffacd0:   0000000000000000 0000000000000000
0x00007fbdc2fface0:   0000000000000000 0000000000000000
0x00007fbdc2ffacf0:   0000000000000000 0000000000000000 

Instructions: (pc=0x00007fbd51caf7ad)
0x00007fbd51caf6ad:   00 00 00 8a 84 24 8f 00 00 00 24 01 88 84 24 2f
0x00007fbd51caf6bd:   0a 00 00 f6 84 24 2f 0a 00 00 01 75 28 48 8b 84
0x00007fbd51caf6cd:   24 e0 00 00 00 48 8b 00 48 89 44 24 78 48 8d bc
0x00007fbd51caf6dd:   24 00 01 00 00 ff 15 60 7a 74 00 48 89 84 24 80
0x00007fbd51caf6ed:   00 00 00 eb 63 48 8d bc 24 38 0a 00 00 48 8d 35
0x00007fbd51caf6fd:   df d3 72 00 ba 01 00 00 00 48 8d 0d db 4f 66 00
0x00007fbd51caf70d:   31 c0 41 89 c0 e8 69 87 00 00 48 8b b4 24 20 0a
0x00007fbd51caf71d:   00 00 48 c7 84 24 68 0a 00 00 00 00 00 00 48 8b
0x00007fbd51caf72d:   8c 24 68 0a 00 00 4c 8b 84 24 70 0a 00 00 48 8d
0x00007fbd51caf73d:   bc 24 38 0a 00 00 48 8d 15 16 d4 72 00 ff 15 58
0x00007fbd51caf74d:   e3 73 00 e9 75 ff ff ff 48 8b 84 24 80 00 00 00
0x00007fbd51caf75d:   48 8b 38 ff 15 4a d1 73 00 48 89 44 24 70 48 c7
0x00007fbd51caf76d:   84 24 58 17 00 00 00 00 00 00 48 c7 84 24 60 17
0x00007fbd51caf77d:   00 00 00 00 00 00 48 8b bc 24 60 17 00 00 ff 15
0x00007fbd51caf78d:   47 92 74 00 48 89 44 24 68 48 8b 84 24 90 00 00
0x00007fbd51caf79d:   00 48 8b 54 24 68 48 8b 74 24 70 48 8b 7c 24 78
0x00007fbd51caf7ad:   ff d0 48 89 44 24 60 48 89 84 24 78 16 00 00 48
0x00007fbd51caf7bd:   c7 84 24 10 0b 00 00 05 00 00 00 48 8d bc 24 10
0x00007fbd51caf7cd:   0b 00 00 48 8d 35 01 4e 66 00 e8 d4 58 00 00 88
0x00007fbd51caf7dd:   44 24 5f 8a 44 24 5f a8 01 75 0c eb 00 c6 84 24
0x00007fbd51caf7ed:   1f 0b 00 00 00 eb 5a c6 84 24 1f 17 00 00 00 48
0x00007fbd51caf7fd:   8d 3d 6d d8 74 00 0f b6 b4 24 1f 17 00 00 e8 c0
0x00007fbd51caf80d:   60 00 00 48 89 84 24 20 17 00 00 48 8b 84 24 20
0x00007fbd51caf81d:   17 00 00 48 89 84 24 20 0b 00 00 48 8d bc 24 10
0x00007fbd51caf82d:   0b 00 00 48 8d b4 24 20 0b 00 00 e8 73 58 00 00
0x00007fbd51caf83d:   88 44 24 5e 8a 44 24 5e 24 01 88 84 24 1f 0b 00
0x00007fbd51caf84d:   00 f6 84 24 1f 0b 00 00 01 75 26 48 c7 84 24 68
0x00007fbd51caf85d:   0b 00 00 05 00 00 00 48 8d bc 24 68 0b 00 00 48
0x00007fbd51caf86d:   8d 35 65 4d 66 00 e8 38 58 00 00 88 44 24 5d eb
0x00007fbd51caf87d:   63 48 8d bc 24 28 0b 00 00 48 8d 35 83 d2 72 00
0x00007fbd51caf88d:   ba 01 00 00 00 48 8d 0d 4f 4e 66 00 31 c0 41 89
0x00007fbd51caf89d:   c0 e8 dd 85 00 00 48 8b b4 24 10 0b 00 00 48 c7 


Stack slot to memory mapping:
stack at sp + 0 slots: 0x00007fbdbc025730 points into unknown readable memory: 0x0000000000000000 | 00 00 00 00 00 00 00 00
stack at sp + 1 slots: 0x0 is NULL
stack at sp + 2 slots: 0x0 is NULL
stack at sp + 3 slots: 0x0 is NULL
stack at sp + 4 slots: 0x0 is NULL
stack at sp + 5 slots: 0x0 is NULL
stack at sp + 6 slots: 0x0 is NULL
stack at sp + 7 slots: 0x0 is NULL


---------------  P R O C E S S  ---------------

Threads class SMR info:
_java_thread_list=0x00007fbd740020a0, length=19, elements={
0x00007fbdbc024eb0, 0x00007fbdbc113780, 0x00007fbdbc114d00, 0x00007fbdbc1195f0,
0x00007fbdbc11ab40, 0x00007fbdbc11c060, 0x00007fbdbc11db40, 0x00007fbdbc11f1a0,
0x00007fbdbc120740, 0x00007fbdbc134c20, 0x00007fbdbc19f130, 0x00007fbdbc1a0410,
0x00007fbd6415d1c0, 0x00007fbdbc5c7f50, 0x00007fbdbc5ccef0, 0x00007fbdbc5d08a0,
0x00007fbd400ae990, 0x00007fbdbc5e4470, 0x00007fbd74000fe0
}

Java Threads: ( => current thread )
=>0x00007fbdbc024eb0 JavaThread "main" [_thread_in_native, id=23882, stack(0x00007fbdc2f00000,0x00007fbdc3000000)]
  0x00007fbdbc113780 JavaThread "Reference Handler" daemon [_thread_blocked, id=23889, stack(0x00007fbdc0300000,0x00007fbdc0400000)]
  0x00007fbdbc114d00 JavaThread "Finalizer" daemon [_thread_blocked, id=23890, stack(0x00007fbdc0200000,0x00007fbdc0300000)]
  0x00007fbdbc1195f0 JavaThread "Signal Dispatcher" daemon [_thread_blocked, id=23891, stack(0x00007fbdc0100000,0x00007fbdc0200000)]
  0x00007fbdbc11ab40 JavaThread "Service Thread" daemon [_thread_blocked, id=23892, stack(0x00007fbdc0000000,0x00007fbdc0100000)]
  0x00007fbdbc11c060 JavaThread "Monitor Deflation Thread" daemon [_thread_blocked, id=23893, stack(0x00007fbda0766000,0x00007fbda0866000)]
  0x00007fbdbc11db40 JavaThread "C2 CompilerThread0" daemon [_thread_blocked, id=23894, stack(0x00007fbda0666000,0x00007fbda0766000)]
  0x00007fbdbc11f1a0 JavaThread "C1 CompilerThread0" daemon [_thread_blocked, id=23895, stack(0x00007fbda0566000,0x00007fbda0666000)]
  0x00007fbdbc120740 JavaThread "Sweeper thread" daemon [_thread_blocked, id=23896, stack(0x00007fbda0466000,0x00007fbda0566000)]
  0x00007fbdbc134c20 JavaThread "Common-Cleaner" daemon [_thread_blocked, id=23897, stack(0x00007fbda0366000,0x00007fbda0466000)]
  0x00007fbdbc19f130 JavaThread "Monitor Ctrl-Break" daemon [_thread_in_native, id=23898, stack(0x00007fbda0266000,0x00007fbda0366000)]
  0x00007fbdbc1a0410 JavaThread "Notification Thread" daemon [_thread_blocked, id=23899, stack(0x00007fbda0166000,0x00007fbda0266000)]
  0x00007fbd6415d1c0 JavaThread "C2 CompilerThread1" daemon [_thread_blocked, id=23903, stack(0x00007fbd91119000,0x00007fbd91219000)]
  0x00007fbdbc5c7f50 JavaThread "grpc-default-worker-ELG-1-1" daemon [_thread_in_native, id=23908, stack(0x00007fbd90500000,0x00007fbd90600000)]
  0x00007fbdbc5ccef0 JavaThread "grpc-default-executor-0" daemon [_thread_blocked, id=23910, stack(0x00007fbd90100000,0x00007fbd90200000)]
  0x00007fbdbc5d08a0 JavaThread "grpc-default-worker-ELG-1-2" daemon [_thread_in_native, id=23916, stack(0x00007fbd90000000,0x00007fbd90100000)]
  0x00007fbd400ae990 JavaThread "grpc-default-worker-ELG-1-3" daemon [_thread_in_native, id=23918, stack(0x00007fbd53f00000,0x00007fbd54000000)]
  0x00007fbdbc5e4470 JavaThread "grpc-default-worker-ELG-1-4" daemon [_thread_in_native, id=23920, stack(0x00007fbd53700000,0x00007fbd53800000)]
  0x00007fbd74000fe0 JavaThread "Attach Listener" daemon [_thread_blocked, id=23923, stack(0x00007fbd53300000,0x00007fbd53400000)]

Other Threads:
  0x00007fbdbc111090 VMThread "VM Thread" [stack: 0x00007fbdc0c74000,0x00007fbdc0d74000] [id=23888]
  0x00007fbdbc1a22d0 WatcherThread [stack: 0x00007fbda0066000,0x00007fbda0166000] [id=23900]
  0x00007fbdbc063900 GCTaskThread "GC Thread#0" [stack: 0x00007fbdc1582000,0x00007fbdc1682000] [id=23883]
  0x00007fbd88004710 GCTaskThread "GC Thread#1" [stack: 0x00007fbd90d00000,0x00007fbd90e00000] [id=23905]
  0x00007fbd88005290 GCTaskThread "GC Thread#2" [stack: 0x00007fbd90900000,0x00007fbd90a00000] [id=23906]
  0x00007fbd88007110 GCTaskThread "GC Thread#3" [stack: 0x00007fbd53b00000,0x00007fbd53c00000] [id=23919]
  0x00007fbdbc074550 ConcurrentGCThread "G1 Main Marker" [stack: 0x00007fbdc1480000,0x00007fbdc1580000] [id=23884]
  0x00007fbdbc0755e0 ConcurrentGCThread "G1 Conc#0" [stack: 0x00007fbdc137e000,0x00007fbdc147e000] [id=23885]
  0x00007fbdbc0dad80 ConcurrentGCThread "G1 Refine#0" [stack: 0x00007fbdc0e78000,0x00007fbdc0f78000] [id=23886]
  0x00007fbdbc0dbda0 ConcurrentGCThread "G1 Service" [stack: 0x00007fbdc0d76000,0x00007fbdc0e76000] [id=23887]

Threads with active compile tasks:

VM state: not at safepoint (normal execution)

VM Mutex/Monitor currently owned by a thread: None

Heap address: 0x0000000085800000, size: 1960 MB, Compressed Oops mode: 32-bit

CDS archive(s) mapped at: [0x0000000800000000-0x0000000800bf7000-0x0000000800bf7000), size 12546048, SharedBaseAddress: 0x0000000800000000, ArchiveRelocationMode: 0.
Compressed class space mapped at: 0x0000000800c00000-0x0000000840c00000, reserved size: 1073741824
Narrow klass base: 0x0000000800000000, Narrow klass shift: 3, Narrow klass range: 0x100000000

GC Precious Log:
 CPUs: 4 total, 4 available
 Memory: 7834M
 Large Page Support: Disabled
 NUMA Support: Disabled
 Compressed Oops: Enabled (32-bit)
 Heap Region Size: 1M
 Heap Min Capacity: 8M
 Heap Initial Capacity: 124M
 Heap Max Capacity: 1960M
 Pre-touch: Disabled
 Parallel Workers: 4
 Concurrent Workers: 1
 Concurrent Refinement Workers: 4
 Periodic GC: Disabled

Heap:
 garbage-first heap   total 129024K, used 35948K [0x0000000085800000, 0x0000000100000000)
  region size 1024K, 33 young (33792K), 2 survivors (2048K)
 Metaspace       used 18140K, committed 18304K, reserved 1064960K
  class space    used 2091K, committed 2176K, reserved 1048576K

Heap Regions: E=young(eden), S=young(survivor), O=old, HS=humongous(starts), HC=humongous(continues), CS=collection set, F=free, OA=open archive, CA=closed archive, TAMS=top-at-mark-start (previous, next)
|   0|0x0000000085800000, 0x0000000085900000, 0x0000000085900000|100%| O|  |TAMS 0x0000000085800000, 0x0000000085800000| Untracked 
|   1|0x0000000085900000, 0x0000000085a00000, 0x0000000085a00000|100%| O|  |TAMS 0x0000000085900000, 0x0000000085900000| Untracked 
|   2|0x0000000085a00000, 0x0000000085ad6a00, 0x0000000085b00000| 83%| O|  |TAMS 0x0000000085a00000, 0x0000000085a00000| Untracked 
|   3|0x0000000085b00000, 0x0000000085b00000, 0x0000000085c00000|  0%| F|  |TAMS 0x0000000085b00000, 0x0000000085b00000| Untracked 
|   4|0x0000000085c00000, 0x0000000085c00000, 0x0000000085d00000|  0%| F|  |TAMS 0x0000000085c00000, 0x0000000085c00000| Untracked 
|   5|0x0000000085d00000, 0x0000000085d00000, 0x0000000085e00000|  0%| F|  |TAMS 0x0000000085d00000, 0x0000000085d00000| Untracked 
|   6|0x0000000085e00000, 0x0000000085e00000, 0x0000000085f00000|  0%| F|  |TAMS 0x0000000085e00000, 0x0000000085e00000| Untracked 
|   7|0x0000000085f00000, 0x0000000085f00000, 0x0000000086000000|  0%| F|  |TAMS 0x0000000085f00000, 0x0000000085f00000| Untracked 
|   8|0x0000000086000000, 0x0000000086000000, 0x0000000086100000|  0%| F|  |TAMS 0x0000000086000000, 0x0000000086000000| Untracked 
|   9|0x0000000086100000, 0x0000000086100000, 0x0000000086200000|  0%| F|  |TAMS 0x0000000086100000, 0x0000000086100000| Untracked 
|  10|0x0000000086200000, 0x0000000086200000, 0x0000000086300000|  0%| F|  |TAMS 0x0000000086200000, 0x0000000086200000| Untracked 
|  11|0x0000000086300000, 0x0000000086300000, 0x0000000086400000|  0%| F|  |TAMS 0x0000000086300000, 0x0000000086300000| Untracked 
|  12|0x0000000086400000, 0x0000000086400000, 0x0000000086500000|  0%| F|  |TAMS 0x0000000086400000, 0x0000000086400000| Untracked 
|  13|0x0000000086500000, 0x0000000086500000, 0x0000000086600000|  0%| F|  |TAMS 0x0000000086500000, 0x0000000086500000| Untracked 
|  14|0x0000000086600000, 0x0000000086600000, 0x0000000086700000|  0%| F|  |TAMS 0x0000000086600000, 0x0000000086600000| Untracked 
|  15|0x0000000086700000, 0x0000000086700000, 0x0000000086800000|  0%| F|  |TAMS 0x0000000086700000, 0x0000000086700000| Untracked 
|  16|0x0000000086800000, 0x0000000086800000, 0x0000000086900000|  0%| F|  |TAMS 0x0000000086800000, 0x0000000086800000| Untracked 
|  17|0x0000000086900000, 0x0000000086900000, 0x0000000086a00000|  0%| F|  |TAMS 0x0000000086900000, 0x0000000086900000| Untracked 
|  18|0x0000000086a00000, 0x0000000086a00000, 0x0000000086b00000|  0%| F|  |TAMS 0x0000000086a00000, 0x0000000086a00000| Untracked 
|  19|0x0000000086b00000, 0x0000000086b00000, 0x0000000086c00000|  0%| F|  |TAMS 0x0000000086b00000, 0x0000000086b00000| Untracked 
|  20|0x0000000086c00000, 0x0000000086c00000, 0x0000000086d00000|  0%| F|  |TAMS 0x0000000086c00000, 0x0000000086c00000| Untracked 
|  21|0x0000000086d00000, 0x0000000086d00000, 0x0000000086e00000|  0%| F|  |TAMS 0x0000000086d00000, 0x0000000086d00000| Untracked 
|  22|0x0000000086e00000, 0x0000000086e00000, 0x0000000086f00000|  0%| F|  |TAMS 0x0000000086e00000, 0x0000000086e00000| Untracked 
|  23|0x0000000086f00000, 0x0000000086f00000, 0x0000000087000000|  0%| F|  |TAMS 0x0000000086f00000, 0x0000000086f00000| Untracked 
|  24|0x0000000087000000, 0x0000000087000000, 0x0000000087100000|  0%| F|  |TAMS 0x0000000087000000, 0x0000000087000000| Untracked 
|  25|0x0000000087100000, 0x0000000087100000, 0x0000000087200000|  0%| F|  |TAMS 0x0000000087100000, 0x0000000087100000| Untracked 
|  26|0x0000000087200000, 0x0000000087200000, 0x0000000087300000|  0%| F|  |TAMS 0x0000000087200000, 0x0000000087200000| Untracked 
|  27|0x0000000087300000, 0x0000000087300000, 0x0000000087400000|  0%| F|  |TAMS 0x0000000087300000, 0x0000000087300000| Untracked 
|  28|0x0000000087400000, 0x0000000087400000, 0x0000000087500000|  0%| F|  |TAMS 0x0000000087400000, 0x0000000087400000| Untracked 
|  29|0x0000000087500000, 0x0000000087500000, 0x0000000087600000|  0%| F|  |TAMS 0x0000000087500000, 0x0000000087500000| Untracked 
|  30|0x0000000087600000, 0x0000000087600000, 0x0000000087700000|  0%| F|  |TAMS 0x0000000087600000, 0x0000000087600000| Untracked 
|  31|0x0000000087700000, 0x0000000087700000, 0x0000000087800000|  0%| F|  |TAMS 0x0000000087700000, 0x0000000087700000| Untracked 
|  32|0x0000000087800000, 0x0000000087800000, 0x0000000087900000|  0%| F|  |TAMS 0x0000000087800000, 0x0000000087800000| Untracked 
|  33|0x0000000087900000, 0x0000000087900000, 0x0000000087a00000|  0%| F|  |TAMS 0x0000000087900000, 0x0000000087900000| Untracked 
|  34|0x0000000087a00000, 0x0000000087a00000, 0x0000000087b00000|  0%| F|  |TAMS 0x0000000087a00000, 0x0000000087a00000| Untracked 
|  35|0x0000000087b00000, 0x0000000087b00000, 0x0000000087c00000|  0%| F|  |TAMS 0x0000000087b00000, 0x0000000087b00000| Untracked 
|  36|0x0000000087c00000, 0x0000000087c00000, 0x0000000087d00000|  0%| F|  |TAMS 0x0000000087c00000, 0x0000000087c00000| Untracked 
|  37|0x0000000087d00000, 0x0000000087d00000, 0x0000000087e00000|  0%| F|  |TAMS 0x0000000087d00000, 0x0000000087d00000| Untracked 
|  38|0x0000000087e00000, 0x0000000087e00000, 0x0000000087f00000|  0%| F|  |TAMS 0x0000000087e00000, 0x0000000087e00000| Untracked 
|  39|0x0000000087f00000, 0x0000000087f00000, 0x0000000088000000|  0%| F|  |TAMS 0x0000000087f00000, 0x0000000087f00000| Untracked 
|  40|0x0000000088000000, 0x0000000088000000, 0x0000000088100000|  0%| F|  |TAMS 0x0000000088000000, 0x0000000088000000| Untracked 
|  41|0x0000000088100000, 0x0000000088100000, 0x0000000088200000|  0%| F|  |TAMS 0x0000000088100000, 0x0000000088100000| Untracked 
|  42|0x0000000088200000, 0x0000000088200000, 0x0000000088300000|  0%| F|  |TAMS 0x0000000088200000, 0x0000000088200000| Untracked 
|  43|0x0000000088300000, 0x0000000088300000, 0x0000000088400000|  0%| F|  |TAMS 0x0000000088300000, 0x0000000088300000| Untracked 
|  44|0x0000000088400000, 0x0000000088400000, 0x0000000088500000|  0%| F|  |TAMS 0x0000000088400000, 0x0000000088400000| Untracked 
|  45|0x0000000088500000, 0x0000000088500000, 0x0000000088600000|  0%| F|  |TAMS 0x0000000088500000, 0x0000000088500000| Untracked 
|  46|0x0000000088600000, 0x0000000088600000, 0x0000000088700000|  0%| F|  |TAMS 0x0000000088600000, 0x0000000088600000| Untracked 
|  47|0x0000000088700000, 0x0000000088700000, 0x0000000088800000|  0%| F|  |TAMS 0x0000000088700000, 0x0000000088700000| Untracked 
|  48|0x0000000088800000, 0x0000000088800000, 0x0000000088900000|  0%| F|  |TAMS 0x0000000088800000, 0x0000000088800000| Untracked 
|  49|0x0000000088900000, 0x0000000088900000, 0x0000000088a00000|  0%| F|  |TAMS 0x0000000088900000, 0x0000000088900000| Untracked 
|  50|0x0000000088a00000, 0x0000000088a00000, 0x0000000088b00000|  0%| F|  |TAMS 0x0000000088a00000, 0x0000000088a00000| Untracked 
|  51|0x0000000088b00000, 0x0000000088b00000, 0x0000000088c00000|  0%| F|  |TAMS 0x0000000088b00000, 0x0000000088b00000| Untracked 
|  52|0x0000000088c00000, 0x0000000088c00000, 0x0000000088d00000|  0%| F|  |TAMS 0x0000000088c00000, 0x0000000088c00000| Untracked 
|  53|0x0000000088d00000, 0x0000000088d00000, 0x0000000088e00000|  0%| F|  |TAMS 0x0000000088d00000, 0x0000000088d00000| Untracked 
|  54|0x0000000088e00000, 0x0000000088e00000, 0x0000000088f00000|  0%| F|  |TAMS 0x0000000088e00000, 0x0000000088e00000| Untracked 
|  55|0x0000000088f00000, 0x0000000088f00000, 0x0000000089000000|  0%| F|  |TAMS 0x0000000088f00000, 0x0000000088f00000| Untracked 
|  56|0x0000000089000000, 0x0000000089000000, 0x0000000089100000|  0%| F|  |TAMS 0x0000000089000000, 0x0000000089000000| Untracked 
|  57|0x0000000089100000, 0x0000000089100000, 0x0000000089200000|  0%| F|  |TAMS 0x0000000089100000, 0x0000000089100000| Untracked 
|  58|0x0000000089200000, 0x0000000089200000, 0x0000000089300000|  0%| F|  |TAMS 0x0000000089200000, 0x0000000089200000| Untracked 
|  59|0x0000000089300000, 0x0000000089300000, 0x0000000089400000|  0%| F|  |TAMS 0x0000000089300000, 0x0000000089300000| Untracked 
|  60|0x0000000089400000, 0x0000000089400000, 0x0000000089500000|  0%| F|  |TAMS 0x0000000089400000, 0x0000000089400000| Untracked 
|  61|0x0000000089500000, 0x0000000089500000, 0x0000000089600000|  0%| F|  |TAMS 0x0000000089500000, 0x0000000089500000| Untracked 
|  62|0x0000000089600000, 0x0000000089600000, 0x0000000089700000|  0%| F|  |TAMS 0x0000000089600000, 0x0000000089600000| Untracked 
|  63|0x0000000089700000, 0x0000000089700000, 0x0000000089800000|  0%| F|  |TAMS 0x0000000089700000, 0x0000000089700000| Untracked 
|  64|0x0000000089800000, 0x0000000089800000, 0x0000000089900000|  0%| F|  |TAMS 0x0000000089800000, 0x0000000089800000| Untracked 
|  65|0x0000000089900000, 0x0000000089900000, 0x0000000089a00000|  0%| F|  |TAMS 0x0000000089900000, 0x0000000089900000| Untracked 
|  66|0x0000000089a00000, 0x0000000089a00000, 0x0000000089b00000|  0%| F|  |TAMS 0x0000000089a00000, 0x0000000089a00000| Untracked 
|  67|0x0000000089b00000, 0x0000000089b00000, 0x0000000089c00000|  0%| F|  |TAMS 0x0000000089b00000, 0x0000000089b00000| Untracked 
|  68|0x0000000089c00000, 0x0000000089c00000, 0x0000000089d00000|  0%| F|  |TAMS 0x0000000089c00000, 0x0000000089c00000| Untracked 
|  69|0x0000000089d00000, 0x0000000089d00000, 0x0000000089e00000|  0%| F|  |TAMS 0x0000000089d00000, 0x0000000089d00000| Untracked 
|  70|0x0000000089e00000, 0x0000000089e00000, 0x0000000089f00000|  0%| F|  |TAMS 0x0000000089e00000, 0x0000000089e00000| Untracked 
|  71|0x0000000089f00000, 0x0000000089f00000, 0x000000008a000000|  0%| F|  |TAMS 0x0000000089f00000, 0x0000000089f00000| Untracked 
|  72|0x000000008a000000, 0x000000008a000000, 0x000000008a100000|  0%| F|  |TAMS 0x000000008a000000, 0x000000008a000000| Untracked 
|  73|0x000000008a100000, 0x000000008a100000, 0x000000008a200000|  0%| F|  |TAMS 0x000000008a100000, 0x000000008a100000| Untracked 
|  74|0x000000008a200000, 0x000000008a200000, 0x000000008a300000|  0%| F|  |TAMS 0x000000008a200000, 0x000000008a200000| Untracked 
|  75|0x000000008a300000, 0x000000008a300000, 0x000000008a400000|  0%| F|  |TAMS 0x000000008a300000, 0x000000008a300000| Untracked 
|  76|0x000000008a400000, 0x000000008a400000, 0x000000008a500000|  0%| F|  |TAMS 0x000000008a400000, 0x000000008a400000| Untracked 
|  77|0x000000008a500000, 0x000000008a500000, 0x000000008a600000|  0%| F|  |TAMS 0x000000008a500000, 0x000000008a500000| Untracked 
|  78|0x000000008a600000, 0x000000008a600000, 0x000000008a700000|  0%| F|  |TAMS 0x000000008a600000, 0x000000008a600000| Untracked 
|  79|0x000000008a700000, 0x000000008a700000, 0x000000008a800000|  0%| F|  |TAMS 0x000000008a700000, 0x000000008a700000| Untracked 
|  80|0x000000008a800000, 0x000000008a800000, 0x000000008a900000|  0%| F|  |TAMS 0x000000008a800000, 0x000000008a800000| Untracked 
|  81|0x000000008a900000, 0x000000008a900000, 0x000000008aa00000|  0%| F|  |TAMS 0x000000008a900000, 0x000000008a900000| Untracked 
|  82|0x000000008aa00000, 0x000000008aa00000, 0x000000008ab00000|  0%| F|  |TAMS 0x000000008aa00000, 0x000000008aa00000| Untracked 
|  83|0x000000008ab00000, 0x000000008ab00000, 0x000000008ac00000|  0%| F|  |TAMS 0x000000008ab00000, 0x000000008ab00000| Untracked 
|  84|0x000000008ac00000, 0x000000008ac00000, 0x000000008ad00000|  0%| F|  |TAMS 0x000000008ac00000, 0x000000008ac00000| Untracked 
|  85|0x000000008ad00000, 0x000000008ad00000, 0x000000008ae00000|  0%| F|  |TAMS 0x000000008ad00000, 0x000000008ad00000| Untracked 
|  86|0x000000008ae00000, 0x000000008ae00000, 0x000000008af00000|  0%| F|  |TAMS 0x000000008ae00000, 0x000000008ae00000| Untracked 
|  87|0x000000008af00000, 0x000000008af00000, 0x000000008b000000|  0%| F|  |TAMS 0x000000008af00000, 0x000000008af00000| Untracked 
|  88|0x000000008b000000, 0x000000008b000000, 0x000000008b100000|  0%| F|  |TAMS 0x000000008b000000, 0x000000008b000000| Untracked 
|  89|0x000000008b100000, 0x000000008b100000, 0x000000008b200000|  0%| F|  |TAMS 0x000000008b100000, 0x000000008b100000| Untracked 
|  90|0x000000008b200000, 0x000000008b200000, 0x000000008b300000|  0%| F|  |TAMS 0x000000008b200000, 0x000000008b200000| Untracked 
|  91|0x000000008b300000, 0x000000008b381c10, 0x000000008b400000| 50%| E|  |TAMS 0x000000008b300000, 0x000000008b300000| Complete 
|  92|0x000000008b400000, 0x000000008b500000, 0x000000008b500000|100%| E|CS|TAMS 0x000000008b400000, 0x000000008b400000| Complete 
|  93|0x000000008b500000, 0x000000008b600000, 0x000000008b600000|100%| E|CS|TAMS 0x000000008b500000, 0x000000008b500000| Complete 
|  94|0x000000008b600000, 0x000000008b700000, 0x000000008b700000|100%| E|CS|TAMS 0x000000008b600000, 0x000000008b600000| Complete 
|  95|0x000000008b700000, 0x000000008b800000, 0x000000008b800000|100%| E|CS|TAMS 0x000000008b700000, 0x000000008b700000| Complete 
|  96|0x000000008b800000, 0x000000008b900000, 0x000000008b900000|100%| E|CS|TAMS 0x000000008b800000, 0x000000008b800000| Complete 
|  97|0x000000008b900000, 0x000000008ba00000, 0x000000008ba00000|100%| E|CS|TAMS 0x000000008b900000, 0x000000008b900000| Complete 
|  98|0x000000008ba00000, 0x000000008bb00000, 0x000000008bb00000|100%| E|CS|TAMS 0x000000008ba00000, 0x000000008ba00000| Complete 
|  99|0x000000008bb00000, 0x000000008bc00000, 0x000000008bc00000|100%| E|CS|TAMS 0x000000008bb00000, 0x000000008bb00000| Complete 
| 100|0x000000008bc00000, 0x000000008bd00000, 0x000000008bd00000|100%| E|CS|TAMS 0x000000008bc00000, 0x000000008bc00000| Complete 
| 101|0x000000008bd00000, 0x000000008be00000, 0x000000008be00000|100%| E|CS|TAMS 0x000000008bd00000, 0x000000008bd00000| Complete 
| 102|0x000000008be00000, 0x000000008bf00000, 0x000000008bf00000|100%| E|CS|TAMS 0x000000008be00000, 0x000000008be00000| Complete 
| 103|0x000000008bf00000, 0x000000008bf46720, 0x000000008c000000| 27%| S|CS|TAMS 0x000000008bf00000, 0x000000008bf00000| Complete 
| 104|0x000000008c000000, 0x000000008c100000, 0x000000008c100000|100%| S|CS|TAMS 0x000000008c000000, 0x000000008c000000| Complete 
| 105|0x000000008c100000, 0x000000008c200000, 0x000000008c200000|100%| E|CS|TAMS 0x000000008c100000, 0x000000008c100000| Complete 
| 106|0x000000008c200000, 0x000000008c300000, 0x000000008c300000|100%| E|CS|TAMS 0x000000008c200000, 0x000000008c200000| Complete 
| 107|0x000000008c300000, 0x000000008c400000, 0x000000008c400000|100%| E|CS|TAMS 0x000000008c300000, 0x000000008c300000| Complete 
| 108|0x000000008c400000, 0x000000008c500000, 0x000000008c500000|100%| E|CS|TAMS 0x000000008c400000, 0x000000008c400000| Complete 
| 109|0x000000008c500000, 0x000000008c600000, 0x000000008c600000|100%| E|CS|TAMS 0x000000008c500000, 0x000000008c500000| Complete 
| 110|0x000000008c600000, 0x000000008c700000, 0x000000008c700000|100%| E|CS|TAMS 0x000000008c600000, 0x000000008c600000| Complete 
| 111|0x000000008c700000, 0x000000008c800000, 0x000000008c800000|100%| E|CS|TAMS 0x000000008c700000, 0x000000008c700000| Complete 
| 112|0x000000008c800000, 0x000000008c900000, 0x000000008c900000|100%| E|CS|TAMS 0x000000008c800000, 0x000000008c800000| Complete 
| 113|0x000000008c900000, 0x000000008ca00000, 0x000000008ca00000|100%| E|CS|TAMS 0x000000008c900000, 0x000000008c900000| Complete 
| 114|0x000000008ca00000, 0x000000008cb00000, 0x000000008cb00000|100%| E|CS|TAMS 0x000000008ca00000, 0x000000008ca00000| Complete 
| 115|0x000000008cb00000, 0x000000008cc00000, 0x000000008cc00000|100%| E|CS|TAMS 0x000000008cb00000, 0x000000008cb00000| Complete 
| 116|0x000000008cc00000, 0x000000008cd00000, 0x000000008cd00000|100%| E|CS|TAMS 0x000000008cc00000, 0x000000008cc00000| Complete 
| 117|0x000000008cd00000, 0x000000008ce00000, 0x000000008ce00000|100%| E|CS|TAMS 0x000000008cd00000, 0x000000008cd00000| Complete 
| 118|0x000000008ce00000, 0x000000008cf00000, 0x000000008cf00000|100%| E|CS|TAMS 0x000000008ce00000, 0x000000008ce00000| Complete 
| 119|0x000000008cf00000, 0x000000008d000000, 0x000000008d000000|100%| E|CS|TAMS 0x000000008cf00000, 0x000000008cf00000| Complete 
| 120|0x000000008d000000, 0x000000008d100000, 0x000000008d100000|100%| E|CS|TAMS 0x000000008d000000, 0x000000008d000000| Complete 
| 121|0x000000008d100000, 0x000000008d200000, 0x000000008d200000|100%| E|CS|TAMS 0x000000008d100000, 0x000000008d100000| Complete 
| 122|0x000000008d200000, 0x000000008d300000, 0x000000008d300000|100%| E|CS|TAMS 0x000000008d200000, 0x000000008d200000| Complete 
| 123|0x000000008d300000, 0x000000008d400000, 0x000000008d400000|100%| E|CS|TAMS 0x000000008d300000, 0x000000008d300000| Complete 
|1958|0x00000000ffe00000, 0x00000000ffe76000, 0x00000000fff00000| 46%|OA|  |TAMS 0x00000000ffe00000, 0x00000000ffe00000| Untracked 
|1959|0x00000000fff00000, 0x00000000fff88000, 0x0000000100000000| 53%|CA|  |TAMS 0x00000000fff00000, 0x00000000fff00000| Untracked 

Card table byte_map: [0x00007fbdc1a56000,0x00007fbdc1e2a000] _byte_map_base: 0x00007fbdc162a000

Marking Bits (Prev, Next): (CMBitMap*) 0x00007fbdbc0644b0, (CMBitMap*) 0x00007fbdbc0644f0
 Prev Bits: [0x00007fbda2706000, 0x00007fbda45a6000)
 Next Bits: [0x00007fbda0866000, 0x00007fbda2706000)

Polling page: 0x00007fbdc4cd9000

Metaspace:

Usage:
  Non-class:     15.67 MB used.
      Class:      2.04 MB used.
       Both:     17.72 MB used.

Virtual space:
  Non-class space:       16.00 MB reserved,      15.75 MB ( 98%) committed,  2 nodes.
      Class space:        1.00 GB reserved,       2.12 MB ( <1%) committed,  1 nodes.
              Both:        1.02 GB reserved,      17.88 MB (  2%) committed. 

Chunk freelists:
   Non-Class:  224.00 KB
       Class:  1.83 MB
        Both:  2.05 MB

MaxMetaspaceSize: 17179869184.00 GB
CompressedClassSpaceSize: 1.00 GB
 - commit_granule_bytes: 65536.
 - commit_granule_words: 8192.
 - virtual_space_node_default_size: 1048576.
 - enlarge_chunks_in_place: 1.
 - new_chunks_are_fully_committed: 0.
 - uncommit_free_chunks: 1.
 - use_allocation_guard: 0.
 - handle_deallocations: 1.


Internal statistics:

num_allocs_failed_limit: 0.
num_arena_births: 64.
num_arena_deaths: 0.
num_vsnodes_births: 3.
num_vsnodes_deaths: 0.
num_space_committed: 286.
num_space_uncommitted: 0.
num_chunks_returned_to_freelist: 0.
num_chunks_taken_from_freelist: 574.
num_chunk_merges: 0.
num_chunk_splits: 476.
num_chunks_enlarged: 430.
num_purges: 0.

CodeHeap 'non-profiled nmethods': size=120032Kb used=602Kb max_used=602Kb free=119430Kb
 bounds [0x00007fbdac06e000, 0x00007fbdac2de000, 0x00007fbdb35a6000]
CodeHeap 'profiled nmethods': size=120028Kb used=2435Kb max_used=2435Kb free=117592Kb
 bounds [0x00007fbda4b37000, 0x00007fbda4da7000, 0x00007fbdac06e000]
CodeHeap 'non-nmethods': size=5700Kb used=1253Kb max_used=1279Kb free=4446Kb
 bounds [0x00007fbda45a6000, 0x00007fbda4816000, 0x00007fbda4b37000]
 total_blobs=2003 nmethods=1438 adapters=478
 compilation: enabled
              stopped_count=0, restarted_count=0
 full_count=0

Compilation events (20 events):
Event: 1.384 Thread 0x00007fbdbc11f1a0 nmethod 1426 0x00007fbda4d94410 code [0x00007fbda4d94660, 0x00007fbda4d94b50]
Event: 1.384 Thread 0x00007fbdbc11f1a0 1427       1       com.fasterxml.jackson.databind.introspect.JacksonAnnotationIntrospector::findRenameByField (2 bytes)
Event: 1.384 Thread 0x00007fbdbc11f1a0 nmethod 1427 0x00007fbdac103e90 code [0x00007fbdac104020, 0x00007fbdac1040f0]
Event: 1.384 Thread 0x00007fbdbc11db40 1429       4       java.lang.StringConcatHelper::newString (67 bytes)
Event: 1.385 Thread 0x00007fbdbc11db40 nmethod 1429 0x00007fbdac104190 code [0x00007fbdac104320, 0x00007fbdac104418]
Event: 1.388 Thread 0x00007fbdbc11f1a0 1430       3       com.fasterxml.jackson.databind.cfg.MapperConfig::constructType (9 bytes)
Event: 1.388 Thread 0x00007fbdbc11f1a0 nmethod 1430 0x00007fbda4d94d90 code [0x00007fbda4d94f60, 0x00007fbda4d951c0]
Event: 1.389 Thread 0x00007fbdbc11f1a0 1431       1       java.lang.reflect.Method::getGenericSignature (5 bytes)
Event: 1.389 Thread 0x00007fbdbc11f1a0 nmethod 1431 0x00007fbdac104510 code [0x00007fbdac1046a0, 0x00007fbdac104770]
Event: 1.389 Thread 0x00007fbdbc11f1a0 1432       3       com.fasterxml.jackson.databind.introspect.JacksonAnnotationIntrospector::findViews (26 bytes)
Event: 1.389 Thread 0x00007fbdbc11f1a0 nmethod 1432 0x00007fbda4d95310 code [0x00007fbda4d954e0, 0x00007fbda4d959f0]
Event: 1.392 Thread 0x00007fbdbc11f1a0 1434       3       com.fasterxml.jackson.databind.introspect.AnnotatedWithParams::<init> (12 bytes)
Event: 1.392 Thread 0x00007fbdbc11f1a0 nmethod 1434 0x00007fbda4d95b90 code [0x00007fbda4d95d40, 0x00007fbda4d96070]
Event: 1.392 Thread 0x00007fbdbc11f1a0 1435       3       com.fasterxml.jackson.databind.introspect.POJOPropertyBuilder$Linked::trimByVisibility (86 bytes)
Event: 1.393 Thread 0x00007fbdbc11f1a0 nmethod 1435 0x00007fbda4d96190 code [0x00007fbda4d963a0, 0x00007fbda4d96820]
Event: 1.393 Thread 0x00007fbdbc11f1a0 1433       3       com.fasterxml.jackson.databind.introspect.POJOPropertyBuilder$Linked::withoutNonVisible (36 bytes)
Event: 1.393 Thread 0x00007fbdbc11f1a0 nmethod 1433 0x00007fbda4d96990 code [0x00007fbda4d96b60, 0x00007fbda4d96db0]
Event: 1.393 Thread 0x00007fbdbc11f1a0 1436       3       com.fasterxml.jackson.databind.cfg.MapperConfig::introspectClassAnnotations (11 bytes)
Event: 1.393 Thread 0x00007fbdbc11f1a0 nmethod 1436 0x00007fbda4d96e90 code [0x00007fbda4d97040, 0x00007fbda4d97320]
Event: 1.393 Thread 0x00007fbdbc11f1a0 1437       3       com.fasterxml.jackson.databind.introspect.BasicClassIntrospector::forClassAnnotations (8 bytes)

GC Heap History (4 events):
Event: 0.574 GC heap before
{Heap before GC invocations=0 (full 0):
 garbage-first heap   total 129024K, used 14328K [0x0000000085800000, 0x0000000100000000)
  region size 1024K, 13 young (13312K), 0 survivors (0K)
 Metaspace       used 5355K, committed 5504K, reserved 1056768K
  class space    used 592K, committed 704K, reserved 1048576K
}
Event: 0.581 GC heap after
{Heap after GC invocations=1 (full 0):
 garbage-first heap   total 129024K, used 3848K [0x0000000085800000, 0x0000000100000000)
  region size 1024K, 2 young (2048K), 2 survivors (2048K)
 Metaspace       used 5355K, committed 5504K, reserved 1056768K
  class space    used 592K, committed 704K, reserved 1048576K
}
Event: 0.812 GC heap before
{Heap before GC invocations=1 (full 0):
 garbage-first heap   total 129024K, used 21256K [0x0000000085800000, 0x0000000100000000)
  region size 1024K, 19 young (19456K), 2 survivors (2048K)
 Metaspace       used 10571K, committed 10752K, reserved 1064960K
  class space    used 1249K, committed 1344K, reserved 1048576K
}
Event: 0.818 GC heap after
{Heap after GC invocations=2 (full 0):
 garbage-first heap   total 129024K, used 5228K [0x0000000085800000, 0x0000000100000000)
  region size 1024K, 2 young (2048K), 2 survivors (2048K)
 Metaspace       used 10571K, committed 10752K, reserved 1064960K
  class space    used 1249K, committed 1344K, reserved 1048576K
}

Deoptimization events (20 events):
Event: 1.039 Thread 0x00007fbdbc024eb0 Uncommon trap: trap_request=0xffffff45 fr.pc=0x00007fbdac0b4fe4 relative=0x0000000000001544
Event: 1.039 Thread 0x00007fbdbc024eb0 Uncommon trap: reason=unstable_if action=reinterpret pc=0x00007fbdac0b4fe4 method=java.util.HashMap.hash(Ljava/lang/Object;)I @ 1 c2
Event: 1.039 Thread 0x00007fbdbc024eb0 DEOPT PACKING pc=0x00007fbdac0b4fe4 sp=0x00007fbdc2ffbce0
Event: 1.039 Thread 0x00007fbdbc024eb0 DEOPT UNPACKING pc=0x00007fbda45f3424 sp=0x00007fbdc2ffbc90 mode 2
Event: 1.157 Thread 0x00007fbdbc024eb0 Uncommon trap: trap_request=0xffffff45 fr.pc=0x00007fbdac0a898c relative=0x000000000000026c
Event: 1.157 Thread 0x00007fbdbc024eb0 Uncommon trap: reason=unstable_if action=reinterpret pc=0x00007fbdac0a898c method=java.util.concurrent.ConcurrentHashMap.get(Ljava/lang/Object;)Ljava/lang/Object; @ 152 c2
Event: 1.157 Thread 0x00007fbdbc024eb0 DEOPT PACKING pc=0x00007fbdac0a898c sp=0x00007fbdc2ffc530
Event: 1.157 Thread 0x00007fbdbc024eb0 DEOPT UNPACKING pc=0x00007fbda45f3424 sp=0x00007fbdc2ffc4c8 mode 2
Event: 1.237 Thread 0x00007fbdbc024eb0 Uncommon trap: trap_request=0xffffff45 fr.pc=0x00007fbdac0ac968 relative=0x0000000000000528
Event: 1.237 Thread 0x00007fbdbc024eb0 Uncommon trap: reason=unstable_if action=reinterpret pc=0x00007fbdac0ac968 method=java.lang.StringLatin1.replace([BCC)Ljava/lang/String; @ 19 c2
Event: 1.237 Thread 0x00007fbdbc024eb0 DEOPT PACKING pc=0x00007fbdac0ac968 sp=0x00007fbdc2ffca80
Event: 1.237 Thread 0x00007fbdbc024eb0 DEOPT UNPACKING pc=0x00007fbda45f3424 sp=0x00007fbdc2ffc9c0 mode 2
Event: 1.237 Thread 0x00007fbdbc024eb0 Uncommon trap: trap_request=0xffffff45 fr.pc=0x00007fbdac097fa8 relative=0x0000000000000468
Event: 1.237 Thread 0x00007fbdbc024eb0 Uncommon trap: reason=unstable_if action=reinterpret pc=0x00007fbdac097fa8 method=java.lang.StringLatin1.replace([BCC)Ljava/lang/String; @ 19 c2
Event: 1.237 Thread 0x00007fbdbc024eb0 DEOPT PACKING pc=0x00007fbdac097fa8 sp=0x00007fbdc2ffca80
Event: 1.237 Thread 0x00007fbdbc024eb0 DEOPT UNPACKING pc=0x00007fbda45f3424 sp=0x00007fbdc2ffca28 mode 2
Event: 1.322 Thread 0x00007fbdbc024eb0 Uncommon trap: trap_request=0xffffff45 fr.pc=0x00007fbdac1012a4 relative=0x0000000000000824
Event: 1.322 Thread 0x00007fbdbc024eb0 Uncommon trap: reason=unstable_if action=reinterpret pc=0x00007fbdac1012a4 method=java.io.BufferedInputStream.read([BII)I @ 56 c2
Event: 1.322 Thread 0x00007fbdbc024eb0 DEOPT PACKING pc=0x00007fbdac1012a4 sp=0x00007fbdc2ffcb90
Event: 1.322 Thread 0x00007fbdbc024eb0 DEOPT UNPACKING pc=0x00007fbda45f3424 sp=0x00007fbdc2ffcb48 mode 2

Classes unloaded (0 events):
No events

Classes redefined (0 events):
No events

Internal exceptions (20 events):
Event: 0.167 Thread 0x00007fbdbc19f130 Exception <a 'java/lang/NoSuchMethodError'{0x000000008d24cf80}: 'java.lang.Object java.lang.invoke.DirectMethodHandle$Holder.invokeStaticInit(java.lang.Object)'> (0x000000008d24cf80) 
thrown [./src/hotspot/share/interpreter/linkResolver.cpp, line 790]
Event: 0.175 Thread 0x00007fbdbc19f130 Exception <a 'java/lang/NoSuchMethodError'{0x000000008d25b580}: 'void java.lang.invoke.DirectMethodHandle$Holder.invokeStatic(java.lang.Object, java.lang.Object)'> (0x000000008d25b580) 
thrown [./src/hotspot/share/interpreter/linkResolver.cpp, line 790]
Event: 0.200 Thread 0x00007fbdbc024eb0 Exception <a 'java/io/FileNotFoundException'{0x000000008d1c8c80}> (0x000000008d1c8c80) 
thrown [./src/hotspot/share/prims/jni.cpp, line 579]
Event: 0.292 Thread 0x00007fbdbc024eb0 Exception <a 'java/lang/NoSuchMethodError'{0x000000008cf44578}: 'java.lang.Object java.lang.invoke.DirectMethodHandle$Holder.invokeInterface(java.lang.Object, java.lang.Object)'> (0x000000008cf44578) 
thrown [./src/hotspot/share/interpreter/linkResolver.cpp, line 790]
Event: 0.292 Thread 0x00007fbdbc024eb0 Exception <a 'java/lang/IncompatibleClassChangeError'{0x000000008cf47f70}: Found class java.lang.Object, but interface was expected> (0x000000008cf47f70) 
thrown [./src/hotspot/share/interpreter/linkResolver.cpp, line 857]
Event: 0.392 Thread 0x00007fbdbc024eb0 Exception <a 'java/lang/NoSuchMethodError'{0x000000008ced71d8}: 'void java.lang.invoke.DirectMethodHandle$Holder.invokeSpecial(java.lang.Object, java.lang.Object, java.lang.Object)'> (0x000000008ced71d8) 
thrown [./src/hotspot/share/interpreter/linkResolver.cpp, line 790]
Event: 0.460 Thread 0x00007fbdbc024eb0 Exception <a 'java/lang/NoClassDefFoundError'{0x000000008cb0cc78}: org/slf4j/LoggerFactory> (0x000000008cb0cc78) 
thrown [./src/hotspot/share/classfile/systemDictionary.cpp, line 245]
Event: 0.461 Thread 0x00007fbdbc024eb0 Exception <a 'java/lang/NoClassDefFoundError'{0x000000008cb16fd8}: org/apache/logging/log4j/spi/ExtendedLoggerWrapper> (0x000000008cb16fd8) 
thrown [./src/hotspot/share/classfile/systemDictionary.cpp, line 245]
Event: 0.463 Thread 0x00007fbdbc024eb0 Exception <a 'java/lang/NoClassDefFoundError'{0x000000008cb21f58}: org/apache/log4j/Priority> (0x000000008cb21f58) 
thrown [./src/hotspot/share/classfile/systemDictionary.cpp, line 245]
Event: 0.481 Thread 0x00007fbdbc024eb0 Exception <a 'java/lang/NoSuchMethodError'{0x000000008cb9dc80}: 'java.lang.Object java.lang.invoke.DirectMethodHandle$Holder.invokeStaticInit(java.lang.Object, java.lang.Object, java.lang.Object)'> (0x000000008cb9dc80) 
thrown [./src/hotspot/share/interpreter/linkResolver.cpp, line 790]
Event: 0.485 Thread 0x00007fbdbc024eb0 Exception <a 'java/lang/NoSuchMethodError'{0x000000008cbc2720}: 'int java.lang.invoke.DirectMethodHandle$Holder.invokeSpecial(java.lang.Object, java.lang.Object, java.lang.Object)'> (0x000000008cbc2720) 
thrown [./src/hotspot/share/interpreter/linkResolver.cpp, line 790]
Event: 0.509 Thread 0x00007fbdbc024eb0 Exception <a 'java/lang/UnsatisfiedLinkError'{0x000000008c904340}: 'int io.grpc.netty.shaded.io.netty.channel.epoll.Native.offsetofEpollData()'> (0x000000008c904340) 
thrown [./src/hotspot/share/prims/nativeLookup.cpp, line 541]
Event: 0.511 Thread 0x00007fbdbc024eb0 Exception <a 'java/lang/reflect/InvocationTargetException'{0x000000008c918638}> (0x000000008c918638) 
thrown [./src/hotspot/share/runtime/reflection.cpp, line 1157]
Event: 1.039 Thread 0x00007fbdbc024eb0 Implicit null exception at 0x00007fbdac0b3ae0 to 0x00007fbdac0b4fcd
Event: 1.049 Thread 0x00007fbdbc024eb0 Exception <a 'java/lang/NoSuchMethodError'{0x000000008c1c2670}: 'long java.lang.invoke.DirectMethodHandle$Holder.invokeSpecial(java.lang.Object, java.lang.Object)'> (0x000000008c1c2670) 
thrown [./src/hotspot/share/interpreter/linkResolver.cpp, line 790]
Event: 1.050 Thread 0x00007fbdbc024eb0 Exception <a 'java/lang/NoSuchMethodError'{0x000000008c1cdb10}: 'long java.lang.invoke.DirectMethodHandle$Holder.invokeStatic(java.lang.Object, java.lang.Object)'> (0x000000008c1cdb10) 
thrown [./src/hotspot/share/interpreter/linkResolver.cpp, line 790]
Event: 1.051 Thread 0x00007fbdbc024eb0 Exception <a 'java/lang/NoSuchMethodError'{0x000000008c1d12f0}: 'long java.lang.invoke.DirectMethodHandle$Holder.invokeStaticInit(java.lang.Object, java.lang.Object)'> (0x000000008c1d12f0) 
thrown [./src/hotspot/share/interpreter/linkResolver.cpp, line 790]
Event: 1.052 Thread 0x00007fbdbc024eb0 Exception <a 'java/lang/NoSuchMethodError'{0x000000008c1df1e0}: 'long java.lang.invoke.DirectMethodHandle$Holder.invokeInterface(java.lang.Object, java.lang.Object)'> (0x000000008c1df1e0) 
thrown [./src/hotspot/share/interpreter/linkResolver.cpp, line 790]
Event: 1.053 Thread 0x00007fbdbc024eb0 Exception <a 'java/lang/IncompatibleClassChangeError'{0x000000008c1e2940}: Found class java.lang.Object, but interface was expected> (0x000000008c1e2940) 
thrown [./src/hotspot/share/interpreter/linkResolver.cpp, line 857]
Event: 1.085 Thread 0x00007fbdbc024eb0 Exception <a 'java/lang/NoSuchMethodError'{0x000000008bded680}: 'java.lang.Object java.lang.invoke.DirectMethodHandle$Holder.newInvokeSpecial(java.lang.Object, java.lang.Object, java.lang.Object, java.lang.Object, java.lang.Object)'> (0x000000008bded680) 
thrown [./src/hotspot/share/interpreter/linkResolver.cpp, line 790]

Events (20 events):
Event: 1.307 loading class sun/util/resources/TimeZoneNamesBundle
Event: 1.307 loading class sun/util/resources/OpenListResourceBundle
Event: 1.307 loading class sun/util/resources/OpenListResourceBundle done
Event: 1.307 loading class sun/util/resources/TimeZoneNamesBundle done
Event: 1.307 loading class sun/util/resources/cldr/TimeZoneNames done
Event: 1.307 loading class sun/util/resources/cldr/TimeZoneNames_en
Event: 1.308 loading class sun/util/resources/cldr/TimeZoneNames_en done
Event: 1.308 loading class sun/util/resources/cldr/TimeZoneNames_en_US
Event: 1.308 loading class sun/util/resources/cldr/TimeZoneNames_en_US done
Event: 1.309 loading class sun/util/cldr/CLDRBaseLocaleDataMetaInfo$TZCanonicalIDMapHolder
Event: 1.309 loading class sun/util/cldr/CLDRBaseLocaleDataMetaInfo$TZCanonicalIDMapHolder done
Event: 1.310 loading class sun/util/resources/TimeZoneNames
Event: 1.311 loading class sun/util/resources/TimeZoneNames done
Event: 1.311 loading class sun/util/resources/TimeZoneNames_en
Event: 1.311 loading class sun/util/resources/TimeZoneNames_en done
Event: 1.350 Loaded shared library /tmp/c3973f0285f95749686678465365546libcrypto_jni.so.so
Event: 1.386 loading class java/util/stream/LongStream
Event: 1.386 loading class java/util/stream/LongStream done
Event: 1.386 loading class java/util/stream/DoubleStream
Event: 1.386 loading class java/util/stream/DoubleStream done


Dynamic libraries:
85800000-8d400000 rw-p 00000000 00:00 0 
8d400000-ffe00000 ---p 00000000 00:00 0 
ffe00000-ffe76000 rw-p 00cb8000 103:02 658613                            /home/tanmay/.jdks/corretto-16.0.2/lib/server/classes.jsa
ffe76000-fff00000 rw-p 00000000 00:00 0 
fff00000-fff88000 rw-p 00c30000 103:02 658613                            /home/tanmay/.jdks/corretto-16.0.2/lib/server/classes.jsa
fff88000-100000000 rw-p 00000000 00:00 0 
800000000-800003000 rwxp 00001000 103:02 658613                          /home/tanmay/.jdks/corretto-16.0.2/lib/server/classes.jsa
800003000-80043c000 rw-p 00004000 103:02 658613                          /home/tanmay/.jdks/corretto-16.0.2/lib/server/classes.jsa
80043c000-800bf7000 r--p 0043d000 103:02 658613                          /home/tanmay/.jdks/corretto-16.0.2/lib/server/classes.jsa
800bf7000-800c00000 ---p 00000000 00:00 0 
800c00000-800c40000 rw-p 00000000 00:00 0 
800c40000-800cc0000 rw-p 00000000 00:00 0 
800cc0000-800cf0000 rw-p 00000000 00:00 0 
800cf0000-800d00000 ---p 00000000 00:00 0 
800d00000-800e30000 rw-p 00000000 00:00 0 
800e30000-840c00000 ---p 00000000 00:00 0 
560411600000-560411601000 r-xp 00000000 103:02 658681                    /home/tanmay/.jdks/corretto-16.0.2/bin/java
560411801000-560411802000 r--p 00001000 103:02 658681                    /home/tanmay/.jdks/corretto-16.0.2/bin/java
560411802000-560411803000 rw-p 00002000 103:02 658681                    /home/tanmay/.jdks/corretto-16.0.2/bin/java
560412da8000-560412dc9000 rw-p 00000000 00:00 0                          [heap]
7fbd24000000-7fbd2402f000 rw-p 00000000 00:00 0 
7fbd2402f000-7fbd28000000 ---p 00000000 00:00 0 
7fbd2c000000-7fbd2c021000 rw-p 00000000 00:00 0 
7fbd2c021000-7fbd30000000 ---p 00000000 00:00 0 
7fbd30000000-7fbd30021000 rw-p 00000000 00:00 0 
7fbd30021000-7fbd34000000 ---p 00000000 00:00 0 
7fbd34000000-7fbd34021000 rw-p 00000000 00:00 0 
7fbd34021000-7fbd38000000 ---p 00000000 00:00 0 
7fbd38000000-7fbd38036000 rw-p 00000000 00:00 0 
7fbd38036000-7fbd3c000000 ---p 00000000 00:00 0 
7fbd3c000000-7fbd3c021000 rw-p 00000000 00:00 0 
7fbd3c021000-7fbd40000000 ---p 00000000 00:00 0 
7fbd40000000-7fbd400b8000 rw-p 00000000 00:00 0 
7fbd400b8000-7fbd44000000 ---p 00000000 00:00 0 
7fbd44000000-7fbd44021000 rw-p 00000000 00:00 0 
7fbd44021000-7fbd48000000 ---p 00000000 00:00 0 
7fbd48000000-7fbd48021000 rw-p 00000000 00:00 0 
7fbd48021000-7fbd4c000000 ---p 00000000 00:00 0 
7fbd4c000000-7fbd4c2a0000 rw-p 00000000 00:00 0 
7fbd4c2a0000-7fbd50000000 ---p 00000000 00:00 0 
7fbd516db000-7fbd51c34000 rw-p 00000000 00:00 0 
7fbd51c34000-7fbd51c7c000 r--p 00000000 103:02 1836066                   /tmp/c3973f0285f95749686678465365546libcrypto_jni.so.so
7fbd51c7c000-7fbd51f8c000 r-xp 00048000 103:02 1836066                   /tmp/c3973f0285f95749686678465365546libcrypto_jni.so.so
7fbd51f8c000-7fbd523db000 r--p 00358000 103:02 1836066                   /tmp/c3973f0285f95749686678465365546libcrypto_jni.so.so
7fbd523db000-7fbd523fd000 r--p 007a6000 103:02 1836066                   /tmp/c3973f0285f95749686678465365546libcrypto_jni.so.so
7fbd523fd000-7fbd523fe000 rw-p 007c8000 103:02 1836066                   /tmp/c3973f0285f95749686678465365546libcrypto_jni.so.so
7fbd523fe000-7fbd52fd0000 rw-p 00000000 00:00 0 
7fbd52fd0000-7fbd53000000 ---p 00000000 00:00 0 
7fbd53000000-7fbd5300f000 r-xp 00000000 103:02 1836063                   /tmp/libio_grpc_netty_shaded_netty_transport_native_epoll_x86_641541599530698610160.so (deleted)
7fbd5300f000-7fbd5320e000 ---p 0000f000 103:02 1836063                   /tmp/libio_grpc_netty_shaded_netty_transport_native_epoll_x86_641541599530698610160.so (deleted)
7fbd5320e000-7fbd53210000 rw-p 0000e000 103:02 1836063                   /tmp/libio_grpc_netty_shaded_netty_transport_native_epoll_x86_641541599530698610160.so (deleted)
7fbd53300000-7fbd53304000 ---p 00000000 00:00 0 
7fbd53304000-7fbd53400000 rw-p 00000000 00:00 0 
7fbd53400000-7fbd53406000 r-xp 00000000 103:02 139446                    /home/tanmay/.jdks/corretto-16.0.2/lib/libmanagement_ext.so
7fbd53406000-7fbd53605000 ---p 00006000 103:02 139446                    /home/tanmay/.jdks/corretto-16.0.2/lib/libmanagement_ext.so
7fbd53605000-7fbd53606000 r--p 00005000 103:02 139446                    /home/tanmay/.jdks/corretto-16.0.2/lib/libmanagement_ext.so
7fbd53606000-7fbd53607000 rw-p 00000000 00:00 0 
7fbd53700000-7fbd53704000 ---p 00000000 00:00 0 
7fbd53704000-7fbd53800000 rw-p 00000000 00:00 0 
7fbd53800000-7fbd53804000 r-xp 00000000 103:02 139435                    /home/tanmay/.jdks/corretto-16.0.2/lib/libmanagement.so
7fbd53804000-7fbd53a03000 ---p 00004000 103:02 139435                    /home/tanmay/.jdks/corretto-16.0.2/lib/libmanagement.so
7fbd53a03000-7fbd53a04000 r--p 00003000 103:02 139435                    /home/tanmay/.jdks/corretto-16.0.2/lib/libmanagement.so
7fbd53a04000-7fbd53a05000 rw-p 00000000 00:00 0 
7fbd53afe000-7fbd53aff000 ---p 00000000 00:00 0 
7fbd53aff000-7fbd53c00000 rw-p 00000000 00:00 0 
7fbd53c00000-7fbd53c10000 r-xp 00000000 103:02 139409                    /home/tanmay/.jdks/corretto-16.0.2/lib/libverify.so
7fbd53c10000-7fbd53e10000 ---p 00010000 103:02 139409                    /home/tanmay/.jdks/corretto-16.0.2/lib/libverify.so
7fbd53e10000-7fbd53e12000 r--p 00010000 103:02 139409                    /home/tanmay/.jdks/corretto-16.0.2/lib/libverify.so
7fbd53e12000-7fbd53e13000 rw-p 00000000 00:00 0 
7fbd53f00000-7fbd53f04000 ---p 00000000 00:00 0 
7fbd53f04000-7fbd54000000 rw-p 00000000 00:00 0 
7fbd54000000-7fbd54021000 rw-p 00000000 00:00 0 
7fbd54021000-7fbd58000000 ---p 00000000 00:00 0 
7fbd58000000-7fbd58021000 rw-p 00000000 00:00 0 
7fbd58021000-7fbd5c000000 ---p 00000000 00:00 0 
7fbd5c000000-7fbd5c021000 rw-p 00000000 00:00 0 
7fbd5c021000-7fbd60000000 ---p 00000000 00:00 0 
7fbd60000000-7fbd60021000 rw-p 00000000 00:00 0 
7fbd60021000-7fbd64000000 ---p 00000000 00:00 0 
7fbd64000000-7fbd643bb000 rw-p 00000000 00:00 0 
7fbd643bb000-7fbd68000000 ---p 00000000 00:00 0 
7fbd68000000-7fbd68021000 rw-p 00000000 00:00 0 
7fbd68021000-7fbd6c000000 ---p 00000000 00:00 0 
7fbd6c000000-7fbd6c021000 rw-p 00000000 00:00 0 
7fbd6c021000-7fbd70000000 ---p 00000000 00:00 0 
7fbd70000000-7fbd7060f000 rw-p 00000000 00:00 0 
7fbd7060f000-7fbd74000000 ---p 00000000 00:00 0 
7fbd74000000-7fbd74021000 rw-p 00000000 00:00 0 
7fbd74021000-7fbd78000000 ---p 00000000 00:00 0 
7fbd78000000-7fbd78021000 rw-p 00000000 00:00 0 
7fbd78021000-7fbd7c000000 ---p 00000000 00:00 0 
7fbd7c000000-7fbd7c021000 rw-p 00000000 00:00 0 
7fbd7c021000-7fbd80000000 ---p 00000000 00:00 0 
7fbd80000000-7fbd80021000 rw-p 00000000 00:00 0 
7fbd80021000-7fbd84000000 ---p 00000000 00:00 0 
7fbd84000000-7fbd84021000 rw-p 00000000 00:00 0 
7fbd84021000-7fbd88000000 ---p 00000000 00:00 0 
7fbd88000000-7fbd88021000 rw-p 00000000 00:00 0 
7fbd88021000-7fbd8c000000 ---p 00000000 00:00 0 
7fbd8c000000-7fbd8c021000 rw-p 00000000 00:00 0 
7fbd8c021000-7fbd90000000 ---p 00000000 00:00 0 
7fbd90000000-7fbd90004000 ---p 00000000 00:00 0 
7fbd90004000-7fbd90100000 rw-p 00000000 00:00 0 
7fbd90100000-7fbd90104000 ---p 00000000 00:00 0 
7fbd90104000-7fbd90200000 rw-p 00000000 00:00 0 
7fbd90200000-7fbd90202000 r-xp 00000000 103:02 139448                    /home/tanmay/.jdks/corretto-16.0.2/lib/libextnet.so
7fbd90202000-7fbd90401000 ---p 00002000 103:02 139448                    /home/tanmay/.jdks/corretto-16.0.2/lib/libextnet.so
7fbd90401000-7fbd90402000 r--p 00001000 103:02 139448                    /home/tanmay/.jdks/corretto-16.0.2/lib/libextnet.so
7fbd90402000-7fbd90403000 rw-p 00000000 00:00 0 
7fbd90500000-7fbd90504000 ---p 00000000 00:00 0 
7fbd90504000-7fbd90600000 rw-p 00000000 00:00 0 
7fbd90600000-7fbd90614000 r-xp 00000000 103:02 139415                    /home/tanmay/.jdks/corretto-16.0.2/lib/libnet.so
7fbd90614000-7fbd90814000 ---p 00014000 103:02 139415                    /home/tanmay/.jdks/corretto-16.0.2/lib/libnet.so
7fbd90814000-7fbd90815000 r--p 00014000 103:02 139415                    /home/tanmay/.jdks/corretto-16.0.2/lib/libnet.so
7fbd90815000-7fbd90816000 rw-p 00015000 103:02 139415                    /home/tanmay/.jdks/corretto-16.0.2/lib/libnet.so
7fbd908fe000-7fbd908ff000 ---p 00000000 00:00 0 
7fbd908ff000-7fbd90a00000 rw-p 00000000 00:00 0 
7fbd90a00000-7fbd90a12000 r-xp 00000000 103:02 139416                    /home/tanmay/.jdks/corretto-16.0.2/lib/libnio.so
7fbd90a12000-7fbd90c11000 ---p 00012000 103:02 139416                    /home/tanmay/.jdks/corretto-16.0.2/lib/libnio.so
7fbd90c11000-7fbd90c12000 r--p 00011000 103:02 139416                    /home/tanmay/.jdks/corretto-16.0.2/lib/libnio.so
7fbd90c12000-7fbd90c13000 rw-p 00012000 103:02 139416                    /home/tanmay/.jdks/corretto-16.0.2/lib/libnio.so
7fbd90cfe000-7fbd90cff000 ---p 00000000 00:00 0 
7fbd90cff000-7fbd90e00000 rw-p 00000000 00:00 0 
7fbd90e00000-7fbd90e1a000 r-xp 00000000 103:02 139413                    /home/tanmay/.jdks/corretto-16.0.2/lib/libzip.so
7fbd90e1a000-7fbd91019000 ---p 0001a000 103:02 139413                    /home/tanmay/.jdks/corretto-16.0.2/lib/libzip.so
7fbd91019000-7fbd9101a000 r--p 00019000 103:02 139413                    /home/tanmay/.jdks/corretto-16.0.2/lib/libzip.so
7fbd9101a000-7fbd9101b000 rw-p 00000000 00:00 0 
7fbd91119000-7fbd9111d000 ---p 00000000 00:00 0 
7fbd9111d000-7fbd91219000 rw-p 00000000 00:00 0 
7fbd91219000-7fbd92000000 r--p 00000000 103:02 1185121                   /usr/lib/locale/locale-archive
7fbd92000000-7fbd94000000 rw-p 00000000 00:00 0 
7fbd94000000-7fbd94021000 rw-p 00000000 00:00 0 
7fbd94021000-7fbd98000000 ---p 00000000 00:00 0 
7fbd98000000-7fbd98021000 rw-p 00000000 00:00 0 
7fbd98021000-7fbd9c000000 ---p 00000000 00:00 0 
7fbd9c000000-7fbd9c021000 rw-p 00000000 00:00 0 
7fbd9c021000-7fbda0000000 ---p 00000000 00:00 0 
7fbda0064000-7fbda0065000 ---p 00000000 00:00 0 
7fbda0065000-7fbda0166000 rw-p 00000000 00:00 0 
7fbda0166000-7fbda016a000 ---p 00000000 00:00 0 
7fbda016a000-7fbda0266000 rw-p 00000000 00:00 0 
7fbda0266000-7fbda026a000 ---p 00000000 00:00 0 
7fbda026a000-7fbda0366000 rw-p 00000000 00:00 0 
7fbda0366000-7fbda036a000 ---p 00000000 00:00 0 
7fbda036a000-7fbda0466000 rw-p 00000000 00:00 0 
7fbda0466000-7fbda046a000 ---p 00000000 00:00 0 
7fbda046a000-7fbda0566000 rw-p 00000000 00:00 0 
7fbda0566000-7fbda056a000 ---p 00000000 00:00 0 
7fbda056a000-7fbda0666000 rw-p 00000000 00:00 0 
7fbda0666000-7fbda066a000 ---p 00000000 00:00 0 
7fbda066a000-7fbda0766000 rw-p 00000000 00:00 0 
7fbda0766000-7fbda076a000 ---p 00000000 00:00 0 
7fbda076a000-7fbda0a56000 rw-p 00000000 00:00 0 
7fbda0a56000-7fbda26fe000 ---p 00000000 00:00 0 
7fbda26fe000-7fbda28f6000 rw-p 00000000 00:00 0 
7fbda28f6000-7fbda459e000 ---p 00000000 00:00 0 
7fbda459e000-7fbda45a6000 rw-p 00000000 00:00 0 
7fbda45a6000-7fbda4816000 rwxp 00000000 00:00 0 
7fbda4816000-7fbda4b37000 ---p 00000000 00:00 0 
7fbda4b37000-7fbda4da7000 rwxp 00000000 00:00 0 
7fbda4da7000-7fbdac06e000 ---p 00000000 00:00 0 
7fbdac06e000-7fbdac2de000 rwxp 00000000 00:00 0 
7fbdac2de000-7fbdb35a6000 ---p 00000000 00:00 0 
7fbdb35a6000-7fbdbc000000 r--s 00000000 103:02 139405                    /home/tanmay/.jdks/corretto-16.0.2/lib/modules
7fbdbc000000-7fbdbc84a000 rw-p 00000000 00:00 0 
7fbdbc84a000-7fbdc0000000 ---p 00000000 00:00 0 
7fbdc0000000-7fbdc0004000 ---p 00000000 00:00 0 
7fbdc0004000-7fbdc0100000 rw-p 00000000 00:00 0 
7fbdc0100000-7fbdc0104000 ---p 00000000 00:00 0 
7fbdc0104000-7fbdc0200000 rw-p 00000000 00:00 0 
7fbdc0200000-7fbdc0204000 ---p 00000000 00:00 0 
7fbdc0204000-7fbdc0300000 rw-p 00000000 00:00 0 
7fbdc0300000-7fbdc0304000 ---p 00000000 00:00 0 
7fbdc0304000-7fbdc07f0000 rw-p 00000000 00:00 0 
7fbdc07f0000-7fbdc0800000 ---p 00000000 00:00 0 
7fbdc0800000-7fbdc0c00000 rw-p 00000000 00:00 0 
7fbdc0c72000-7fbdc0c73000 ---p 00000000 00:00 0 
7fbdc0c73000-7fbdc0d74000 rw-p 00000000 00:00 0 
7fbdc0d74000-7fbdc0d75000 ---p 00000000 00:00 0 
7fbdc0d75000-7fbdc0e76000 rw-p 00000000 00:00 0 
7fbdc0e76000-7fbdc0e77000 ---p 00000000 00:00 0 
7fbdc0e77000-7fbdc137c000 rw-p 00000000 00:00 0 
7fbdc137c000-7fbdc137d000 ---p 00000000 00:00 0 
7fbdc137d000-7fbdc147e000 rw-p 00000000 00:00 0 
7fbdc147e000-7fbdc147f000 ---p 00000000 00:00 0 
7fbdc147f000-7fbdc1580000 rw-p 00000000 00:00 0 
7fbdc1580000-7fbdc1581000 ---p 00000000 00:00 0 
7fbdc1581000-7fbdc16c0000 rw-p 00000000 00:00 0 
7fbdc16c0000-7fbdc1a55000 ---p 00000000 00:00 0 
7fbdc1a55000-7fbdc1a94000 rw-p 00000000 00:00 0 
7fbdc1a94000-7fbdc1e29000 ---p 00000000 00:00 0 
7fbdc1e29000-7fbdc1e68000 rw-p 00000000 00:00 0 
7fbdc1e68000-7fbdc21fd000 ---p 00000000 00:00 0 
7fbdc21fd000-7fbdc2400000 rw-p 00000000 00:00 0 
7fbdc2400000-7fbdc2424000 r-xp 00000000 103:02 139412                    /home/tanmay/.jdks/corretto-16.0.2/lib/libjava.so
7fbdc2424000-7fbdc2624000 ---p 00024000 103:02 139412                    /home/tanmay/.jdks/corretto-16.0.2/lib/libjava.so
7fbdc2624000-7fbdc2625000 r--p 00024000 103:02 139412                    /home/tanmay/.jdks/corretto-16.0.2/lib/libjava.so
7fbdc2625000-7fbdc2626000 rw-p 00025000 103:02 139412                    /home/tanmay/.jdks/corretto-16.0.2/lib/libjava.so
7fbdc2626000-7fbdc2627000 rw-p 00000000 00:00 0 
7fbdc26ce000-7fbdc26d1000 r--p 00000000 103:02 1186619                   /usr/lib/x86_64-linux-gnu/libgcc_s.so.1
7fbdc26d1000-7fbdc26e8000 r-xp 00003000 103:02 1186619                   /usr/lib/x86_64-linux-gnu/libgcc_s.so.1
7fbdc26e8000-7fbdc26ec000 r--p 0001a000 103:02 1186619                   /usr/lib/x86_64-linux-gnu/libgcc_s.so.1
7fbdc26ec000-7fbdc26ed000 r--p 0001d000 103:02 1186619                   /usr/lib/x86_64-linux-gnu/libgcc_s.so.1
7fbdc26ed000-7fbdc26ee000 rw-p 0001e000 103:02 1186619                   /usr/lib/x86_64-linux-gnu/libgcc_s.so.1
7fbdc26ff000-7fbdc2800000 rw-p 00000000 00:00 0 
7fbdc2800000-7fbdc280a000 r-xp 00000000 103:02 139434                    /home/tanmay/.jdks/corretto-16.0.2/lib/libinstrument.so
7fbdc280a000-7fbdc2a09000 ---p 0000a000 103:02 139434                    /home/tanmay/.jdks/corretto-16.0.2/lib/libinstrument.so
7fbdc2a09000-7fbdc2a0a000 r--p 00009000 103:02 139434                    /home/tanmay/.jdks/corretto-16.0.2/lib/libinstrument.so
7fbdc2a0a000-7fbdc2a0b000 rw-p 0000a000 103:02 139434                    /home/tanmay/.jdks/corretto-16.0.2/lib/libinstrument.so
7fbdc2a14000-7fbdc2b1a000 rw-p 00000000 00:00 0 
7fbdc2b1a000-7fbdc2c00000 ---p 00000000 00:00 0 
7fbdc2c00000-7fbdc2c1b000 r-xp 00000000 103:02 139414                    /home/tanmay/.jdks/corretto-16.0.2/lib/libjimage.so
7fbdc2c1b000-7fbdc2e1a000 ---p 0001b000 103:02 139414                    /home/tanmay/.jdks/corretto-16.0.2/lib/libjimage.so
7fbdc2e1a000-7fbdc2e1c000 r--p 0001a000 103:02 139414                    /home/tanmay/.jdks/corretto-16.0.2/lib/libjimage.so
7fbdc2e1c000-7fbdc2e1d000 rw-p 0001c000 103:02 139414                    /home/tanmay/.jdks/corretto-16.0.2/lib/libjimage.so
7fbdc2e24000-7fbdc2f00000 rw-p 00000000 00:00 0 
7fbdc2f00000-7fbdc2f04000 ---p 00000000 00:00 0 
7fbdc2f04000-7fbdc3000000 rw-p 00000000 00:00 0 
7fbdc3000000-7fbdc42bc000 r-xp 00000000 103:02 658608                    /home/tanmay/.jdks/corretto-16.0.2/lib/server/libjvm.so
7fbdc42bc000-7fbdc44bb000 ---p 012bc000 103:02 658608                    /home/tanmay/.jdks/corretto-16.0.2/lib/server/libjvm.so
7fbdc44bb000-7fbdc4570000 r--p 012bb000 103:02 658608                    /home/tanmay/.jdks/corretto-16.0.2/lib/server/libjvm.so
7fbdc4570000-7fbdc45a4000 rw-p 01370000 103:02 658608                    /home/tanmay/.jdks/corretto-16.0.2/lib/server/libjvm.so
7fbdc45a4000-7fbdc45ff000 rw-p 00000000 00:00 0 
7fbdc4606000-7fbdc460b000 rw-p 00000000 00:00 0 
7fbdc460b000-7fbdc46f1000 ---p 00000000 00:00 0 
7fbdc46f1000-7fbdc46ff000 r--p 00000000 103:02 1186879                   /usr/lib/x86_64-linux-gnu/libm.so.6
7fbdc46ff000-7fbdc477b000 r-xp 0000e000 103:02 1186879                   /usr/lib/x86_64-linux-gnu/libm.so.6
7fbdc477b000-7fbdc47d6000 r--p 0008a000 103:02 1186879                   /usr/lib/x86_64-linux-gnu/libm.so.6
7fbdc47d6000-7fbdc47d7000 r--p 000e4000 103:02 1186879                   /usr/lib/x86_64-linux-gnu/libm.so.6
7fbdc47d7000-7fbdc47d8000 rw-p 000e5000 103:02 1186879                   /usr/lib/x86_64-linux-gnu/libm.so.6
7fbdc47d8000-7fbdc4800000 r--p 00000000 103:02 1186228                   /usr/lib/x86_64-linux-gnu/libc.so.6
7fbdc4800000-7fbdc4995000 r-xp 00028000 103:02 1186228                   /usr/lib/x86_64-linux-gnu/libc.so.6
7fbdc4995000-7fbdc49ed000 r--p 001bd000 103:02 1186228                   /usr/lib/x86_64-linux-gnu/libc.so.6
7fbdc49ed000-7fbdc49f1000 r--p 00214000 103:02 1186228                   /usr/lib/x86_64-linux-gnu/libc.so.6
7fbdc49f1000-7fbdc49f3000 rw-p 00218000 103:02 1186228                   /usr/lib/x86_64-linux-gnu/libc.so.6
7fbdc49f3000-7fbdc4a00000 rw-p 00000000 00:00 0 
7fbdc4a00000-7fbdc4a19000 r-xp 00000000 103:02 139410                    /home/tanmay/.jdks/corretto-16.0.2/lib/libjli.so
7fbdc4a19000-7fbdc4c18000 ---p 00019000 103:02 139410                    /home/tanmay/.jdks/corretto-16.0.2/lib/libjli.so
7fbdc4c18000-7fbdc4c19000 r--p 00018000 103:02 139410                    /home/tanmay/.jdks/corretto-16.0.2/lib/libjli.so
7fbdc4c19000-7fbdc4c1a000 rw-p 00019000 103:02 139410                    /home/tanmay/.jdks/corretto-16.0.2/lib/libjli.so
7fbdc4c2a000-7fbdc4cb2000 rw-p 00000000 00:00 0 
7fbdc4cb2000-7fbdc4cb9000 ---p 00000000 00:00 0 
7fbdc4cb9000-7fbdc4cba000 r--p 00000000 103:02 1187204                   /usr/lib/x86_64-linux-gnu/librt.so.1
7fbdc4cba000-7fbdc4cbb000 r-xp 00001000 103:02 1187204                   /usr/lib/x86_64-linux-gnu/librt.so.1
7fbdc4cbb000-7fbdc4cbc000 r--p 00002000 103:02 1187204                   /usr/lib/x86_64-linux-gnu/librt.so.1
7fbdc4cbc000-7fbdc4cbd000 r--p 00002000 103:02 1187204                   /usr/lib/x86_64-linux-gnu/librt.so.1
7fbdc4cbd000-7fbdc4cbe000 rw-p 00003000 103:02 1187204                   /usr/lib/x86_64-linux-gnu/librt.so.1
7fbdc4cbe000-7fbdc4cc0000 rw-p 00000000 00:00 0 
7fbdc4cc0000-7fbdc4cc1000 r--p 00000000 103:02 1186370                   /usr/lib/x86_64-linux-gnu/libdl.so.2
7fbdc4cc1000-7fbdc4cc2000 r-xp 00001000 103:02 1186370                   /usr/lib/x86_64-linux-gnu/libdl.so.2
7fbdc4cc2000-7fbdc4cc3000 r--p 00002000 103:02 1186370                   /usr/lib/x86_64-linux-gnu/libdl.so.2
7fbdc4cc3000-7fbdc4cc4000 r--p 00002000 103:02 1186370                   /usr/lib/x86_64-linux-gnu/libdl.so.2
7fbdc4cc4000-7fbdc4cc5000 rw-p 00003000 103:02 1186370                   /usr/lib/x86_64-linux-gnu/libdl.so.2
7fbdc4cc5000-7fbdc4cc6000 r--p 00000000 103:02 1187148                   /usr/lib/x86_64-linux-gnu/libpthread.so.0
7fbdc4cc6000-7fbdc4cc7000 r-xp 00001000 103:02 1187148                   /usr/lib/x86_64-linux-gnu/libpthread.so.0
7fbdc4cc7000-7fbdc4cc8000 r--p 00002000 103:02 1187148                   /usr/lib/x86_64-linux-gnu/libpthread.so.0
7fbdc4cc8000-7fbdc4cc9000 r--p 00002000 103:02 1187148                   /usr/lib/x86_64-linux-gnu/libpthread.so.0
7fbdc4cc9000-7fbdc4cca000 rw-p 00003000 103:02 1187148                   /usr/lib/x86_64-linux-gnu/libpthread.so.0
7fbdc4cca000-7fbdc4cd1000 r--s 00000000 103:02 1838198                   /usr/lib/x86_64-linux-gnu/gconv/gconv-modules.cache
7fbdc4cd1000-7fbdc4cd9000 rw-s 00000000 103:02 2097862                   /tmp/hsperfdata_tanmay/23880
7fbdc4cd9000-7fbdc4cda000 ---p 00000000 00:00 0 
7fbdc4cda000-7fbdc4cdb000 r--p 00000000 00:00 0 
7fbdc4cdb000-7fbdc4cdd000 rw-p 00000000 00:00 0 
7fbdc4cdd000-7fbdc4cdf000 r--p 00000000 103:02 1185891                   /usr/lib/x86_64-linux-gnu/ld-linux-x86-64.so.2
7fbdc4cdf000-7fbdc4d09000 r-xp 00002000 103:02 1185891                   /usr/lib/x86_64-linux-gnu/ld-linux-x86-64.so.2
7fbdc4d09000-7fbdc4d14000 r--p 0002c000 103:02 1185891                   /usr/lib/x86_64-linux-gnu/ld-linux-x86-64.so.2
7fbdc4d14000-7fbdc4d15000 ---p 00000000 00:00 0 
7fbdc4d15000-7fbdc4d17000 r--p 00037000 103:02 1185891                   /usr/lib/x86_64-linux-gnu/ld-linux-x86-64.so.2
7fbdc4d17000-7fbdc4d19000 rw-p 00039000 103:02 1185891                   /usr/lib/x86_64-linux-gnu/ld-linux-x86-64.so.2
7ffd6229a000-7ffd622bc000 rw-p 00000000 00:00 0                          [stack]
7ffd623e8000-7ffd623ec000 r--p 00000000 00:00 0                          [vvar]
7ffd623ec000-7ffd623ee000 r-xp 00000000 00:00 0                          [vdso]
ffffffffff600000-ffffffffff601000 --xp 00000000 00:00 0                  [vsyscall]


VM Arguments:
jvm_args: -ea -Didea.test.cyclic.buffer.size=1048576 -javaagent:/snap/intellij-idea-ultimate/386/lib/idea_rt.jar=32871:/snap/intellij-idea-ultimate/386/bin -Dfile.encoding=UTF-8 
java_command: com.intellij.rt.junit.JUnitStarter -ideVersion5 -junit4 com.concordium.sdk.transactions.AddBakerUtilTest,testAddBakerUtil
java_class_path (initial): /snap/intellij-idea-ultimate/386/lib/idea_rt.jar:/snap/intellij-idea-ultimate/386/plugins/junit/lib/junit5-rt.jar:/snap/intellij-idea-ultimate/386/plugins/junit/lib/junit-rt.jar:/home/tanmay/Desktop/ccd/concordium-java-sdk/concordium-sdk/target/test-classes:/home/tanmay/Desktop/ccd/concordium-java-sdk/concordium-sdk/target/classes:/home/tanmay/.m2/repository/io/grpc/grpc-netty-shaded/1.40.1/grpc-netty-shaded-1.40.1.jar:/home/tanmay/.m2/repository/com/google/guava/guava/30.1-android/guava-30.1-android.jar:/home/tanmay/.m2/repository/com/google/guava/failureaccess/1.0.1/failureaccess-1.0.1.jar:/home/tanmay/.m2/repository/com/google/guava/listenablefuture/9999.0-empty-to-avoid-conflict-with-guava/listenablefuture-9999.0-empty-to-avoid-conflict-with-guava.jar:/home/tanmay/.m2/repository/org/checkerframework/checker-compat-qual/2.5.5/checker-compat-qual-2.5.5.jar:/home/tanmay/.m2/repository/com/google/j2objc/j2objc-annotations/1.3/j2objc-annotations-1.3.jar:/home/tanmay/.m2/repository/com/google/errorprone/error_prone_annotations/2.4.0/error_prone_annotations-2.4.0.jar:/home/tanmay/.m2/repository/io/perfmark/perfmark-api/0.23.0/perfmark-api-0.23.0.jar:/home/tanmay/.m2/repository/io/grpc/grpc-core/1.40.1/grpc-core-1.40.1.jar:/home/tanmay/.m2/repository/com/google/code/gson/gson/2.8.6/gson-2.8.6.jar:/home/tanmay/.m2/repository/com/google/android/annotations/4.1.1.4/annotations-4.1.1.4.jar:/home/tanmay/.m2/repository/org/codehaus/mojo/animal-sniffer-annotations/1.19/animal-sniffer-annotations-1.19.jar:/home/tanmay/.m2/repository/io/grpc/grpc-protobuf/1.40.1/grpc-protobuf-1.40.1.jar:/home/tanmay/.m2/repository/io/grpc/grpc-api/1.40.1/grpc-api-1.40.1.jar:/home/tanmay/.m2/repository/io/grpc/grpc-context/1.40.1/grpc-context-1.40.1.jar:/home/tanmay/.m2/repository/com/google/code/findbugs/jsr305/3.0.2/jsr305-3.0.2.jar:/home/tanmay/.m2/repository/com/google/protobuf/protobuf-java/3.17.2/protobuf-java-3.17.2.jar:/home/tanmay/.m2/repository/com/google/ap
Launcher Type: SUN_STANDARD

[Global flags]
     intx CICompilerCount                          = 3                                         {product} {ergonomic}
     uint ConcGCThreads                            = 1                                         {product} {ergonomic}
     uint G1ConcRefinementThreads                  = 4                                         {product} {ergonomic}
   size_t G1HeapRegionSize                         = 1048576                                   {product} {ergonomic}
    uintx GCDrainStackTargetSize                   = 64                                        {product} {ergonomic}
   size_t InitialHeapSize                          = 130023424                                 {product} {ergonomic}
   size_t MarkStackSize                            = 4194304                                   {product} {ergonomic}
   size_t MaxHeapSize                              = 2055208960                                {product} {ergonomic}
   size_t MaxNewSize                               = 1233125376                                {product} {ergonomic}
   size_t MinHeapDeltaBytes                        = 1048576                                   {product} {ergonomic}
   size_t MinHeapSize                              = 8388608                                   {product} {ergonomic}
    uintx NonNMethodCodeHeapSize                   = 5832780                                {pd product} {ergonomic}
    uintx NonProfiledCodeHeapSize                  = 122912730                              {pd product} {ergonomic}
    uintx ProfiledCodeHeapSize                     = 122912730                              {pd product} {ergonomic}
    uintx ReservedCodeCacheSize                    = 251658240                              {pd product} {ergonomic}
     bool SegmentedCodeCache                       = true                                      {product} {ergonomic}
   size_t SoftMaxHeapSize                          = 2055208960                             {manageable} {ergonomic}
     bool UseCompressedClassPointers               = true                           {product lp64_product} {ergonomic}
     bool UseCompressedOops                        = true                           {product lp64_product} {ergonomic}
     bool UseG1GC                                  = true                                      {product} {ergonomic}

Logging:
Log output configuration:
 #0: stdout all=warning uptime,level,tags
 #1: stderr all=off uptime,level,tags

Environment Variables:
PATH=/home/tanmay/.cargo/bin:/usr/local/sbin:/usr/local/bin:/usr/sbin:/usr/bin:/sbin:/bin:/usr/games:/usr/local/games:/snap/bin:/snap/bin
USERNAME=tanmay
SHELL=/bin/bash
DISPLAY=:0
LANG=en_IN

Signal Handlers:
SIGSEGV: [libjvm.so+0xf67e20], sa_mask[0]=11100100010111111101111111111110, sa_flags=SA_RESTART|SA_SIGINFO
SIGBUS: [libjvm.so+0xf67e20], sa_mask[0]=11100100010111111101111111111110, sa_flags=SA_RESTART|SA_SIGINFO
SIGFPE: [libjvm.so+0xf67e20], sa_mask[0]=11100100010111111101111111111110, sa_flags=SA_RESTART|SA_SIGINFO
SIGPIPE: [libjvm.so+0xe05b30], sa_mask[0]=11100100010111111101111111111110, sa_flags=SA_RESTART|SA_SIGINFO
SIGXFSZ: [libjvm.so+0xe05b30], sa_mask[0]=11100100010111111101111111111110, sa_flags=SA_RESTART|SA_SIGINFO
SIGILL: [libjvm.so+0xf67e20], sa_mask[0]=11100100010111111101111111111110, sa_flags=SA_RESTART|SA_SIGINFO
SIGUSR2: [libjvm.so+0xe05200], sa_mask[0]=00100000000000000000000000000000, sa_flags=SA_RESTART|SA_SIGINFO
SIGHUP: [libjvm.so+0xe05140], sa_mask[0]=11100100010111111101111111111110, sa_flags=SA_RESTART|SA_SIGINFO
SIGINT: [libjvm.so+0xe05140], sa_mask[0]=11100100010111111101111111111110, sa_flags=SA_RESTART|SA_SIGINFO
SIGTERM: [libjvm.so+0xe05140], sa_mask[0]=11100100010111111101111111111110, sa_flags=SA_RESTART|SA_SIGINFO
SIGQUIT: [libjvm.so+0xe05140], sa_mask[0]=11100100010111111101111111111110, sa_flags=SA_RESTART|SA_SIGINFO
SIGTRAP: [libjvm.so+0xf67e20], sa_mask[0]=11100100010111111101111111111110, sa_flags=SA_RESTART|SA_SIGINFO


---------------  S Y S T E M  ---------------

OS:
DISTRIB_ID=Ubuntu
DISTRIB_RELEASE=22.04
DISTRIB_CODENAME=jammy
DISTRIB_DESCRIPTION="Ubuntu 22.04.1 LTS"
uname: Linux 5.15.0-52-generic #58-Ubuntu SMP Thu Oct 13 08:03:55 UTC 2022 x86_64
OS uptime: 0 days 12:54 hours
libc: glibc 2.35 NPTL 2.35 
rlimit (soft/hard): STACK 8192k/infinity , CORE 0k/infinity , NPROC 31062/31062 , NOFILE 1048576/1048576 , AS infinity/infinity , CPU infinity/infinity , DATA infinity/infinity , FSIZE infinity/infinity , MEMLOCK 1002824k/1002824k
load average: 1.97 2.43 2.05

/proc/meminfo:
MemTotal:        8022592 kB
MemFree:          497356 kB
MemAvailable:    2460056 kB
Buffers:           50572 kB
Cached:          2418636 kB
SwapCached:            0 kB
Active:           920516 kB
Inactive:        5882868 kB
Active(anon):       2312 kB
Inactive(anon):  4661396 kB
Active(file):     918204 kB
Inactive(file):  1221472 kB
Unevictable:      324684 kB
Mlocked:              64 kB
SwapTotal:             0 kB
SwapFree:              0 kB
Dirty:             10272 kB
Writeback:            64 kB
AnonPages:       4659096 kB
Mapped:           797384 kB
Shmem:            329472 kB
KReclaimable:      95572 kB
Slab:             208048 kB
SReclaimable:      95572 kB
SUnreclaim:       112476 kB
KernelStack:       14912 kB
PageTables:        36112 kB
NFS_Unstable:          0 kB
Bounce:                0 kB
WritebackTmp:          0 kB
CommitLimit:     4011296 kB
Committed_AS:    8669292 kB
VmallocTotal:   34359738367 kB
VmallocUsed:       87476 kB
VmallocChunk:          0 kB
Percpu:             3952 kB
HardwareCorrupted:     0 kB
AnonHugePages:         0 kB
ShmemHugePages:        0 kB
ShmemPmdMapped:        0 kB
FileHugePages:         0 kB
FilePmdMapped:         0 kB
HugePages_Total:       0
HugePages_Free:        0
HugePages_Rsvd:        0
HugePages_Surp:        0
Hugepagesize:       2048 kB
Hugetlb:               0 kB
DirectMap4k:      378172 kB
DirectMap2M:     7892992 kB
DirectMap1G:           0 kB

/sys/kernel/mm/transparent_hugepage/enabled: always [madvise] never
/sys/kernel/mm/transparent_hugepage/defrag (defrag/compaction efforts parameter): always defer defer+madvise [madvise] never

Process Memory:
Virtual Size: 5604576K (peak: 5656504K)
Resident Set Size: 125404K (peak: 125404K) (anon: 93336K, file: 32068K, shmem: 0K)
Swapped out: 0K
C-Heap outstanding allocations: 17029K

/proc/sys/kernel/threads-max (system-wide limit on the number of threads): 62124
/proc/sys/vm/max_map_count (maximum number of memory map areas a process may have): 65530
/proc/sys/kernel/pid_max (system-wide limit on number of process identifiers): 4194304

container (cgroup) information:
container_type: cgroupv2
cpu_cpuset_cpus: not supported
cpu_memory_nodes: not supported
active_processor_count: 4
cpu_quota: not supported
cpu_period: not supported
cpu_shares: not supported
memory_limit_in_bytes: unlimited
memory_and_swap_limit_in_bytes: unlimited
memory_soft_limit_in_bytes: unlimited
memory_usage_in_bytes: 4670767104
memory_max_usage_in_bytes: not supported

Steal ticks since vm start: 0
Steal ticks percentage since vm start:  0.000

CPU: total 4 (initial active 4) (4 cores per cpu, 1 threads per core) family 6 model 158 stepping 9 microcode 0xf0, cx8, cmov, fxsr, mmx, 3dnowpref, sse, sse2, sse3, ssse3, sse4.1, sse4.2, popcnt, lzcnt, tsc, tscinvbit, avx, avx2, aes, erms, clmul, bmi1, bmi2, adx, fma, vzeroupper, clflush, clflushopt
CPU Model and flags from /proc/cpuinfo:
model name	: Intel(R) Core(TM) i5-7300HQ CPU @ 2.50GHz
flags		: fpu vme de pse tsc msr pae mce cx8 apic sep mtrr pge mca cmov pat pse36 clflush dts acpi mmx fxsr sse sse2 ss ht tm pbe syscall nx pdpe1gb rdtscp lm constant_tsc art arch_perfmon pebs bts rep_good nopl xtopology nonstop_tsc cpuid aperfmperf pni pclmulqdq dtes64 monitor ds_cpl vmx est tm2 ssse3 sdbg fma cx16 xtpr pdcm pcid sse4_1 sse4_2 x2apic movbe popcnt tsc_deadline_timer aes xsave avx f16c rdrand lahf_lm abm 3dnowprefetch cpuid_fault epb invpcid_single pti ssbd ibrs ibpb stibp tpr_shadow vnmi flexpriority ept vpid ept_ad fsgsbase tsc_adjust bmi1 avx2 smep bmi2 erms invpcid mpx rdseed adx smap clflushopt intel_pt xsaveopt xsavec xgetbv1 xsaves dtherm ida arat pln pts hwp hwp_notify hwp_act_window hwp_epp md_clear flush_l1d arch_capabilities

Online cpus: 0-3
Offline cpus: 
BIOS frequency limitation: <Not Available>
Frequency switch latency (ns): 0
Available cpu frequencies: <Not Available>
Current governor: powersave
Core performance/turbo boost: <Not Available>

Memory: 4k page, physical 8022592k(497356k free), swap 0k(0k free)

vm_info: OpenJDK 64-Bit Server VM (16.0.2+7) for linux-amd64 JRE (16.0.2+7), built on Jul 22 2021 01:08:17 by "jenkins" with gcc 7.3.1 20180303 (Red Hat 7.3.1-5)

END.
