#
# A fatal error has been detected by the Java Runtime Environment:
#
#  SIGSEGV (0xb) at pc=0x00007f0dbcaaf7ad, pid=23966, tid=23967
#
# JRE version: OpenJDK Runtime Environment Corretto-16.0.2.7.1 (16.0.2+7) (build 16.0.2+7)
# Java VM: OpenJDK 64-Bit Server VM Corretto-16.0.2.7.1 (16.0.2+7, mixed mode, sharing, tiered, compressed oops, compressed class ptrs, g1 gc, linux-amd64)
# Problematic frame:
# C  [b5c397aad1de5057144508214840459libcrypto_jni.so.so+0x7b7ad]  jni::wrapper::jnienv::JNIEnv::get_string_utf_chars::h7dff3303f2e8a652+0x70d
#
# Core dump will be written. Default location: Core dumps may be processed with "/usr/share/apport/apport -p%p -s%s -c%c -d%d -P%P -u%u -g%g -- %E" (or dumping to /home/tanmay/Desktop/ccd/concordium-java-sdk/concordium-sdk/core.23966)
#
# If you would like to submit a bug report, please visit:
#   https://github.com/corretto/corretto-jdk/issues/
# The crash happened outside the Java Virtual Machine in native code.
# See problematic frame for where to report the bug.
#

---------------  S U M M A R Y ------------

Command Line: -agentlib:jdwp=transport=dt_socket,address=127.0.0.1:45001,suspend=y,server=n -ea -Didea.test.cyclic.buffer.size=1048576 -javaagent:/snap/intellij-idea-ultimate/386/plugins/java/lib/rt/debugger-agent.jar -Dfile.encoding=UTF-8 com.intellij.rt.junit.JUnitStarter -ideVersion5 -junit4 com.concordium.sdk.transactions.AddBakerUtilTest,testAddBakerUtil

Host: Intel(R) Core(TM) i5-7300HQ CPU @ 2.50GHz, 4 cores, 7G, Ubuntu 22.04.1 LTS
Time: Sun Oct 30 11:23:09 2022 IST elapsed time: 5.298192 seconds (0d 0h 0m 5s)

---------------  T H R E A D  ---------------

Current thread (0x00007f0e1c026cf0):  JavaThread "main" [_thread_in_native, id=23967, stack(0x00007f0e23ad8000,0x00007f0e23bd8000)]

Stack: [0x00007f0e23ad8000,0x00007f0e23bd8000],  sp=0x00007f0e23bd2cc0,  free space=1003k
Native frames: (J=compiled Java code, A=aot compiled Java code, j=interpreted, Vv=VM code, C=native code)
C  [b5c397aad1de5057144508214840459libcrypto_jni.so.so+0x7b7ad]  jni::wrapper::jnienv::JNIEnv::get_string_utf_chars::h7dff3303f2e8a652+0x70d
j  com.concordium.sdk.crypto.bakertransactions.AddBakerKeys.generateAddBakerKeysPayload(Lcom/concordium/sdk/crypto/bakertransactions/AddBakerKeysJniInput;)Lcom/concordium/sdk/crypto/bakertransactions/AddBakerKeysJniOutput;+11
j  com.concordium.sdk.transactions.ConfigureBaker.createNew(Lcom/concordium/sdk/transactions/AccountAddress;Lcom/concordium/sdk/transactions/CCDAmount;ZLcom/concordium/sdk/types/UInt64;)Lcom/concordium/sdk/transactions/AddBaker;+24
j  com.concordium.sdk.transactions.ConfigureBakerTransaction$CustomBuilder.AddBakerInstance(Lcom/concordium/sdk/transactions/AddBakerTransaction;)Lcom/concordium/sdk/transactions/Payload;+16
j  com.concordium.sdk.transactions.ConfigureBakerTransaction$CustomBuilder.build()Lcom/concordium/sdk/transactions/AddBakerTransaction;+35
j  com.concordium.sdk.transactions.AddBakerUtilTest.testAddBakerUtil()V+140
v  ~StubRoutines::call_stub
V  [libjvm.so+0x8647e5]  JavaCalls::call_helper(JavaValue*, methodHandle const&, JavaCallArguments*, Thread*)+0x375
V  [libjvm.so+0xce7ba6]  invoke(InstanceKlass*, methodHandle const&, Handle, bool, objArrayHandle, BasicType, objArrayHandle, bool, Thread*) [clone .constprop.148]+0x446
V  [libjvm.so+0xce8d6e]  Reflection::invoke_method(oopDesc*, Handle, objArrayHandle, Thread*)+0xfe
V  [libjvm.so+0x927d22]  JVM_InvokeMethod+0xf2
j  jdk.internal.reflect.NativeMethodAccessorImpl.invoke0(Ljava/lang/reflect/Method;Ljava/lang/Object;[Ljava/lang/Object;)Ljava/lang/Object;+0 java.base@16.0.2
j  jdk.internal.reflect.NativeMethodAccessorImpl.invoke(Ljava/lang/Object;[Ljava/lang/Object;)Ljava/lang/Object;+146 java.base@16.0.2
j  jdk.internal.reflect.DelegatingMethodAccessorImpl.invoke(Ljava/lang/Object;[Ljava/lang/Object;)Ljava/lang/Object;+6 java.base@16.0.2
j  java.lang.reflect.Method.invoke(Ljava/lang/Object;[Ljava/lang/Object;)Ljava/lang/Object;+59 java.base@16.0.2
j  org.junit.runners.model.FrameworkMethod$1.runReflectiveCall()Ljava/lang/Object;+15
j  org.junit.internal.runners.model.ReflectiveCallable.run()Ljava/lang/Object;+1
j  org.junit.runners.model.FrameworkMethod.invokeExplosively(Ljava/lang/Object;[Ljava/lang/Object;)Ljava/lang/Object;+10
j  org.junit.internal.runners.statements.InvokeMethod.evaluate()V+12
j  org.junit.runners.ParentRunner.runLeaf(Lorg/junit/runners/model/Statement;Lorg/junit/runner/Description;Lorg/junit/runner/notification/RunNotifier;)V+17
j  org.junit.runners.BlockJUnit4ClassRunner.runChild(Lorg/junit/runners/model/FrameworkMethod;Lorg/junit/runner/notification/RunNotifier;)V+32
j  org.junit.runners.BlockJUnit4ClassRunner.runChild(Ljava/lang/Object;Lorg/junit/runner/notification/RunNotifier;)V+6
j  org.junit.runners.ParentRunner$3.run()V+12
j  org.junit.runners.ParentRunner$1.schedule(Ljava/lang/Runnable;)V+1
j  org.junit.runners.ParentRunner.runChildren(Lorg/junit/runner/notification/RunNotifier;)V+40
j  org.junit.runners.ParentRunner.access$000(Lorg/junit/runners/ParentRunner;Lorg/junit/runner/notification/RunNotifier;)V+2
j  org.junit.runners.ParentRunner$2.evaluate()V+8
j  org.junit.runners.ParentRunner.run(Lorg/junit/runner/notification/RunNotifier;)V+20
j  org.junit.runner.JUnitCore.run(Lorg/junit/runner/Runner;)Lorg/junit/runner/Result;+37
j  com.intellij.junit4.JUnit4IdeaTestRunner.startRunnerWithArgs([Ljava/lang/String;Ljava/lang/String;IZ)I+166
j  com.intellij.rt.junit.IdeaTestRunner$Repeater$1.execute(Z)I+17
j  com.intellij.rt.execution.junit.TestsRepeater.repeat(IZLcom/intellij/rt/execution/junit/TestsRepeater$TestRun;)I+7
j  com.intellij.rt.junit.IdeaTestRunner$Repeater.startRunnerWithArgs(Lcom/intellij/rt/junit/IdeaTestRunner;[Ljava/lang/String;Ljava/util/ArrayList;Ljava/lang/String;IZ)I+25
j  com.intellij.rt.junit.JUnitStarter.prepareStreamsAndStart([Ljava/lang/String;Ljava/lang/String;Ljava/util/ArrayList;Ljava/lang/String;)I+116
j  com.intellij.rt.junit.JUnitStarter.main([Ljava/lang/String;)V+97
v  ~StubRoutines::call_stub
V  [libjvm.so+0x8647e5]  JavaCalls::call_helper(JavaValue*, methodHandle const&, JavaCallArguments*, Thread*)+0x375
V  [libjvm.so+0x8fbf4f]  jni_invoke_static(JNIEnv_*, JavaValue*, _jobject*, JNICallType, _jmethodID*, JNI_ArgumentPusher*, Thread*) [clone .isra.120] [clone .constprop.303]+0x15f
V  [libjvm.so+0x8fe06f]  jni_CallStaticVoidMethod+0x12f
C  [libjli.so+0xae0d]  JavaMain+0xd5d
C  [libjli.so+0xddc9]  ThreadJavaMain+0x9

Java frames: (J=compiled Java code, j=interpreted, Vv=VM code)
j  com.concordium.sdk.crypto.bakertransactions.AddBakerKeys.generateAddBakerKeysPayload(Ljava/lang/String;)Ljava/lang/String;+0
j  com.concordium.sdk.crypto.bakertransactions.AddBakerKeys.generateAddBakerKeysPayload(Lcom/concordium/sdk/crypto/bakertransactions/AddBakerKeysJniInput;)Lcom/concordium/sdk/crypto/bakertransactions/AddBakerKeysJniOutput;+11
j  com.concordium.sdk.transactions.ConfigureBaker.createNew(Lcom/concordium/sdk/transactions/AccountAddress;Lcom/concordium/sdk/transactions/CCDAmount;ZLcom/concordium/sdk/types/UInt64;)Lcom/concordium/sdk/transactions/AddBaker;+24
j  com.concordium.sdk.transactions.ConfigureBakerTransaction$CustomBuilder.AddBakerInstance(Lcom/concordium/sdk/transactions/AddBakerTransaction;)Lcom/concordium/sdk/transactions/Payload;+16
j  com.concordium.sdk.transactions.ConfigureBakerTransaction$CustomBuilder.build()Lcom/concordium/sdk/transactions/AddBakerTransaction;+35
j  com.concordium.sdk.transactions.AddBakerUtilTest.testAddBakerUtil()V+140
v  ~StubRoutines::call_stub
j  jdk.internal.reflect.NativeMethodAccessorImpl.invoke0(Ljava/lang/reflect/Method;Ljava/lang/Object;[Ljava/lang/Object;)Ljava/lang/Object;+0 java.base@16.0.2
j  jdk.internal.reflect.NativeMethodAccessorImpl.invoke(Ljava/lang/Object;[Ljava/lang/Object;)Ljava/lang/Object;+146 java.base@16.0.2
j  jdk.internal.reflect.DelegatingMethodAccessorImpl.invoke(Ljava/lang/Object;[Ljava/lang/Object;)Ljava/lang/Object;+6 java.base@16.0.2
j  java.lang.reflect.Method.invoke(Ljava/lang/Object;[Ljava/lang/Object;)Ljava/lang/Object;+59 java.base@16.0.2
j  org.junit.runners.model.FrameworkMethod$1.runReflectiveCall()Ljava/lang/Object;+15
j  org.junit.internal.runners.model.ReflectiveCallable.run()Ljava/lang/Object;+1
j  org.junit.runners.model.FrameworkMethod.invokeExplosively(Ljava/lang/Object;[Ljava/lang/Object;)Ljava/lang/Object;+10
j  org.junit.internal.runners.statements.InvokeMethod.evaluate()V+12
j  org.junit.runners.ParentRunner.runLeaf(Lorg/junit/runners/model/Statement;Lorg/junit/runner/Description;Lorg/junit/runner/notification/RunNotifier;)V+17
j  org.junit.runners.BlockJUnit4ClassRunner.runChild(Lorg/junit/runners/model/FrameworkMethod;Lorg/junit/runner/notification/RunNotifier;)V+32
j  org.junit.runners.BlockJUnit4ClassRunner.runChild(Ljava/lang/Object;Lorg/junit/runner/notification/RunNotifier;)V+6
j  org.junit.runners.ParentRunner$3.run()V+12
j  org.junit.runners.ParentRunner$1.schedule(Ljava/lang/Runnable;)V+1
j  org.junit.runners.ParentRunner.runChildren(Lorg/junit/runner/notification/RunNotifier;)V+40
j  org.junit.runners.ParentRunner.access$000(Lorg/junit/runners/ParentRunner;Lorg/junit/runner/notification/RunNotifier;)V+2
j  org.junit.runners.ParentRunner$2.evaluate()V+8
j  org.junit.runners.ParentRunner.run(Lorg/junit/runner/notification/RunNotifier;)V+20
j  org.junit.runner.JUnitCore.run(Lorg/junit/runner/Runner;)Lorg/junit/runner/Result;+37
j  com.intellij.junit4.JUnit4IdeaTestRunner.startRunnerWithArgs([Ljava/lang/String;Ljava/lang/String;IZ)I+166
j  com.intellij.rt.junit.IdeaTestRunner$Repeater$1.execute(Z)I+17
j  com.intellij.rt.execution.junit.TestsRepeater.repeat(IZLcom/intellij/rt/execution/junit/TestsRepeater$TestRun;)I+7
j  com.intellij.rt.junit.IdeaTestRunner$Repeater.startRunnerWithArgs(Lcom/intellij/rt/junit/IdeaTestRunner;[Ljava/lang/String;Ljava/util/ArrayList;Ljava/lang/String;IZ)I+25
j  com.intellij.rt.junit.JUnitStarter.prepareStreamsAndStart([Ljava/lang/String;Ljava/lang/String;Ljava/util/ArrayList;Ljava/lang/String;)I+116
j  com.intellij.rt.junit.JUnitStarter.main([Ljava/lang/String;)V+97
v  ~StubRoutines::call_stub

siginfo: si_signo: 11 (SIGSEGV), si_code: 128 (SI_KERNEL), si_addr: 0x0000000000000000

Register to memory mapping:

RAX=0x61742f656d6f682f is an unknown value
RBX={method} {0x00007f0dbdfc0f40} 'generateAddBakerKeysPayload' '(Ljava/lang/String;)Ljava/lang/String;' in 'com/concordium/sdk/crypto/bakertransactions/AddBakerKeys'
RCX=0x0000000000000018 is an unknown value
RDX=0x0 is NULL
RSP=0x00007f0e23bd2cc0 is pointing into the stack for thread: 0x00007f0e1c026cf0
RBP=0x00007f0e23bd5638 is pointing into the stack for thread: 0x00007f0e1c026cf0
RSI=0x0000000000000018 is an unknown value
RDI=0x00007f0e23bd5648 is pointing into the stack for thread: 0x00007f0e1c026cf0
R8 =0x0 is NULL
R9 =0x0000000000000004 is an unknown value
R10=0x00007f0e045b73c4 is at code_begin+1636 in an Interpreter codelet
method entry point (kind = native)  [0x00007f0e045b6d60, 0x00007f0e045b7c00]  3744 bytes
R11=0x0000000000000768 is an unknown value
R12=0x0 is NULL
R13={method} {0x00007f0dbdfc0f40} 'generateAddBakerKeysPayload' '(Ljava/lang/String;)Ljava/lang/String;' in 'com/concordium/sdk/crypto/bakertransactions/AddBakerKeys'
R14=0x00007f0e23bd5658 is pointing into the stack for thread: 0x00007f0e1c026cf0
R15=0x00007f0e1c026cf0 is a thread


Registers:
RAX=0x61742f656d6f682f, RBX=0x00007f0dbdfc0f40, RCX=0x0000000000000018, RDX=0x0000000000000000
RSP=0x00007f0e23bd2cc0, RBP=0x00007f0e23bd5638, RSI=0x0000000000000018, RDI=0x00007f0e23bd5648
R8 =0x0000000000000000, R9 =0x0000000000000004, R10=0x00007f0e045b73c4, R11=0x0000000000000768
R12=0x0000000000000000, R13=0x00007f0dbdfc0f40, R14=0x00007f0e23bd5658, R15=0x00007f0e1c026cf0
RIP=0x00007f0dbcaaf7ad, EFLAGS=0x0000000000010206, CSGSFS=0x002b000000000033, ERR=0x0000000000000000
  TRAPNO=0x000000000000000d

Top of Stack: (sp=0x00007f0e23bd2cc0)
0x00007f0e23bd2cc0:   0000000000000000 00000000fcc16690
0x00007f0e23bd2cd0:   00000000fcc101f8 0000000000000000
0x00007f0e23bd2ce0:   0000000000000000 0000000000000000
0x00007f0e23bd2cf0:   0000000000000000 0000000000000000 

Instructions: (pc=0x00007f0dbcaaf7ad)
0x00007f0dbcaaf6ad:   00 00 00 8a 84 24 8f 00 00 00 24 01 88 84 24 2f
0x00007f0dbcaaf6bd:   0a 00 00 f6 84 24 2f 0a 00 00 01 75 28 48 8b 84
0x00007f0dbcaaf6cd:   24 e0 00 00 00 48 8b 00 48 89 44 24 78 48 8d bc
0x00007f0dbcaaf6dd:   24 00 01 00 00 ff 15 60 7a 74 00 48 89 84 24 80
0x00007f0dbcaaf6ed:   00 00 00 eb 63 48 8d bc 24 38 0a 00 00 48 8d 35
0x00007f0dbcaaf6fd:   df d3 72 00 ba 01 00 00 00 48 8d 0d db 4f 66 00
0x00007f0dbcaaf70d:   31 c0 41 89 c0 e8 69 87 00 00 48 8b b4 24 20 0a
0x00007f0dbcaaf71d:   00 00 48 c7 84 24 68 0a 00 00 00 00 00 00 48 8b
0x00007f0dbcaaf72d:   8c 24 68 0a 00 00 4c 8b 84 24 70 0a 00 00 48 8d
0x00007f0dbcaaf73d:   bc 24 38 0a 00 00 48 8d 15 16 d4 72 00 ff 15 58
0x00007f0dbcaaf74d:   e3 73 00 e9 75 ff ff ff 48 8b 84 24 80 00 00 00
0x00007f0dbcaaf75d:   48 8b 38 ff 15 4a d1 73 00 48 89 44 24 70 48 c7
0x00007f0dbcaaf76d:   84 24 58 17 00 00 00 00 00 00 48 c7 84 24 60 17
0x00007f0dbcaaf77d:   00 00 00 00 00 00 48 8b bc 24 60 17 00 00 ff 15
0x00007f0dbcaaf78d:   47 92 74 00 48 89 44 24 68 48 8b 84 24 90 00 00
0x00007f0dbcaaf79d:   00 48 8b 54 24 68 48 8b 74 24 70 48 8b 7c 24 78
0x00007f0dbcaaf7ad:   ff d0 48 89 44 24 60 48 89 84 24 78 16 00 00 48
0x00007f0dbcaaf7bd:   c7 84 24 10 0b 00 00 05 00 00 00 48 8d bc 24 10
0x00007f0dbcaaf7cd:   0b 00 00 48 8d 35 01 4e 66 00 e8 d4 58 00 00 88
0x00007f0dbcaaf7dd:   44 24 5f 8a 44 24 5f a8 01 75 0c eb 00 c6 84 24
0x00007f0dbcaaf7ed:   1f 0b 00 00 00 eb 5a c6 84 24 1f 17 00 00 00 48
0x00007f0dbcaaf7fd:   8d 3d 6d d8 74 00 0f b6 b4 24 1f 17 00 00 e8 c0
0x00007f0dbcaaf80d:   60 00 00 48 89 84 24 20 17 00 00 48 8b 84 24 20
0x00007f0dbcaaf81d:   17 00 00 48 89 84 24 20 0b 00 00 48 8d bc 24 10
0x00007f0dbcaaf82d:   0b 00 00 48 8d b4 24 20 0b 00 00 e8 73 58 00 00
0x00007f0dbcaaf83d:   88 44 24 5e 8a 44 24 5e 24 01 88 84 24 1f 0b 00
0x00007f0dbcaaf84d:   00 f6 84 24 1f 0b 00 00 01 75 26 48 c7 84 24 68
0x00007f0dbcaaf85d:   0b 00 00 05 00 00 00 48 8d bc 24 68 0b 00 00 48
0x00007f0dbcaaf86d:   8d 35 65 4d 66 00 e8 38 58 00 00 88 44 24 5d eb
0x00007f0dbcaaf87d:   63 48 8d bc 24 28 0b 00 00 48 8d 35 83 d2 72 00
0x00007f0dbcaaf88d:   ba 01 00 00 00 48 8d 0d 4f 4e 66 00 31 c0 41 89
0x00007f0dbcaaf89d:   c0 e8 dd 85 00 00 48 8b b4 24 10 0b 00 00 48 c7 


Stack slot to memory mapping:
stack at sp + 0 slots: 0x0 is NULL
stack at sp + 1 slots: 0x00000000fcc16690 is an unallocated location in the heap
stack at sp + 2 slots: 0x00000000fcc101f8 is an unallocated location in the heap
stack at sp + 3 slots: 0x0 is NULL
stack at sp + 4 slots: 0x0 is NULL
stack at sp + 5 slots: 0x0 is NULL
stack at sp + 6 slots: 0x0 is NULL
stack at sp + 7 slots: 0x0 is NULL


---------------  P R O C E S S  ---------------

Threads class SMR info:
_java_thread_list=0x00007f0d9c04bb20, length=19, elements={
0x00007f0e1c026cf0, 0x00007f0e1c116e70, 0x00007f0e1c1183f0, 0x00007f0e1c11bb60,
0x00007f0e1c11d0b0, 0x00007f0e1c11e5d0, 0x00007f0e1c1200b0, 0x00007f0e1c121710,
0x00007f0e1c122cb0, 0x00007f0e1c137700, 0x00007f0e1c17c090, 0x00007f0e1c1875d0,
0x00007f0db8001120, 0x00007f0e1c199170, 0x00007f0e1c64c960, 0x00007f0e1c651ac0,
0x00007f0e1c655890, 0x00007f0e1c6a7f40, 0x00007f0d9414b930
}

Java Threads: ( => current thread )
=>0x00007f0e1c026cf0 JavaThread "main" [_thread_in_native, id=23967, stack(0x00007f0e23ad8000,0x00007f0e23bd8000)]
  0x00007f0e1c116e70 JavaThread "Reference Handler" daemon [_thread_blocked, id=23974, stack(0x00007f0dfc9fe000,0x00007f0dfcafe000)]
  0x00007f0e1c1183f0 JavaThread "Finalizer" daemon [_thread_blocked, id=23975, stack(0x00007f0dfc8fe000,0x00007f0dfc9fe000)]
  0x00007f0e1c11bb60 JavaThread "Signal Dispatcher" daemon [_thread_blocked, id=23976, stack(0x00007f0dfc7fe000,0x00007f0dfc8fe000)]
  0x00007f0e1c11d0b0 JavaThread "Service Thread" daemon [_thread_blocked, id=23977, stack(0x00007f0dfc6fe000,0x00007f0dfc7fe000)]
  0x00007f0e1c11e5d0 JavaThread "Monitor Deflation Thread" daemon [_thread_blocked, id=23978, stack(0x00007f0dfc5fe000,0x00007f0dfc6fe000)]
  0x00007f0e1c1200b0 JavaThread "C2 CompilerThread0" daemon [_thread_blocked, id=23979, stack(0x00007f0dfc4fe000,0x00007f0dfc5fe000)]
  0x00007f0e1c121710 JavaThread "C1 CompilerThread0" daemon [_thread_blocked, id=23980, stack(0x00007f0dfc3fe000,0x00007f0dfc4fe000)]
  0x00007f0e1c122cb0 JavaThread "Sweeper thread" daemon [_thread_blocked, id=23981, stack(0x00007f0dfc2fe000,0x00007f0dfc3fe000)]
  0x00007f0e1c137700 JavaThread "Common-Cleaner" daemon [_thread_blocked, id=23982, stack(0x00007f0dfc1fe000,0x00007f0dfc2fe000)]
  0x00007f0e1c17c090 JavaThread "JDWP Transport Listener: dt_socket" daemon [_thread_blocked, id=23983, stack(0x00007f0dfc0fe000,0x00007f0dfc1fe000)]
  0x00007f0e1c1875d0 JavaThread "JDWP Event Helper Thread" daemon [_thread_blocked, id=23984, stack(0x00007f0dbff00000,0x00007f0dc0000000)]
  0x00007f0db8001120 JavaThread "JDWP Command Reader" daemon [_thread_in_native, id=23985, stack(0x00007f0dbfb00000,0x00007f0dbfc00000)]
  0x00007f0e1c199170 JavaThread "Notification Thread" daemon [_thread_blocked, id=23990, stack(0x00007f0dbfa00000,0x00007f0dbfb00000)]
  0x00007f0e1c64c960 JavaThread "grpc-default-worker-ELG-1-1" daemon [_thread_in_native, id=24003, stack(0x00007f0dbe500000,0x00007f0dbe600000)]
  0x00007f0e1c651ac0 JavaThread "grpc-default-executor-0" daemon [_thread_blocked, id=24004, stack(0x00007f0dbe100000,0x00007f0dbe200000)]
  0x00007f0e1c655890 JavaThread "grpc-default-worker-ELG-1-2" daemon [_thread_in_native, id=24005, stack(0x00007f0dbe000000,0x00007f0dbe100000)]
  0x00007f0e1c6a7f40 JavaThread "grpc-default-worker-ELG-1-3" daemon [_thread_in_native, id=24006, stack(0x00007f0dbd700000,0x00007f0dbd800000)]
  0x00007f0d9414b930 JavaThread "grpc-default-worker-ELG-1-4" daemon [_thread_in_native, id=24008, stack(0x00007f0dbd600000,0x00007f0dbd700000)]

Other Threads:
  0x00007f0e1c114780 VMThread "VM Thread" [stack: 0x00007f0dfcb00000,0x00007f0dfcc00000] [id=23973]
  0x00007f0e1c19a4c0 WatcherThread [stack: 0x00007f0dbf900000,0x00007f0dbfa00000] [id=23991]
  0x00007f0e1c066f80 GCTaskThread "GC Thread#0" [stack: 0x00007f0e20100000,0x00007f0e20200000] [id=23968]
  0x00007f0de0004830 GCTaskThread "GC Thread#1" [stack: 0x00007f0dbf500000,0x00007f0dbf600000] [id=23998]
  0x00007f0de00053b0 GCTaskThread "GC Thread#2" [stack: 0x00007f0dbf100000,0x00007f0dbf200000] [id=23999]
  0x00007f0de0006820 GCTaskThread "GC Thread#3" [stack: 0x00007f0dbed00000,0x00007f0dbee00000] [id=24000]
  0x00007f0e1c077bd0 ConcurrentGCThread "G1 Main Marker" [stack: 0x00007f0dffbea000,0x00007f0dffcea000] [id=23969]
  0x00007f0e1c078c60 ConcurrentGCThread "G1 Conc#0" [stack: 0x00007f0dffae8000,0x00007f0dffbe8000] [id=23970]
  0x00007f0e1c0de400 ConcurrentGCThread "G1 Refine#0" [stack: 0x00007f0dfd5e2000,0x00007f0dfd6e2000] [id=23971]
  0x00007f0e1c0df420 ConcurrentGCThread "G1 Service" [stack: 0x00007f0dfd4e0000,0x00007f0dfd5e0000] [id=23972]

Threads with active compile tasks:

VM state: not at safepoint (normal execution)

VM Mutex/Monitor currently owned by a thread: None

Heap address: 0x0000000085800000, size: 1960 MB, Compressed Oops mode: 32-bit

CDS archive(s) mapped at: [0x0000000800000000-0x0000000800bf7000-0x0000000800bf7000), size 12546048, SharedBaseAddress: 0x0000000800000000, ArchiveRelocationMode: 0.
Compressed class space mapped at: 0x0000000800c00000-0x0000000840c00000, reserved size: 1073741824
Narrow klass base: 0x0000000800000000, Narrow klass shift: 3, Narrow klass range: 0x100000000

GC Precious Log:
 CPUs: 4 total, 4 available
 Memory: 7834M
 Large Page Support: Disabled
 NUMA Support: Disabled
 Compressed Oops: Enabled (32-bit)
 Heap Region Size: 1M
 Heap Min Capacity: 8M
 Heap Initial Capacity: 124M
 Heap Max Capacity: 1960M
 Pre-touch: Disabled
 Parallel Workers: 4
 Concurrent Workers: 1
 Concurrent Refinement Workers: 4
 Periodic GC: Disabled

Heap:
 garbage-first heap   total 129024K, used 47564K [0x0000000085800000, 0x0000000100000000)
  region size 1024K, 45 young (46080K), 2 survivors (2048K)
 Metaspace       used 17977K, committed 18112K, reserved 1064960K
  class space    used 2071K, committed 2112K, reserved 1048576K

Heap Regions: E=young(eden), S=young(survivor), O=old, HS=humongous(starts), HC=humongous(continues), CS=collection set, F=free, OA=open archive, CA=closed archive, TAMS=top-at-mark-start (previous, next)
|   0|0x0000000085800000, 0x0000000085900000, 0x0000000085900000|100%| O|  |TAMS 0x0000000085800000, 0x0000000085800000| Untracked 
|   1|0x0000000085900000, 0x0000000085a00000, 0x0000000085a00000|100%| O|  |TAMS 0x0000000085900000, 0x0000000085900000| Untracked 
|   2|0x0000000085a00000, 0x0000000085a66200, 0x0000000085b00000| 39%| O|  |TAMS 0x0000000085a00000, 0x0000000085a00000| Untracked 
|   3|0x0000000085b00000, 0x0000000085b00000, 0x0000000085c00000|  0%| F|  |TAMS 0x0000000085b00000, 0x0000000085b00000| Untracked 
|   4|0x0000000085c00000, 0x0000000085c00000, 0x0000000085d00000|  0%| F|  |TAMS 0x0000000085c00000, 0x0000000085c00000| Untracked 
|   5|0x0000000085d00000, 0x0000000085d00000, 0x0000000085e00000|  0%| F|  |TAMS 0x0000000085d00000, 0x0000000085d00000| Untracked 
|   6|0x0000000085e00000, 0x0000000085e00000, 0x0000000085f00000|  0%| F|  |TAMS 0x0000000085e00000, 0x0000000085e00000| Untracked 
|   7|0x0000000085f00000, 0x0000000085f00000, 0x0000000086000000|  0%| F|  |TAMS 0x0000000085f00000, 0x0000000085f00000| Untracked 
|   8|0x0000000086000000, 0x0000000086000000, 0x0000000086100000|  0%| F|  |TAMS 0x0000000086000000, 0x0000000086000000| Untracked 
|   9|0x0000000086100000, 0x0000000086100000, 0x0000000086200000|  0%| F|  |TAMS 0x0000000086100000, 0x0000000086100000| Untracked 
|  10|0x0000000086200000, 0x0000000086200000, 0x0000000086300000|  0%| F|  |TAMS 0x0000000086200000, 0x0000000086200000| Untracked 
|  11|0x0000000086300000, 0x0000000086300000, 0x0000000086400000|  0%| F|  |TAMS 0x0000000086300000, 0x0000000086300000| Untracked 
|  12|0x0000000086400000, 0x0000000086400000, 0x0000000086500000|  0%| F|  |TAMS 0x0000000086400000, 0x0000000086400000| Untracked 
|  13|0x0000000086500000, 0x0000000086500000, 0x0000000086600000|  0%| F|  |TAMS 0x0000000086500000, 0x0000000086500000| Untracked 
|  14|0x0000000086600000, 0x0000000086600000, 0x0000000086700000|  0%| F|  |TAMS 0x0000000086600000, 0x0000000086600000| Untracked 
|  15|0x0000000086700000, 0x0000000086700000, 0x0000000086800000|  0%| F|  |TAMS 0x0000000086700000, 0x0000000086700000| Untracked 
|  16|0x0000000086800000, 0x0000000086800000, 0x0000000086900000|  0%| F|  |TAMS 0x0000000086800000, 0x0000000086800000| Untracked 
|  17|0x0000000086900000, 0x0000000086900000, 0x0000000086a00000|  0%| F|  |TAMS 0x0000000086900000, 0x0000000086900000| Untracked 
|  18|0x0000000086a00000, 0x0000000086a00000, 0x0000000086b00000|  0%| F|  |TAMS 0x0000000086a00000, 0x0000000086a00000| Untracked 
|  19|0x0000000086b00000, 0x0000000086b00000, 0x0000000086c00000|  0%| F|  |TAMS 0x0000000086b00000, 0x0000000086b00000| Untracked 
|  20|0x0000000086c00000, 0x0000000086c00000, 0x0000000086d00000|  0%| F|  |TAMS 0x0000000086c00000, 0x0000000086c00000| Untracked 
|  21|0x0000000086d00000, 0x0000000086d00000, 0x0000000086e00000|  0%| F|  |TAMS 0x0000000086d00000, 0x0000000086d00000| Untracked 
|  22|0x0000000086e00000, 0x0000000086e00000, 0x0000000086f00000|  0%| F|  |TAMS 0x0000000086e00000, 0x0000000086e00000| Untracked 
|  23|0x0000000086f00000, 0x0000000086f00000, 0x0000000087000000|  0%| F|  |TAMS 0x0000000086f00000, 0x0000000086f00000| Untracked 
|  24|0x0000000087000000, 0x0000000087000000, 0x0000000087100000|  0%| F|  |TAMS 0x0000000087000000, 0x0000000087000000| Untracked 
|  25|0x0000000087100000, 0x0000000087100000, 0x0000000087200000|  0%| F|  |TAMS 0x0000000087100000, 0x0000000087100000| Untracked 
|  26|0x0000000087200000, 0x0000000087200000, 0x0000000087300000|  0%| F|  |TAMS 0x0000000087200000, 0x0000000087200000| Untracked 
|  27|0x0000000087300000, 0x0000000087300000, 0x0000000087400000|  0%| F|  |TAMS 0x0000000087300000, 0x0000000087300000| Untracked 
|  28|0x0000000087400000, 0x0000000087400000, 0x0000000087500000|  0%| F|  |TAMS 0x0000000087400000, 0x0000000087400000| Untracked 
|  29|0x0000000087500000, 0x0000000087500000, 0x0000000087600000|  0%| F|  |TAMS 0x0000000087500000, 0x0000000087500000| Untracked 
|  30|0x0000000087600000, 0x0000000087600000, 0x0000000087700000|  0%| F|  |TAMS 0x0000000087600000, 0x0000000087600000| Untracked 
|  31|0x0000000087700000, 0x0000000087700000, 0x0000000087800000|  0%| F|  |TAMS 0x0000000087700000, 0x0000000087700000| Untracked 
|  32|0x0000000087800000, 0x0000000087800000, 0x0000000087900000|  0%| F|  |TAMS 0x0000000087800000, 0x0000000087800000| Untracked 
|  33|0x0000000087900000, 0x0000000087900000, 0x0000000087a00000|  0%| F|  |TAMS 0x0000000087900000, 0x0000000087900000| Untracked 
|  34|0x0000000087a00000, 0x0000000087a00000, 0x0000000087b00000|  0%| F|  |TAMS 0x0000000087a00000, 0x0000000087a00000| Untracked 
|  35|0x0000000087b00000, 0x0000000087b00000, 0x0000000087c00000|  0%| F|  |TAMS 0x0000000087b00000, 0x0000000087b00000| Untracked 
|  36|0x0000000087c00000, 0x0000000087c00000, 0x0000000087d00000|  0%| F|  |TAMS 0x0000000087c00000, 0x0000000087c00000| Untracked 
|  37|0x0000000087d00000, 0x0000000087d00000, 0x0000000087e00000|  0%| F|  |TAMS 0x0000000087d00000, 0x0000000087d00000| Untracked 
|  38|0x0000000087e00000, 0x0000000087e00000, 0x0000000087f00000|  0%| F|  |TAMS 0x0000000087e00000, 0x0000000087e00000| Untracked 
|  39|0x0000000087f00000, 0x0000000087f00000, 0x0000000088000000|  0%| F|  |TAMS 0x0000000087f00000, 0x0000000087f00000| Untracked 
|  40|0x0000000088000000, 0x0000000088000000, 0x0000000088100000|  0%| F|  |TAMS 0x0000000088000000, 0x0000000088000000| Untracked 
|  41|0x0000000088100000, 0x0000000088100000, 0x0000000088200000|  0%| F|  |TAMS 0x0000000088100000, 0x0000000088100000| Untracked 
|  42|0x0000000088200000, 0x0000000088200000, 0x0000000088300000|  0%| F|  |TAMS 0x0000000088200000, 0x0000000088200000| Untracked 
|  43|0x0000000088300000, 0x0000000088300000, 0x0000000088400000|  0%| F|  |TAMS 0x0000000088300000, 0x0000000088300000| Untracked 
|  44|0x0000000088400000, 0x0000000088400000, 0x0000000088500000|  0%| F|  |TAMS 0x0000000088400000, 0x0000000088400000| Untracked 
|  45|0x0000000088500000, 0x0000000088500000, 0x0000000088600000|  0%| F|  |TAMS 0x0000000088500000, 0x0000000088500000| Untracked 
|  46|0x0000000088600000, 0x0000000088600000, 0x0000000088700000|  0%| F|  |TAMS 0x0000000088600000, 0x0000000088600000| Untracked 
|  47|0x0000000088700000, 0x0000000088700000, 0x0000000088800000|  0%| F|  |TAMS 0x0000000088700000, 0x0000000088700000| Untracked 
|  48|0x0000000088800000, 0x0000000088800000, 0x0000000088900000|  0%| F|  |TAMS 0x0000000088800000, 0x0000000088800000| Untracked 
|  49|0x0000000088900000, 0x0000000088900000, 0x0000000088a00000|  0%| F|  |TAMS 0x0000000088900000, 0x0000000088900000| Untracked 
|  50|0x0000000088a00000, 0x0000000088a00000, 0x0000000088b00000|  0%| F|  |TAMS 0x0000000088a00000, 0x0000000088a00000| Untracked 
|  51|0x0000000088b00000, 0x0000000088b00000, 0x0000000088c00000|  0%| F|  |TAMS 0x0000000088b00000, 0x0000000088b00000| Untracked 
|  52|0x0000000088c00000, 0x0000000088c00000, 0x0000000088d00000|  0%| F|  |TAMS 0x0000000088c00000, 0x0000000088c00000| Untracked 
|  53|0x0000000088d00000, 0x0000000088d00000, 0x0000000088e00000|  0%| F|  |TAMS 0x0000000088d00000, 0x0000000088d00000| Untracked 
|  54|0x0000000088e00000, 0x0000000088e00000, 0x0000000088f00000|  0%| F|  |TAMS 0x0000000088e00000, 0x0000000088e00000| Untracked 
|  55|0x0000000088f00000, 0x0000000088f00000, 0x0000000089000000|  0%| F|  |TAMS 0x0000000088f00000, 0x0000000088f00000| Untracked 
|  56|0x0000000089000000, 0x0000000089000000, 0x0000000089100000|  0%| F|  |TAMS 0x0000000089000000, 0x0000000089000000| Untracked 
|  57|0x0000000089100000, 0x0000000089100000, 0x0000000089200000|  0%| F|  |TAMS 0x0000000089100000, 0x0000000089100000| Untracked 
|  58|0x0000000089200000, 0x0000000089200000, 0x0000000089300000|  0%| F|  |TAMS 0x0000000089200000, 0x0000000089200000| Untracked 
|  59|0x0000000089300000, 0x0000000089300000, 0x0000000089400000|  0%| F|  |TAMS 0x0000000089300000, 0x0000000089300000| Untracked 
|  60|0x0000000089400000, 0x0000000089400000, 0x0000000089500000|  0%| F|  |TAMS 0x0000000089400000, 0x0000000089400000| Untracked 
|  61|0x0000000089500000, 0x0000000089500000, 0x0000000089600000|  0%| F|  |TAMS 0x0000000089500000, 0x0000000089500000| Untracked 
|  62|0x0000000089600000, 0x0000000089600000, 0x0000000089700000|  0%| F|  |TAMS 0x0000000089600000, 0x0000000089600000| Untracked 
|  63|0x0000000089700000, 0x0000000089700000, 0x0000000089800000|  0%| F|  |TAMS 0x0000000089700000, 0x0000000089700000| Untracked 
|  64|0x0000000089800000, 0x0000000089800000, 0x0000000089900000|  0%| F|  |TAMS 0x0000000089800000, 0x0000000089800000| Untracked 
|  65|0x0000000089900000, 0x0000000089900000, 0x0000000089a00000|  0%| F|  |TAMS 0x0000000089900000, 0x0000000089900000| Untracked 
|  66|0x0000000089a00000, 0x0000000089a00000, 0x0000000089b00000|  0%| F|  |TAMS 0x0000000089a00000, 0x0000000089a00000| Untracked 
|  67|0x0000000089b00000, 0x0000000089b00000, 0x0000000089c00000|  0%| F|  |TAMS 0x0000000089b00000, 0x0000000089b00000| Untracked 
|  68|0x0000000089c00000, 0x0000000089c00000, 0x0000000089d00000|  0%| F|  |TAMS 0x0000000089c00000, 0x0000000089c00000| Untracked 
|  69|0x0000000089d00000, 0x0000000089d00000, 0x0000000089e00000|  0%| F|  |TAMS 0x0000000089d00000, 0x0000000089d00000| Untracked 
|  70|0x0000000089e00000, 0x0000000089e00000, 0x0000000089f00000|  0%| F|  |TAMS 0x0000000089e00000, 0x0000000089e00000| Untracked 
|  71|0x0000000089f00000, 0x0000000089f00000, 0x000000008a000000|  0%| F|  |TAMS 0x0000000089f00000, 0x0000000089f00000| Untracked 
|  72|0x000000008a000000, 0x000000008a000000, 0x000000008a100000|  0%| F|  |TAMS 0x000000008a000000, 0x000000008a000000| Untracked 
|  73|0x000000008a100000, 0x000000008a100000, 0x000000008a200000|  0%| F|  |TAMS 0x000000008a100000, 0x000000008a100000| Untracked 
|  74|0x000000008a200000, 0x000000008a200000, 0x000000008a300000|  0%| F|  |TAMS 0x000000008a200000, 0x000000008a200000| Untracked 
|  75|0x000000008a300000, 0x000000008a300000, 0x000000008a400000|  0%| F|  |TAMS 0x000000008a300000, 0x000000008a300000| Untracked 
|  76|0x000000008a400000, 0x000000008a400000, 0x000000008a500000|  0%| F|  |TAMS 0x000000008a400000, 0x000000008a400000| Untracked 
|  77|0x000000008a500000, 0x000000008a500000, 0x000000008a600000|  0%| F|  |TAMS 0x000000008a500000, 0x000000008a500000| Untracked 
|  78|0x000000008a600000, 0x000000008a600000, 0x000000008a700000|  0%| F|  |TAMS 0x000000008a600000, 0x000000008a600000| Untracked 
|  79|0x000000008a700000, 0x000000008a800000, 0x000000008a800000|100%| E|  |TAMS 0x000000008a700000, 0x000000008a700000| Complete 
|  80|0x000000008a800000, 0x000000008a900000, 0x000000008a900000|100%| E|CS|TAMS 0x000000008a800000, 0x000000008a800000| Complete 
|  81|0x000000008a900000, 0x000000008aa00000, 0x000000008aa00000|100%| E|CS|TAMS 0x000000008a900000, 0x000000008a900000| Complete 
|  82|0x000000008aa00000, 0x000000008ab00000, 0x000000008ab00000|100%| E|CS|TAMS 0x000000008aa00000, 0x000000008aa00000| Complete 
|  83|0x000000008ab00000, 0x000000008ac00000, 0x000000008ac00000|100%| E|CS|TAMS 0x000000008ab00000, 0x000000008ab00000| Complete 
|  84|0x000000008ac00000, 0x000000008ad00000, 0x000000008ad00000|100%| E|CS|TAMS 0x000000008ac00000, 0x000000008ac00000| Complete 
|  85|0x000000008ad00000, 0x000000008ae00000, 0x000000008ae00000|100%| E|CS|TAMS 0x000000008ad00000, 0x000000008ad00000| Complete 
|  86|0x000000008ae00000, 0x000000008af00000, 0x000000008af00000|100%| E|CS|TAMS 0x000000008ae00000, 0x000000008ae00000| Complete 
|  87|0x000000008af00000, 0x000000008b000000, 0x000000008b000000|100%| E|CS|TAMS 0x000000008af00000, 0x000000008af00000| Complete 
|  88|0x000000008b000000, 0x000000008b100000, 0x000000008b100000|100%| E|CS|TAMS 0x000000008b000000, 0x000000008b000000| Complete 
|  89|0x000000008b100000, 0x000000008b200000, 0x000000008b200000|100%| E|CS|TAMS 0x000000008b100000, 0x000000008b100000| Complete 
|  90|0x000000008b200000, 0x000000008b300000, 0x000000008b300000|100%| E|CS|TAMS 0x000000008b200000, 0x000000008b200000| Complete 
|  91|0x000000008b300000, 0x000000008b400000, 0x000000008b400000|100%| E|CS|TAMS 0x000000008b300000, 0x000000008b300000| Complete 
|  92|0x000000008b400000, 0x000000008b500000, 0x000000008b500000|100%| E|CS|TAMS 0x000000008b400000, 0x000000008b400000| Complete 
|  93|0x000000008b500000, 0x000000008b600000, 0x000000008b600000|100%| E|CS|TAMS 0x000000008b500000, 0x000000008b500000| Complete 
|  94|0x000000008b600000, 0x000000008b700000, 0x000000008b700000|100%| E|CS|TAMS 0x000000008b600000, 0x000000008b600000| Complete 
|  95|0x000000008b700000, 0x000000008b800000, 0x000000008b800000|100%| E|CS|TAMS 0x000000008b700000, 0x000000008b700000| Complete 
|  96|0x000000008b800000, 0x000000008b900000, 0x000000008b900000|100%| E|CS|TAMS 0x000000008b800000, 0x000000008b800000| Complete 
|  97|0x000000008b900000, 0x000000008ba00000, 0x000000008ba00000|100%| E|CS|TAMS 0x000000008b900000, 0x000000008b900000| Complete 
|  98|0x000000008ba00000, 0x000000008bb00000, 0x000000008bb00000|100%| E|CS|TAMS 0x000000008ba00000, 0x000000008ba00000| Complete 
|  99|0x000000008bb00000, 0x000000008bc00000, 0x000000008bc00000|100%| E|CS|TAMS 0x000000008bb00000, 0x000000008bb00000| Complete 
| 100|0x000000008bc00000, 0x000000008bc0efc0, 0x000000008bd00000|  5%| S|CS|TAMS 0x000000008bc00000, 0x000000008bc00000| Complete 
| 101|0x000000008bd00000, 0x000000008be00000, 0x000000008be00000|100%| S|CS|TAMS 0x000000008bd00000, 0x000000008bd00000| Complete 
| 102|0x000000008be00000, 0x000000008bf00000, 0x000000008bf00000|100%| E|CS|TAMS 0x000000008be00000, 0x000000008be00000| Complete 
| 103|0x000000008bf00000, 0x000000008c000000, 0x000000008c000000|100%| E|CS|TAMS 0x000000008bf00000, 0x000000008bf00000| Complete 
| 104|0x000000008c000000, 0x000000008c100000, 0x000000008c100000|100%| E|CS|TAMS 0x000000008c000000, 0x000000008c000000| Complete 
| 105|0x000000008c100000, 0x000000008c200000, 0x000000008c200000|100%| E|CS|TAMS 0x000000008c100000, 0x000000008c100000| Complete 
| 106|0x000000008c200000, 0x000000008c300000, 0x000000008c300000|100%| E|CS|TAMS 0x000000008c200000, 0x000000008c200000| Complete 
| 107|0x000000008c300000, 0x000000008c400000, 0x000000008c400000|100%| E|CS|TAMS 0x000000008c300000, 0x000000008c300000| Complete 
| 108|0x000000008c400000, 0x000000008c500000, 0x000000008c500000|100%| E|CS|TAMS 0x000000008c400000, 0x000000008c400000| Complete 
| 109|0x000000008c500000, 0x000000008c600000, 0x000000008c600000|100%| E|CS|TAMS 0x000000008c500000, 0x000000008c500000| Complete 
| 110|0x000000008c600000, 0x000000008c700000, 0x000000008c700000|100%| E|CS|TAMS 0x000000008c600000, 0x000000008c600000| Complete 
| 111|0x000000008c700000, 0x000000008c800000, 0x000000008c800000|100%| E|CS|TAMS 0x000000008c700000, 0x000000008c700000| Complete 
| 112|0x000000008c800000, 0x000000008c900000, 0x000000008c900000|100%| E|CS|TAMS 0x000000008c800000, 0x000000008c800000| Complete 
| 113|0x000000008c900000, 0x000000008ca00000, 0x000000008ca00000|100%| E|CS|TAMS 0x000000008c900000, 0x000000008c900000| Complete 
| 114|0x000000008ca00000, 0x000000008cb00000, 0x000000008cb00000|100%| E|CS|TAMS 0x000000008ca00000, 0x000000008ca00000| Complete 
| 115|0x000000008cb00000, 0x000000008cc00000, 0x000000008cc00000|100%| E|CS|TAMS 0x000000008cb00000, 0x000000008cb00000| Complete 
| 116|0x000000008cc00000, 0x000000008cd00000, 0x000000008cd00000|100%| E|CS|TAMS 0x000000008cc00000, 0x000000008cc00000| Complete 
| 117|0x000000008cd00000, 0x000000008ce00000, 0x000000008ce00000|100%| E|CS|TAMS 0x000000008cd00000, 0x000000008cd00000| Complete 
| 118|0x000000008ce00000, 0x000000008cf00000, 0x000000008cf00000|100%| E|CS|TAMS 0x000000008ce00000, 0x000000008ce00000| Complete 
| 119|0x000000008cf00000, 0x000000008d000000, 0x000000008d000000|100%| E|CS|TAMS 0x000000008cf00000, 0x000000008cf00000| Complete 
| 120|0x000000008d000000, 0x000000008d100000, 0x000000008d100000|100%| E|CS|TAMS 0x000000008d000000, 0x000000008d000000| Complete 
| 121|0x000000008d100000, 0x000000008d200000, 0x000000008d200000|100%| E|CS|TAMS 0x000000008d100000, 0x000000008d100000| Complete 
| 122|0x000000008d200000, 0x000000008d300000, 0x000000008d300000|100%| E|CS|TAMS 0x000000008d200000, 0x000000008d200000| Complete 
| 123|0x000000008d300000, 0x000000008d400000, 0x000000008d400000|100%| E|CS|TAMS 0x000000008d300000, 0x000000008d300000| Complete 
|1958|0x00000000ffe00000, 0x00000000ffe76000, 0x00000000fff00000| 46%|OA|  |TAMS 0x00000000ffe00000, 0x00000000ffe00000| Untracked 
|1959|0x00000000fff00000, 0x00000000fff88000, 0x0000000100000000| 53%|CA|  |TAMS 0x00000000fff00000, 0x00000000fff00000| Untracked 

Card table byte_map: [0x00007f0e03dfe000,0x00007f0e041d2000] _byte_map_base: 0x00007f0e039d2000

Marking Bits (Prev, Next): (CMBitMap*) 0x00007f0e1c067b30, (CMBitMap*) 0x00007f0e1c067b70
 Prev Bits: [0x00007f0e01b8a000, 0x00007f0e03a2a000)
 Next Bits: [0x00007f0dffcea000, 0x00007f0e01b8a000)

Polling page: 0x00007f0e241f2000

Metaspace:

Usage:
  Non-class:     15.53 MB used.
      Class:      2.02 MB used.
       Both:     17.56 MB used.

Virtual space:
  Non-class space:       16.00 MB reserved,      15.62 MB ( 98%) committed,  2 nodes.
      Class space:        1.00 GB reserved,       2.06 MB ( <1%) committed,  1 nodes.
              Both:        1.02 GB reserved,      17.69 MB (  2%) committed. 

Chunk freelists:
   Non-Class:  112.00 KB
       Class:  1.83 MB
        Both:  1.94 MB

MaxMetaspaceSize: 17179869184.00 GB
CompressedClassSpaceSize: 1.00 GB
 - commit_granule_bytes: 65536.
 - commit_granule_words: 8192.
 - virtual_space_node_default_size: 1048576.
 - enlarge_chunks_in_place: 1.
 - new_chunks_are_fully_committed: 0.
 - uncommit_free_chunks: 1.
 - use_allocation_guard: 0.
 - handle_deallocations: 1.


Internal statistics:

num_allocs_failed_limit: 0.
num_arena_births: 62.
num_arena_deaths: 0.
num_vsnodes_births: 3.
num_vsnodes_deaths: 0.
num_space_committed: 283.
num_space_uncommitted: 0.
num_chunks_returned_to_freelist: 0.
num_chunks_taken_from_freelist: 582.
num_chunk_merges: 0.
num_chunk_splits: 481.
num_chunks_enlarged: 433.
num_purges: 0.

CodeHeap 'non-profiled nmethods': size=120032Kb used=686Kb max_used=686Kb free=119345Kb
 bounds [0x00007f0e0c06e000, 0x00007f0e0c2de000, 0x00007f0e135a6000]
CodeHeap 'profiled nmethods': size=120028Kb used=2445Kb max_used=2445Kb free=117583Kb
 bounds [0x00007f0e04b37000, 0x00007f0e04da7000, 0x00007f0e0c06e000]
CodeHeap 'non-nmethods': size=5700Kb used=1310Kb max_used=1336Kb free=4390Kb
 bounds [0x00007f0e045a6000, 0x00007f0e04816000, 0x00007f0e04b37000]
 total_blobs=1990 nmethods=1426 adapters=477
 compilation: enabled
              stopped_count=0, restarted_count=0
 full_count=0

Compilation events (20 events):
Event: 2.183 Thread 0x00007f0e1c1200b0 1417       4       jdk.internal.util.Preconditions::checkIndex (18 bytes)
Event: 2.183 Thread 0x00007f0e1c1200b0 nmethod 1417 0x00007f0e0c119590 code [0x00007f0e0c119720, 0x00007f0e0c1197b8]
Event: 2.185 Thread 0x00007f0e1c121710 1418       3       com.fasterxml.jackson.databind.cfg.MapperConfig::constructType (9 bytes)
Event: 2.185 Thread 0x00007f0e1c121710 nmethod 1418 0x00007f0e04d97690 code [0x00007f0e04d97860, 0x00007f0e04d97ac0]
Event: 2.187 Thread 0x00007f0e1c121710 1419       1       java.lang.reflect.Method::getGenericSignature (5 bytes)
Event: 2.187 Thread 0x00007f0e1c121710 nmethod 1419 0x00007f0e0c119890 code [0x00007f0e0c119a20, 0x00007f0e0c119af0]
Event: 2.187 Thread 0x00007f0e1c121710 1420       3       com.fasterxml.jackson.databind.introspect.JacksonAnnotationIntrospector::findViews (26 bytes)
Event: 2.187 Thread 0x00007f0e1c121710 nmethod 1420 0x00007f0e04d97c10 code [0x00007f0e04d97de0, 0x00007f0e04d982f0]
Event: 2.190 Thread 0x00007f0e1c121710 1421       3       com.fasterxml.jackson.databind.introspect.POJOPropertyBuilder$Linked::withoutNonVisible (36 bytes)
Event: 2.190 Thread 0x00007f0e1c121710 nmethod 1421 0x00007f0e04d98490 code [0x00007f0e04d98660, 0x00007f0e04d988b0]
Event: 2.190 Thread 0x00007f0e1c121710 1423       3       com.fasterxml.jackson.databind.cfg.MapperConfig::introspectClassAnnotations (11 bytes)
Event: 2.190 Thread 0x00007f0e1c121710 nmethod 1423 0x00007f0e04d98990 code [0x00007f0e04d98b40, 0x00007f0e04d98e40]
Event: 2.190 Thread 0x00007f0e1c121710 1424       3       com.fasterxml.jackson.databind.introspect.BasicClassIntrospector::forClassAnnotations (8 bytes)
Event: 2.191 Thread 0x00007f0e1c121710 nmethod 1424 0x00007f0e04d98f90 code [0x00007f0e04d99140, 0x00007f0e04d992a0]
Event: 2.191 Thread 0x00007f0e1c121710 1425       3       com.fasterxml.jackson.databind.introspect.BasicClassIntrospector::forClassAnnotations (30 bytes)
Event: 2.191 Thread 0x00007f0e1c121710 nmethod 1425 0x00007f0e04d99390 code [0x00007f0e04d99560, 0x00007f0e04d99800]
Event: 2.191 Thread 0x00007f0e1c121710 1422       3       com.fasterxml.jackson.databind.introspect.AnnotatedWithParams::<init> (12 bytes)
Event: 2.191 Thread 0x00007f0e1c121710 nmethod 1422 0x00007f0e04d99990 code [0x00007f0e04d99b40, 0x00007f0e04d99e70]
Event: 2.562 Thread 0x00007f0e1c121710 1426       3       java.lang.String::valueOf (15 bytes)
Event: 2.563 Thread 0x00007f0e1c121710 nmethod 1426 0x00007f0e04d99f90 code [0x00007f0e04d9a140, 0x00007f0e04d9a360]

GC Heap History (4 events):
Event: 0.937 GC heap before
{Heap before GC invocations=0 (full 0):
 garbage-first heap   total 129024K, used 13304K [0x0000000085800000, 0x0000000100000000)
  region size 1024K, 13 young (13312K), 0 survivors (0K)
 Metaspace       used 3464K, committed 3584K, reserved 1056768K
  class space    used 362K, committed 448K, reserved 1048576K
}
Event: 0.949 GC heap after
{Heap after GC invocations=1 (full 0):
 garbage-first heap   total 129024K, used 3436K [0x0000000085800000, 0x0000000100000000)
  region size 1024K, 2 young (2048K), 2 survivors (2048K)
 Metaspace       used 3464K, committed 3584K, reserved 1056768K
  class space    used 362K, committed 448K, reserved 1048576K
}
Event: 1.302 GC heap before
{Heap before GC invocations=1 (full 0):
 garbage-first heap   total 129024K, used 22892K [0x0000000085800000, 0x0000000100000000)
  region size 1024K, 22 young (22528K), 2 survivors (2048K)
 Metaspace       used 8871K, committed 9024K, reserved 1064960K
  class space    used 1034K, committed 1088K, reserved 1048576K
}
Event: 1.317 GC heap after
{Heap after GC invocations=2 (full 0):
 garbage-first heap   total 129024K, used 4556K [0x0000000085800000, 0x0000000100000000)
  region size 1024K, 2 young (2048K), 2 survivors (2048K)
 Metaspace       used 8871K, committed 9024K, reserved 1064960K
  class space    used 1034K, committed 1088K, reserved 1048576K
}

Deoptimization events (20 events):
Event: 1.874 Thread 0x00007f0e1c026cf0 Uncommon trap: trap_request=0xffffffde fr.pc=0x00007f0e0c0ce130 relative=0x00000000000014f0
Event: 1.874 Thread 0x00007f0e1c026cf0 Uncommon trap: reason=class_check action=maybe_recompile pc=0x00007f0e0c0ce130 method=java.util.concurrent.ConcurrentHashMap.putVal(Ljava/lang/Object;Ljava/lang/Object;Z)Ljava/lang/Object; @ 242 c2
Event: 1.874 Thread 0x00007f0e1c026cf0 DEOPT PACKING pc=0x00007f0e0c0ce130 sp=0x00007f0e23bd42d0
Event: 1.874 Thread 0x00007f0e1c026cf0 DEOPT UNPACKING pc=0x00007f0e045f3424 sp=0x00007f0e23bd4260 mode 2
Event: 1.874 Thread 0x00007f0e1c026cf0 Uncommon trap: trap_request=0xffffff45 fr.pc=0x00007f0e0c0b7e8c relative=0x000000000000036c
Event: 1.874 Thread 0x00007f0e1c026cf0 Uncommon trap: reason=unstable_if action=reinterpret pc=0x00007f0e0c0b7e8c method=java.util.concurrent.ConcurrentHashMap.get(Ljava/lang/Object;)Ljava/lang/Object; @ 152 c2
Event: 1.874 Thread 0x00007f0e1c026cf0 DEOPT PACKING pc=0x00007f0e0c0b7e8c sp=0x00007f0e23bd44f0
Event: 1.874 Thread 0x00007f0e1c026cf0 DEOPT UNPACKING pc=0x00007f0e045f3424 sp=0x00007f0e23bd44a8 mode 2
Event: 1.875 Thread 0x00007f0e1c026cf0 Uncommon trap: trap_request=0xffffffde fr.pc=0x00007f0e0c0ce130 relative=0x00000000000014f0
Event: 1.875 Thread 0x00007f0e1c026cf0 Uncommon trap: reason=class_check action=maybe_recompile pc=0x00007f0e0c0ce130 method=java.util.concurrent.ConcurrentHashMap.putVal(Ljava/lang/Object;Ljava/lang/Object;Z)Ljava/lang/Object; @ 242 c2
Event: 1.875 Thread 0x00007f0e1c026cf0 DEOPT PACKING pc=0x00007f0e0c0ce130 sp=0x00007f0e23bd3fc0
Event: 1.875 Thread 0x00007f0e1c026cf0 DEOPT UNPACKING pc=0x00007f0e045f3424 sp=0x00007f0e23bd3f50 mode 2
Event: 1.881 Thread 0x00007f0e1c026cf0 Uncommon trap: trap_request=0xffffffde fr.pc=0x00007f0e0c0ce130 relative=0x00000000000014f0
Event: 1.881 Thread 0x00007f0e1c026cf0 Uncommon trap: reason=class_check action=maybe_recompile pc=0x00007f0e0c0ce130 method=java.util.concurrent.ConcurrentHashMap.putVal(Ljava/lang/Object;Ljava/lang/Object;Z)Ljava/lang/Object; @ 242 c2
Event: 1.881 Thread 0x00007f0e1c026cf0 DEOPT PACKING pc=0x00007f0e0c0ce130 sp=0x00007f0e23bd4140
Event: 1.881 Thread 0x00007f0e1c026cf0 DEOPT UNPACKING pc=0x00007f0e045f3424 sp=0x00007f0e23bd40d0 mode 2
Event: 2.045 Thread 0x00007f0e1c026cf0 Uncommon trap: trap_request=0xffffff45 fr.pc=0x00007f0e0c1180e8 relative=0x00000000000007e8
Event: 2.045 Thread 0x00007f0e1c026cf0 Uncommon trap: reason=unstable_if action=reinterpret pc=0x00007f0e0c1180e8 method=java.io.BufferedInputStream.read([BII)I @ 56 c2
Event: 2.045 Thread 0x00007f0e1c026cf0 DEOPT PACKING pc=0x00007f0e0c1180e8 sp=0x00007f0e23bd4b60
Event: 2.045 Thread 0x00007f0e1c026cf0 DEOPT UNPACKING pc=0x00007f0e045f3424 sp=0x00007f0e23bd4b38 mode 2

Classes unloaded (0 events):
No events

Classes redefined (0 events):
No events

Internal exceptions (20 events):
Event: 0.553 Thread 0x00007f0e1c026cf0 Exception <a 'java/io/FileNotFoundException'{0x000000008cf07d40}> (0x000000008cf07d40) 
thrown [./src/hotspot/share/prims/jni.cpp, line 579]
Event: 0.711 Thread 0x00007f0e1c026cf0 Exception <a 'java/lang/NoSuchMethodError'{0x000000008cda86c0}: 'java.lang.Object java.lang.invoke.DirectMethodHandle$Holder.invokeInterface(java.lang.Object, java.lang.Object)'> (0x000000008cda86c0) 
thrown [./src/hotspot/share/interpreter/linkResolver.cpp, line 790]
Event: 0.711 Thread 0x00007f0e1c026cf0 Exception <a 'java/lang/IncompatibleClassChangeError'{0x000000008cdadb70}: Found class java.lang.Object, but interface was expected> (0x000000008cdadb70) 
thrown [./src/hotspot/share/interpreter/linkResolver.cpp, line 857]
Event: 0.811 Thread 0x00007f0e1c026cf0 Exception <a 'java/lang/NoSuchMethodError'{0x000000008cbd24c0}: 'void java.lang.invoke.DirectMethodHandle$Holder.invokeSpecial(java.lang.Object, java.lang.Object, java.lang.Object)'> (0x000000008cbd24c0) 
thrown [./src/hotspot/share/interpreter/linkResolver.cpp, line 790]
Event: 0.895 Thread 0x00007f0e1c026cf0 Exception <a 'java/lang/NoClassDefFoundError'{0x000000008c893c70}: org/slf4j/LoggerFactory> (0x000000008c893c70) 
thrown [./src/hotspot/share/classfile/systemDictionary.cpp, line 245]
Event: 0.895 Thread 0x00007f0e1c026cf0 Exception <a 'java/lang/NoClassDefFoundError'{0x000000008c89f8b0}: org/apache/logging/log4j/spi/ExtendedLoggerWrapper> (0x000000008c89f8b0) 
thrown [./src/hotspot/share/classfile/systemDictionary.cpp, line 245]
Event: 0.896 Thread 0x00007f0e1c026cf0 Exception <a 'java/lang/NoClassDefFoundError'{0x000000008c8ac718}: org/apache/log4j/Priority> (0x000000008c8ac718) 
thrown [./src/hotspot/share/classfile/systemDictionary.cpp, line 245]
Event: 0.906 Thread 0x00007f0e1c026cf0 Exception <a 'java/lang/NoSuchMethodError'{0x000000008c72a940}: 'java.lang.Object java.lang.invoke.DirectMethodHandle$Holder.invokeStatic(java.lang.Object)'> (0x000000008c72a940) 
thrown [./src/hotspot/share/interpreter/linkResolver.cpp, line 790]
Event: 0.910 Thread 0x00007f0e1c026cf0 Exception <a 'java/lang/NoSuchMethodError'{0x000000008c72e2f0}: 'java.lang.Object java.lang.invoke.DirectMethodHandle$Holder.invokeStaticInit(java.lang.Object)'> (0x000000008c72e2f0) 
thrown [./src/hotspot/share/interpreter/linkResolver.cpp, line 790]
Event: 0.919 Thread 0x00007f0e1c026cf0 Exception <a 'java/lang/NoSuchMethodError'{0x000000008c773258}: 'java.lang.Object java.lang.invoke.DirectMethodHandle$Holder.invokeStaticInit(java.lang.Object, java.lang.Object, java.lang.Object)'> (0x000000008c773258) 
thrown [./src/hotspot/share/interpreter/linkResolver.cpp, line 790]
Event: 0.928 Thread 0x00007f0e1c026cf0 Exception <a 'java/lang/NoSuchMethodError'{0x000000008c79de88}: 'int java.lang.invoke.DirectMethodHandle$Holder.invokeSpecial(java.lang.Object, java.lang.Object, java.lang.Object)'> (0x000000008c79de88) 
thrown [./src/hotspot/share/interpreter/linkResolver.cpp, line 790]
Event: 0.978 Thread 0x00007f0e1c026cf0 Exception <a 'java/lang/UnsatisfiedLinkError'{0x000000008d2438f0}: 'int io.grpc.netty.shaded.io.netty.channel.epoll.Native.offsetofEpollData()'> (0x000000008d2438f0) 
thrown [./src/hotspot/share/prims/nativeLookup.cpp, line 541]
Event: 0.980 Thread 0x00007f0e1c026cf0 Exception <a 'java/lang/reflect/InvocationTargetException'{0x000000008d25bca0}> (0x000000008d25bca0) 
thrown [./src/hotspot/share/runtime/reflection.cpp, line 1157]
Event: 1.724 Thread 0x00007f0e1c026cf0 Implicit null exception at 0x00007f0e0c0ea4e0 to 0x00007f0e0c0ebf2c
Event: 1.737 Thread 0x00007f0e1c026cf0 Exception <a 'java/lang/NoSuchMethodError'{0x000000008b4d5c70}: 'long java.lang.invoke.DirectMethodHandle$Holder.invokeSpecial(java.lang.Object, java.lang.Object)'> (0x000000008b4d5c70) 
thrown [./src/hotspot/share/interpreter/linkResolver.cpp, line 790]
Event: 1.739 Thread 0x00007f0e1c026cf0 Exception <a 'java/lang/NoSuchMethodError'{0x000000008b4e12b0}: 'long java.lang.invoke.DirectMethodHandle$Holder.invokeStatic(java.lang.Object, java.lang.Object)'> (0x000000008b4e12b0) 
thrown [./src/hotspot/share/interpreter/linkResolver.cpp, line 790]
Event: 1.740 Thread 0x00007f0e1c026cf0 Exception <a 'java/lang/NoSuchMethodError'{0x000000008b4e4a90}: 'long java.lang.invoke.DirectMethodHandle$Holder.invokeStaticInit(java.lang.Object, java.lang.Object)'> (0x000000008b4e4a90) 
thrown [./src/hotspot/share/interpreter/linkResolver.cpp, line 790]
Event: 1.742 Thread 0x00007f0e1c026cf0 Exception <a 'java/lang/NoSuchMethodError'{0x000000008b4f2980}: 'long java.lang.invoke.DirectMethodHandle$Holder.invokeInterface(java.lang.Object, java.lang.Object)'> (0x000000008b4f2980) 
thrown [./src/hotspot/share/interpreter/linkResolver.cpp, line 790]
Event: 1.742 Thread 0x00007f0e1c026cf0 Exception <a 'java/lang/IncompatibleClassChangeError'{0x000000008b4f60e0}: Found class java.lang.Object, but interface was expected> (0x000000008b4f60e0) 
thrown [./src/hotspot/share/interpreter/linkResolver.cpp, line 857]
Event: 1.784 Thread 0x00007f0e1c026cf0 Exception <a 'java/lang/NoSuchMethodError'{0x000000008b1683b8}: 'java.lang.Object java.lang.invoke.DirectMethodHandle$Holder.newInvokeSpecial(java.lang.Object, java.lang.Object, java.lang.Object, java.lang.Object, java.lang.Object)'> (0x000000008b1683b8) 
thrown [./src/hotspot/share/interpreter/linkResolver.cpp, line 790]

Events (20 events):
Event: 2.368 Executing  VM operation: get/set locals
Event: 2.368 Executing  VM operation: get/set locals done
Event: 5.267 Executing  VM operation: ChangeBreakpoints
Event: 5.267 Executing  VM operation: ChangeBreakpoints done
Event: 5.268 Executing  VM operation: ChangeBreakpoints
Event: 5.268 Executing  VM operation: ChangeBreakpoints done
Event: 5.268 Executing  VM operation: ChangeBreakpoints
Event: 5.268 Executing  VM operation: ChangeBreakpoints done
Event: 5.268 Executing  VM operation: ChangeBreakpoints
Event: 5.268 Executing  VM operation: ChangeBreakpoints done
Event: 5.269 Executing  VM operation: ChangeBreakpoints
Event: 5.269 Executing  VM operation: ChangeBreakpoints done
Event: 5.269 Executing  VM operation: ChangeBreakpoints
Event: 5.269 Executing  VM operation: ChangeBreakpoints done
Event: 5.277 Executing  VM operation: ChangeSingleStep
Event: 5.277 Executing  VM operation: ChangeSingleStep done
Event: 5.278 Executing  VM operation: ChangeSingleStep
Event: 5.278 Executing  VM operation: ChangeSingleStep done
Event: 5.278 Executing  VM operation: ChangeSingleStep
Event: 5.278 Executing  VM operation: ChangeSingleStep done


Dynamic libraries:
85800000-8d400000 rw-p 00000000 00:00 0 
8d400000-ffe00000 ---p 00000000 00:00 0 
ffe00000-ffe76000 rw-p 00cb8000 103:02 658613                            /home/tanmay/.jdks/corretto-16.0.2/lib/server/classes.jsa
ffe76000-fff00000 rw-p 00000000 00:00 0 
fff00000-fff88000 rw-p 00c30000 103:02 658613                            /home/tanmay/.jdks/corretto-16.0.2/lib/server/classes.jsa
fff88000-100000000 rw-p 00000000 00:00 0 
800000000-800003000 rwxp 00001000 103:02 658613                          /home/tanmay/.jdks/corretto-16.0.2/lib/server/classes.jsa
800003000-800bf7000 rw-p 00004000 103:02 658613                          /home/tanmay/.jdks/corretto-16.0.2/lib/server/classes.jsa
800bf7000-800c00000 ---p 00000000 00:00 0 
800c00000-800c40000 rw-p 00000000 00:00 0 
800c40000-800cc0000 rw-p 00000000 00:00 0 
800cc0000-800ce0000 rw-p 00000000 00:00 0 
800ce0000-800d00000 ---p 00000000 00:00 0 
800d00000-800e30000 rw-p 00000000 00:00 0 
800e30000-840c00000 ---p 00000000 00:00 0 
556ea2800000-556ea2801000 r-xp 00000000 103:02 658681                    /home/tanmay/.jdks/corretto-16.0.2/bin/java
556ea2a01000-556ea2a02000 r--p 00001000 103:02 658681                    /home/tanmay/.jdks/corretto-16.0.2/bin/java
556ea2a02000-556ea2a03000 rw-p 00002000 103:02 658681                    /home/tanmay/.jdks/corretto-16.0.2/bin/java
556ea4678000-556ea4699000 rw-p 00000000 00:00 0                          [heap]
7f0d80000000-7f0d80034000 rw-p 00000000 00:00 0 
7f0d80034000-7f0d84000000 ---p 00000000 00:00 0 
7f0d88000000-7f0d88021000 rw-p 00000000 00:00 0 
7f0d88021000-7f0d8c000000 ---p 00000000 00:00 0 
7f0d8c000000-7f0d8c021000 rw-p 00000000 00:00 0 
7f0d8c021000-7f0d90000000 ---p 00000000 00:00 0 
7f0d90000000-7f0d90021000 rw-p 00000000 00:00 0 
7f0d90021000-7f0d94000000 ---p 00000000 00:00 0 
7f0d94000000-7f0d94154000 rw-p 00000000 00:00 0 
7f0d94154000-7f0d98000000 ---p 00000000 00:00 0 
7f0d98000000-7f0d98021000 rw-p 00000000 00:00 0 
7f0d98021000-7f0d9c000000 ---p 00000000 00:00 0 
7f0d9c000000-7f0d9c34c000 rw-p 00000000 00:00 0 
7f0d9c34c000-7f0da0000000 ---p 00000000 00:00 0 
7f0da0000000-7f0da0021000 rw-p 00000000 00:00 0 
7f0da0021000-7f0da4000000 ---p 00000000 00:00 0 
7f0da4000000-7f0da4021000 rw-p 00000000 00:00 0 
7f0da4021000-7f0da8000000 ---p 00000000 00:00 0 
7f0da8000000-7f0da8021000 rw-p 00000000 00:00 0 
7f0da8021000-7f0dac000000 ---p 00000000 00:00 0 
7f0dac000000-7f0dac021000 rw-p 00000000 00:00 0 
7f0dac021000-7f0db0000000 ---p 00000000 00:00 0 
7f0db0000000-7f0db005b000 rw-p 00000000 00:00 0 
7f0db005b000-7f0db4000000 ---p 00000000 00:00 0 
7f0db4000000-7f0db4021000 rw-p 00000000 00:00 0 
7f0db4021000-7f0db8000000 ---p 00000000 00:00 0 
7f0db8000000-7f0db8037000 rw-p 00000000 00:00 0 
7f0db8037000-7f0dbc000000 ---p 00000000 00:00 0 
7f0dbc4db000-7f0dbca34000 rw-p 00000000 00:00 0 
7f0dbca34000-7f0dbca7c000 r--p 00000000 103:02 1836065                   /tmp/b5c397aad1de5057144508214840459libcrypto_jni.so.so
7f0dbca7c000-7f0dbcd8c000 r-xp 00048000 103:02 1836065                   /tmp/b5c397aad1de5057144508214840459libcrypto_jni.so.so
7f0dbcd8c000-7f0dbd1db000 r--p 00358000 103:02 1836065                   /tmp/b5c397aad1de5057144508214840459libcrypto_jni.so.so
7f0dbd1db000-7f0dbd1fd000 r--p 007a6000 103:02 1836065                   /tmp/b5c397aad1de5057144508214840459libcrypto_jni.so.so
7f0dbd1fd000-7f0dbd1fe000 rw-p 007c8000 103:02 1836065                   /tmp/b5c397aad1de5057144508214840459libcrypto_jni.so.so
7f0dbd1fe000-7f0dbd600000 rw-p 00000000 00:00 0 
7f0dbd600000-7f0dbd604000 ---p 00000000 00:00 0 
7f0dbd604000-7f0dbd700000 rw-p 00000000 00:00 0 
7f0dbd700000-7f0dbd704000 ---p 00000000 00:00 0 
7f0dbd704000-7f0dbdff0000 rw-p 00000000 00:00 0 
7f0dbdff0000-7f0dbe000000 ---p 00000000 00:00 0 
7f0dbe000000-7f0dbe004000 ---p 00000000 00:00 0 
7f0dbe004000-7f0dbe100000 rw-p 00000000 00:00 0 
7f0dbe100000-7f0dbe104000 ---p 00000000 00:00 0 
7f0dbe104000-7f0dbe200000 rw-p 00000000 00:00 0 
7f0dbe200000-7f0dbe20f000 r-xp 00000000 103:02 1836064                   /tmp/libio_grpc_netty_shaded_netty_transport_native_epoll_x86_643550238101463096747.so (deleted)
7f0dbe20f000-7f0dbe40e000 ---p 0000f000 103:02 1836064                   /tmp/libio_grpc_netty_shaded_netty_transport_native_epoll_x86_643550238101463096747.so (deleted)
7f0dbe40e000-7f0dbe410000 rw-p 0000e000 103:02 1836064                   /tmp/libio_grpc_netty_shaded_netty_transport_native_epoll_x86_643550238101463096747.so (deleted)
7f0dbe500000-7f0dbe504000 ---p 00000000 00:00 0 
7f0dbe504000-7f0dbe600000 rw-p 00000000 00:00 0 
7f0dbe600000-7f0dbe606000 r-xp 00000000 103:02 139446                    /home/tanmay/.jdks/corretto-16.0.2/lib/libmanagement_ext.so
7f0dbe606000-7f0dbe805000 ---p 00006000 103:02 139446                    /home/tanmay/.jdks/corretto-16.0.2/lib/libmanagement_ext.so
7f0dbe805000-7f0dbe806000 r--p 00005000 103:02 139446                    /home/tanmay/.jdks/corretto-16.0.2/lib/libmanagement_ext.so
7f0dbe806000-7f0dbe807000 rw-p 00000000 00:00 0 
7f0dbe900000-7f0dbe904000 ---p 00000000 00:00 0 
7f0dbe904000-7f0dbea00000 rw-p 00000000 00:00 0 
7f0dbea00000-7f0dbea04000 r-xp 00000000 103:02 139435                    /home/tanmay/.jdks/corretto-16.0.2/lib/libmanagement.so
7f0dbea04000-7f0dbec03000 ---p 00004000 103:02 139435                    /home/tanmay/.jdks/corretto-16.0.2/lib/libmanagement.so
7f0dbec03000-7f0dbec04000 r--p 00003000 103:02 139435                    /home/tanmay/.jdks/corretto-16.0.2/lib/libmanagement.so
7f0dbec04000-7f0dbec05000 rw-p 00000000 00:00 0 
7f0dbecfe000-7f0dbecff000 ---p 00000000 00:00 0 
7f0dbecff000-7f0dbee00000 rw-p 00000000 00:00 0 
7f0dbee00000-7f0dbee10000 r-xp 00000000 103:02 139409                    /home/tanmay/.jdks/corretto-16.0.2/lib/libverify.so
7f0dbee10000-7f0dbf010000 ---p 00010000 103:02 139409                    /home/tanmay/.jdks/corretto-16.0.2/lib/libverify.so
7f0dbf010000-7f0dbf012000 r--p 00010000 103:02 139409                    /home/tanmay/.jdks/corretto-16.0.2/lib/libverify.so
7f0dbf012000-7f0dbf013000 rw-p 00000000 00:00 0 
7f0dbf0fe000-7f0dbf0ff000 ---p 00000000 00:00 0 
7f0dbf0ff000-7f0dbf200000 rw-p 00000000 00:00 0 
7f0dbf200000-7f0dbf214000 r-xp 00000000 103:02 139415                    /home/tanmay/.jdks/corretto-16.0.2/lib/libnet.so
7f0dbf214000-7f0dbf414000 ---p 00014000 103:02 139415                    /home/tanmay/.jdks/corretto-16.0.2/lib/libnet.so
7f0dbf414000-7f0dbf415000 r--p 00014000 103:02 139415                    /home/tanmay/.jdks/corretto-16.0.2/lib/libnet.so
7f0dbf415000-7f0dbf416000 rw-p 00015000 103:02 139415                    /home/tanmay/.jdks/corretto-16.0.2/lib/libnet.so
7f0dbf4fe000-7f0dbf4ff000 ---p 00000000 00:00 0 
7f0dbf4ff000-7f0dbf600000 rw-p 00000000 00:00 0 
7f0dbf600000-7f0dbf612000 r-xp 00000000 103:02 139416                    /home/tanmay/.jdks/corretto-16.0.2/lib/libnio.so
7f0dbf612000-7f0dbf811000 ---p 00012000 103:02 139416                    /home/tanmay/.jdks/corretto-16.0.2/lib/libnio.so
7f0dbf811000-7f0dbf812000 r--p 00011000 103:02 139416                    /home/tanmay/.jdks/corretto-16.0.2/lib/libnio.so
7f0dbf812000-7f0dbf813000 rw-p 00012000 103:02 139416                    /home/tanmay/.jdks/corretto-16.0.2/lib/libnio.so
7f0dbf8fe000-7f0dbf8ff000 ---p 00000000 00:00 0 
7f0dbf8ff000-7f0dbfa00000 rw-p 00000000 00:00 0 
7f0dbfa00000-7f0dbfa04000 ---p 00000000 00:00 0 
7f0dbfa04000-7f0dbfb00000 rw-p 00000000 00:00 0 
7f0dbfb00000-7f0dbfb04000 ---p 00000000 00:00 0 
7f0dbfb04000-7f0dbfc00000 rw-p 00000000 00:00 0 
7f0dbfc00000-7f0dbfc05000 r-xp 00000000 103:02 139444                    /home/tanmay/.jdks/corretto-16.0.2/lib/libdt_socket.so
7f0dbfc05000-7f0dbfe04000 ---p 00005000 103:02 139444                    /home/tanmay/.jdks/corretto-16.0.2/lib/libdt_socket.so
7f0dbfe04000-7f0dbfe05000 r--p 00004000 103:02 139444                    /home/tanmay/.jdks/corretto-16.0.2/lib/libdt_socket.so
7f0dbfe05000-7f0dbfe06000 rw-p 00005000 103:02 139444                    /home/tanmay/.jdks/corretto-16.0.2/lib/libdt_socket.so
7f0dbff00000-7f0dbff04000 ---p 00000000 00:00 0 
7f0dbff04000-7f0dc0000000 rw-p 00000000 00:00 0 
7f0dc0000000-7f0dc0021000 rw-p 00000000 00:00 0 
7f0dc0021000-7f0dc4000000 ---p 00000000 00:00 0 
7f0dc4000000-7f0dc4021000 rw-p 00000000 00:00 0 
7f0dc4021000-7f0dc8000000 ---p 00000000 00:00 0 
7f0dc8000000-7f0dc87e4000 rw-p 00000000 00:00 0 
7f0dc87e4000-7f0dcc000000 ---p 00000000 00:00 0 
7f0dcc000000-7f0dcc3de000 rw-p 00000000 00:00 0 
7f0dcc3de000-7f0dd0000000 ---p 00000000 00:00 0 
7f0dd0000000-7f0dd0021000 rw-p 00000000 00:00 0 
7f0dd0021000-7f0dd4000000 ---p 00000000 00:00 0 
7f0dd4000000-7f0dd4021000 rw-p 00000000 00:00 0 
7f0dd4021000-7f0dd8000000 ---p 00000000 00:00 0 
7f0dd8000000-7f0dd8021000 rw-p 00000000 00:00 0 
7f0dd8021000-7f0ddc000000 ---p 00000000 00:00 0 
7f0ddc000000-7f0ddc021000 rw-p 00000000 00:00 0 
7f0ddc021000-7f0de0000000 ---p 00000000 00:00 0 
7f0de0000000-7f0de0021000 rw-p 00000000 00:00 0 
7f0de0021000-7f0de4000000 ---p 00000000 00:00 0 
7f0de4000000-7f0de4021000 rw-p 00000000 00:00 0 
7f0de4021000-7f0de8000000 ---p 00000000 00:00 0 
7f0de8000000-7f0de8021000 rw-p 00000000 00:00 0 
7f0de8021000-7f0dec000000 ---p 00000000 00:00 0 
7f0dec000000-7f0dec021000 rw-p 00000000 00:00 0 
7f0dec021000-7f0df0000000 ---p 00000000 00:00 0 
7f0df0000000-7f0df0021000 rw-p 00000000 00:00 0 
7f0df0021000-7f0df4000000 ---p 00000000 00:00 0 
7f0df4000000-7f0df4021000 rw-p 00000000 00:00 0 
7f0df4021000-7f0df8000000 ---p 00000000 00:00 0 
7f0df8000000-7f0df8021000 rw-p 00000000 00:00 0 
7f0df8021000-7f0dfc000000 ---p 00000000 00:00 0 
7f0dfc0fe000-7f0dfc102000 ---p 00000000 00:00 0 
7f0dfc102000-7f0dfc1fe000 rw-p 00000000 00:00 0 
7f0dfc1fe000-7f0dfc202000 ---p 00000000 00:00 0 
7f0dfc202000-7f0dfc2fe000 rw-p 00000000 00:00 0 
7f0dfc2fe000-7f0dfc302000 ---p 00000000 00:00 0 
7f0dfc302000-7f0dfc3fe000 rw-p 00000000 00:00 0 
7f0dfc3fe000-7f0dfc402000 ---p 00000000 00:00 0 
7f0dfc402000-7f0dfc4fe000 rw-p 00000000 00:00 0 
7f0dfc4fe000-7f0dfc502000 ---p 00000000 00:00 0 
7f0dfc502000-7f0dfc5fe000 rw-p 00000000 00:00 0 
7f0dfc5fe000-7f0dfc602000 ---p 00000000 00:00 0 
7f0dfc602000-7f0dfc6fe000 rw-p 00000000 00:00 0 
7f0dfc6fe000-7f0dfc702000 ---p 00000000 00:00 0 
7f0dfc702000-7f0dfc7fe000 rw-p 00000000 00:00 0 
7f0dfc7fe000-7f0dfc802000 ---p 00000000 00:00 0 
7f0dfc802000-7f0dfc8fe000 rw-p 00000000 00:00 0 
7f0dfc8fe000-7f0dfc902000 ---p 00000000 00:00 0 
7f0dfc902000-7f0dfc9fe000 rw-p 00000000 00:00 0 
7f0dfc9fe000-7f0dfca02000 ---p 00000000 00:00 0 
7f0dfca02000-7f0dfcafe000 rw-p 00000000 00:00 0 
7f0dfcafe000-7f0dfcaff000 ---p 00000000 00:00 0 
7f0dfcaff000-7f0dfcfb0000 rw-p 00000000 00:00 0 
7f0dfcfb0000-7f0dfd000000 ---p 00000000 00:00 0 
7f0dfd000000-7f0dfd400000 rw-p 00000000 00:00 0 
7f0dfd4de000-7f0dfd4df000 ---p 00000000 00:00 0 
7f0dfd4df000-7f0dfd5e0000 rw-p 00000000 00:00 0 
7f0dfd5e0000-7f0dfd5e1000 ---p 00000000 00:00 0 
7f0dfd5e1000-7f0dffae6000 rw-p 00000000 00:00 0 
7f0dffae6000-7f0dffae7000 ---p 00000000 00:00 0 
7f0dffae7000-7f0dffbe8000 rw-p 00000000 00:00 0 
7f0dffbe8000-7f0dffbe9000 ---p 00000000 00:00 0 
7f0dffbe9000-7f0dffeda000 rw-p 00000000 00:00 0 
7f0dffeda000-7f0e01b82000 ---p 00000000 00:00 0 
7f0e01b82000-7f0e01d7a000 rw-p 00000000 00:00 0 
7f0e01d7a000-7f0e03a22000 ---p 00000000 00:00 0 
7f0e03a22000-7f0e03a68000 rw-p 00000000 00:00 0 
7f0e03a68000-7f0e03dfd000 ---p 00000000 00:00 0 
7f0e03dfd000-7f0e03e3c000 rw-p 00000000 00:00 0 
7f0e03e3c000-7f0e041d1000 ---p 00000000 00:00 0 
7f0e041d1000-7f0e04210000 rw-p 00000000 00:00 0 
7f0e04210000-7f0e045a5000 ---p 00000000 00:00 0 
7f0e045a5000-7f0e045a6000 rw-p 00000000 00:00 0 
7f0e045a6000-7f0e04816000 rwxp 00000000 00:00 0 
7f0e04816000-7f0e04b37000 ---p 00000000 00:00 0 
7f0e04b37000-7f0e04da7000 rwxp 00000000 00:00 0 
7f0e04da7000-7f0e0c06e000 ---p 00000000 00:00 0 
7f0e0c06e000-7f0e0c2de000 rwxp 00000000 00:00 0 
7f0e0c2de000-7f0e135a6000 ---p 00000000 00:00 0 
7f0e135a6000-7f0e1c000000 r--s 00000000 103:02 139405                    /home/tanmay/.jdks/corretto-16.0.2/lib/modules
7f0e1c000000-7f0e1c94a000 rw-p 00000000 00:00 0 
7f0e1c94a000-7f0e20000000 ---p 00000000 00:00 0 
7f0e200fe000-7f0e200ff000 ---p 00000000 00:00 0 
7f0e200ff000-7f0e20200000 rw-p 00000000 00:00 0 
7f0e20200000-7f0e2021a000 r-xp 00000000 103:02 139413                    /home/tanmay/.jdks/corretto-16.0.2/lib/libzip.so
7f0e2021a000-7f0e20419000 ---p 0001a000 103:02 139413                    /home/tanmay/.jdks/corretto-16.0.2/lib/libzip.so
7f0e20419000-7f0e2041a000 r--p 00019000 103:02 139413                    /home/tanmay/.jdks/corretto-16.0.2/lib/libzip.so
7f0e2041a000-7f0e2041b000 rw-p 00000000 00:00 0 
7f0e20518000-7f0e20619000 rw-p 00000000 00:00 0 
7f0e20619000-7f0e21400000 r--p 00000000 103:02 1185121                   /usr/lib/locale/locale-archive
7f0e21400000-7f0e2140a000 r-xp 00000000 103:02 139434                    /home/tanmay/.jdks/corretto-16.0.2/lib/libinstrument.so
7f0e2140a000-7f0e21609000 ---p 0000a000 103:02 139434                    /home/tanmay/.jdks/corretto-16.0.2/lib/libinstrument.so
7f0e21609000-7f0e2160a000 r--p 00009000 103:02 139434                    /home/tanmay/.jdks/corretto-16.0.2/lib/libinstrument.so
7f0e2160a000-7f0e2160b000 rw-p 0000a000 103:02 139434                    /home/tanmay/.jdks/corretto-16.0.2/lib/libinstrument.so
7f0e216ff000-7f0e21800000 rw-p 00000000 00:00 0 
7f0e21800000-7f0e21824000 r-xp 00000000 103:02 139412                    /home/tanmay/.jdks/corretto-16.0.2/lib/libjava.so
7f0e21824000-7f0e21a24000 ---p 00024000 103:02 139412                    /home/tanmay/.jdks/corretto-16.0.2/lib/libjava.so
7f0e21a24000-7f0e21a25000 r--p 00024000 103:02 139412                    /home/tanmay/.jdks/corretto-16.0.2/lib/libjava.so
7f0e21a25000-7f0e21a26000 rw-p 00025000 103:02 139412                    /home/tanmay/.jdks/corretto-16.0.2/lib/libjava.so
7f0e21a26000-7f0e21a27000 rw-p 00000000 00:00 0 
7f0e21aff000-7f0e21c00000 rw-p 00000000 00:00 0 
7f0e21c00000-7f0e21c3e000 r-xp 00000000 103:02 139445                    /home/tanmay/.jdks/corretto-16.0.2/lib/libjdwp.so
7f0e21c3e000-7f0e21e3e000 ---p 0003e000 103:02 139445                    /home/tanmay/.jdks/corretto-16.0.2/lib/libjdwp.so
7f0e21e3e000-7f0e21e3f000 r--p 0003e000 103:02 139445                    /home/tanmay/.jdks/corretto-16.0.2/lib/libjdwp.so
7f0e21e3f000-7f0e21e40000 rw-p 0003f000 103:02 139445                    /home/tanmay/.jdks/corretto-16.0.2/lib/libjdwp.so
7f0e21e40000-7f0e21e41000 rw-p 00000000 00:00 0 
7f0e21e7e000-7f0e22000000 rw-p 00000000 00:00 0 
7f0e22000000-7f0e2201b000 r-xp 00000000 103:02 139414                    /home/tanmay/.jdks/corretto-16.0.2/lib/libjimage.so
7f0e2201b000-7f0e2221a000 ---p 0001b000 103:02 139414                    /home/tanmay/.jdks/corretto-16.0.2/lib/libjimage.so
7f0e2221a000-7f0e2221c000 r--p 0001a000 103:02 139414                    /home/tanmay/.jdks/corretto-16.0.2/lib/libjimage.so
7f0e2221c000-7f0e2221d000 rw-p 0001c000 103:02 139414                    /home/tanmay/.jdks/corretto-16.0.2/lib/libjimage.so
7f0e2222a000-7f0e2222f000 rw-p 00000000 00:00 0 
7f0e2222f000-7f0e22315000 ---p 00000000 00:00 0 
7f0e22315000-7f0e2231a000 rw-p 00000000 00:00 0 
7f0e2231a000-7f0e22400000 ---p 00000000 00:00 0 
7f0e22400000-7f0e236bc000 r-xp 00000000 103:02 658608                    /home/tanmay/.jdks/corretto-16.0.2/lib/server/libjvm.so
7f0e236bc000-7f0e238bb000 ---p 012bc000 103:02 658608                    /home/tanmay/.jdks/corretto-16.0.2/lib/server/libjvm.so
7f0e238bb000-7f0e23970000 r--p 012bb000 103:02 658608                    /home/tanmay/.jdks/corretto-16.0.2/lib/server/libjvm.so
7f0e23970000-7f0e239a4000 rw-p 01370000 103:02 658608                    /home/tanmay/.jdks/corretto-16.0.2/lib/server/libjvm.so
7f0e239a4000-7f0e239ff000 rw-p 00000000 00:00 0 
7f0e23a7d000-7f0e23ad8000 rw-p 00000000 00:00 0 
7f0e23ad8000-7f0e23adc000 ---p 00000000 00:00 0 
7f0e23adc000-7f0e23bd8000 rw-p 00000000 00:00 0 
7f0e23bd8000-7f0e23c00000 r--p 00000000 103:02 1186228                   /usr/lib/x86_64-linux-gnu/libc.so.6
7f0e23c00000-7f0e23d95000 r-xp 00028000 103:02 1186228                   /usr/lib/x86_64-linux-gnu/libc.so.6
7f0e23d95000-7f0e23ded000 r--p 001bd000 103:02 1186228                   /usr/lib/x86_64-linux-gnu/libc.so.6
7f0e23ded000-7f0e23df1000 r--p 00214000 103:02 1186228                   /usr/lib/x86_64-linux-gnu/libc.so.6
7f0e23df1000-7f0e23df3000 rw-p 00218000 103:02 1186228                   /usr/lib/x86_64-linux-gnu/libc.so.6
7f0e23df3000-7f0e23e00000 rw-p 00000000 00:00 0 
7f0e23e00000-7f0e23e19000 r-xp 00000000 103:02 139410                    /home/tanmay/.jdks/corretto-16.0.2/lib/libjli.so
7f0e23e19000-7f0e24018000 ---p 00019000 103:02 139410                    /home/tanmay/.jdks/corretto-16.0.2/lib/libjli.so
7f0e24018000-7f0e24019000 r--p 00018000 103:02 139410                    /home/tanmay/.jdks/corretto-16.0.2/lib/libjli.so
7f0e24019000-7f0e2401a000 rw-p 00019000 103:02 139410                    /home/tanmay/.jdks/corretto-16.0.2/lib/libjli.so
7f0e24024000-7f0e24027000 r--p 00000000 103:02 1186619                   /usr/lib/x86_64-linux-gnu/libgcc_s.so.1
7f0e24027000-7f0e2403e000 r-xp 00003000 103:02 1186619                   /usr/lib/x86_64-linux-gnu/libgcc_s.so.1
7f0e2403e000-7f0e24042000 r--p 0001a000 103:02 1186619                   /usr/lib/x86_64-linux-gnu/libgcc_s.so.1
7f0e24042000-7f0e24043000 r--p 0001d000 103:02 1186619                   /usr/lib/x86_64-linux-gnu/libgcc_s.so.1
7f0e24043000-7f0e24044000 rw-p 0001e000 103:02 1186619                   /usr/lib/x86_64-linux-gnu/libgcc_s.so.1
7f0e24055000-7f0e2405c000 r--s 00000000 103:02 1838198                   /usr/lib/x86_64-linux-gnu/gconv/gconv-modules.cache
7f0e2405c000-7f0e240e4000 rw-p 00000000 00:00 0 
7f0e240e4000-7f0e240eb000 ---p 00000000 00:00 0 
7f0e240eb000-7f0e240ec000 r--p 00000000 103:02 1187204                   /usr/lib/x86_64-linux-gnu/librt.so.1
7f0e240ec000-7f0e240ed000 r-xp 00001000 103:02 1187204                   /usr/lib/x86_64-linux-gnu/librt.so.1
7f0e240ed000-7f0e240ee000 r--p 00002000 103:02 1187204                   /usr/lib/x86_64-linux-gnu/librt.so.1
7f0e240ee000-7f0e240ef000 r--p 00002000 103:02 1187204                   /usr/lib/x86_64-linux-gnu/librt.so.1
7f0e240ef000-7f0e240f0000 rw-p 00003000 103:02 1187204                   /usr/lib/x86_64-linux-gnu/librt.so.1
7f0e240f0000-7f0e240fe000 r--p 00000000 103:02 1186879                   /usr/lib/x86_64-linux-gnu/libm.so.6
7f0e240fe000-7f0e2417a000 r-xp 0000e000 103:02 1186879                   /usr/lib/x86_64-linux-gnu/libm.so.6
7f0e2417a000-7f0e241d5000 r--p 0008a000 103:02 1186879                   /usr/lib/x86_64-linux-gnu/libm.so.6
7f0e241d5000-7f0e241d6000 r--p 000e4000 103:02 1186879                   /usr/lib/x86_64-linux-gnu/libm.so.6
7f0e241d6000-7f0e241d7000 rw-p 000e5000 103:02 1186879                   /usr/lib/x86_64-linux-gnu/libm.so.6
7f0e241d7000-7f0e241d9000 rw-p 00000000 00:00 0 
7f0e241d9000-7f0e241da000 r--p 00000000 103:02 1186370                   /usr/lib/x86_64-linux-gnu/libdl.so.2
7f0e241da000-7f0e241db000 r-xp 00001000 103:02 1186370                   /usr/lib/x86_64-linux-gnu/libdl.so.2
7f0e241db000-7f0e241dc000 r--p 00002000 103:02 1186370                   /usr/lib/x86_64-linux-gnu/libdl.so.2
7f0e241dc000-7f0e241dd000 r--p 00002000 103:02 1186370                   /usr/lib/x86_64-linux-gnu/libdl.so.2
7f0e241dd000-7f0e241de000 rw-p 00003000 103:02 1186370                   /usr/lib/x86_64-linux-gnu/libdl.so.2
7f0e241de000-7f0e241df000 r--p 00000000 103:02 1187148                   /usr/lib/x86_64-linux-gnu/libpthread.so.0
7f0e241df000-7f0e241e0000 r-xp 00001000 103:02 1187148                   /usr/lib/x86_64-linux-gnu/libpthread.so.0
7f0e241e0000-7f0e241e1000 r--p 00002000 103:02 1187148                   /usr/lib/x86_64-linux-gnu/libpthread.so.0
7f0e241e1000-7f0e241e2000 r--p 00002000 103:02 1187148                   /usr/lib/x86_64-linux-gnu/libpthread.so.0
7f0e241e2000-7f0e241e3000 rw-p 00003000 103:02 1187148                   /usr/lib/x86_64-linux-gnu/libpthread.so.0
7f0e241e3000-7f0e241ea000 r--s 00066000 07:09 1814                       /snap/intellij-idea-ultimate/386/plugins/java/lib/rt/debugger-agent.jar
7f0e241ea000-7f0e241f2000 rw-s 00000000 103:02 2097862                   /tmp/hsperfdata_tanmay/23966
7f0e241f2000-7f0e241f3000 ---p 00000000 00:00 0 
7f0e241f3000-7f0e241f4000 r--p 00000000 00:00 0 
7f0e241f4000-7f0e241f6000 rw-p 00000000 00:00 0 
7f0e241f6000-7f0e241f8000 r--p 00000000 103:02 1185891                   /usr/lib/x86_64-linux-gnu/ld-linux-x86-64.so.2
7f0e241f8000-7f0e24222000 r-xp 00002000 103:02 1185891                   /usr/lib/x86_64-linux-gnu/ld-linux-x86-64.so.2
7f0e24222000-7f0e2422d000 r--p 0002c000 103:02 1185891                   /usr/lib/x86_64-linux-gnu/ld-linux-x86-64.so.2
7f0e2422d000-7f0e2422e000 ---p 00000000 00:00 0 
7f0e2422e000-7f0e24230000 r--p 00037000 103:02 1185891                   /usr/lib/x86_64-linux-gnu/ld-linux-x86-64.so.2
7f0e24230000-7f0e24232000 rw-p 00039000 103:02 1185891                   /usr/lib/x86_64-linux-gnu/ld-linux-x86-64.so.2
7ffcfa9f5000-7ffcfaa17000 rw-p 00000000 00:00 0                          [stack]
7ffcfaa97000-7ffcfaa9b000 r--p 00000000 00:00 0                          [vvar]
7ffcfaa9b000-7ffcfaa9d000 r-xp 00000000 00:00 0                          [vdso]
ffffffffff600000-ffffffffff601000 --xp 00000000 00:00 0                  [vsyscall]


VM Arguments:
jvm_args: -agentlib:jdwp=transport=dt_socket,address=127.0.0.1:45001,suspend=y,server=n -ea -Didea.test.cyclic.buffer.size=1048576 -javaagent:/snap/intellij-idea-ultimate/386/plugins/java/lib/rt/debugger-agent.jar -Dfile.encoding=UTF-8 
java_command: com.intellij.rt.junit.JUnitStarter -ideVersion5 -junit4 com.concordium.sdk.transactions.AddBakerUtilTest,testAddBakerUtil
java_class_path (initial): /snap/intellij-idea-ultimate/386/lib/idea_rt.jar:/snap/intellij-idea-ultimate/386/plugins/junit/lib/junit5-rt.jar:/snap/intellij-idea-ultimate/386/plugins/junit/lib/junit-rt.jar:/home/tanmay/Desktop/ccd/concordium-java-sdk/concordium-sdk/target/test-classes:/home/tanmay/Desktop/ccd/concordium-java-sdk/concordium-sdk/target/classes:/home/tanmay/.m2/repository/io/grpc/grpc-netty-shaded/1.40.1/grpc-netty-shaded-1.40.1.jar:/home/tanmay/.m2/repository/com/google/guava/guava/30.1-android/guava-30.1-android.jar:/home/tanmay/.m2/repository/com/google/guava/failureaccess/1.0.1/failureaccess-1.0.1.jar:/home/tanmay/.m2/repository/com/google/guava/listenablefuture/9999.0-empty-to-avoid-conflict-with-guava/listenablefuture-9999.0-empty-to-avoid-conflict-with-guava.jar:/home/tanmay/.m2/repository/org/checkerframework/checker-compat-qual/2.5.5/checker-compat-qual-2.5.5.jar:/home/tanmay/.m2/repository/com/google/j2objc/j2objc-annotations/1.3/j2objc-annotations-1.3.jar:/home/tanmay/.m2/repository/com/google/errorprone/error_prone_annotations/2.4.0/error_prone_annotations-2.4.0.jar:/home/tanmay/.m2/repository/io/perfmark/perfmark-api/0.23.0/perfmark-api-0.23.0.jar:/home/tanmay/.m2/repository/io/grpc/grpc-core/1.40.1/grpc-core-1.40.1.jar:/home/tanmay/.m2/repository/com/google/code/gson/gson/2.8.6/gson-2.8.6.jar:/home/tanmay/.m2/repository/com/google/android/annotations/4.1.1.4/annotations-4.1.1.4.jar:/home/tanmay/.m2/repository/org/codehaus/mojo/animal-sniffer-annotations/1.19/animal-sniffer-annotations-1.19.jar:/home/tanmay/.m2/repository/io/grpc/grpc-protobuf/1.40.1/grpc-protobuf-1.40.1.jar:/home/tanmay/.m2/repository/io/grpc/grpc-api/1.40.1/grpc-api-1.40.1.jar:/home/tanmay/.m2/repository/io/grpc/grpc-context/1.40.1/grpc-context-1.40.1.jar:/home/tanmay/.m2/repository/com/google/code/findbugs/jsr305/3.0.2/jsr305-3.0.2.jar:/home/tanmay/.m2/repository/com/google/protobuf/protobuf-java/3.17.2/protobuf-java-3.17.2.jar:/home/tanmay/.m2/repository/com/google/ap
Launcher Type: SUN_STANDARD

[Global flags]
     intx CICompilerCount                          = 3                                         {product} {ergonomic}
     uint ConcGCThreads                            = 1                                         {product} {ergonomic}
     uint G1ConcRefinementThreads                  = 4                                         {product} {ergonomic}
   size_t G1HeapRegionSize                         = 1048576                                   {product} {ergonomic}
    uintx GCDrainStackTargetSize                   = 64                                        {product} {ergonomic}
   size_t InitialHeapSize                          = 130023424                                 {product} {ergonomic}
   size_t MarkStackSize                            = 4194304                                   {product} {ergonomic}
   size_t MaxHeapSize                              = 2055208960                                {product} {ergonomic}
   size_t MaxNewSize                               = 1233125376                                {product} {ergonomic}
   size_t MinHeapDeltaBytes                        = 1048576                                   {product} {ergonomic}
   size_t MinHeapSize                              = 8388608                                   {product} {ergonomic}
    uintx NonNMethodCodeHeapSize                   = 5832780                                {pd product} {ergonomic}
    uintx NonProfiledCodeHeapSize                  = 122912730                              {pd product} {ergonomic}
    uintx ProfiledCodeHeapSize                     = 122912730                              {pd product} {ergonomic}
    uintx ReservedCodeCacheSize                    = 251658240                              {pd product} {ergonomic}
     bool SegmentedCodeCache                       = true                                      {product} {ergonomic}
   size_t SoftMaxHeapSize                          = 2055208960                             {manageable} {ergonomic}
     bool UseCompressedClassPointers               = true                           {product lp64_product} {ergonomic}
     bool UseCompressedOops                        = true                           {product lp64_product} {ergonomic}
     bool UseG1GC                                  = true                                      {product} {ergonomic}

Logging:
Log output configuration:
 #0: stdout all=warning uptime,level,tags
 #1: stderr all=off uptime,level,tags

Environment Variables:
PATH=/home/tanmay/.cargo/bin:/usr/local/sbin:/usr/local/bin:/usr/sbin:/usr/bin:/sbin:/bin:/usr/games:/usr/local/games:/snap/bin:/snap/bin
USERNAME=tanmay
SHELL=/bin/bash
DISPLAY=:0
LANG=en_IN

Signal Handlers:
SIGSEGV: [libjvm.so+0xf67e20], sa_mask[0]=11100100010111111101111111111110, sa_flags=SA_RESTART|SA_SIGINFO
SIGBUS: [libjvm.so+0xf67e20], sa_mask[0]=11100100010111111101111111111110, sa_flags=SA_RESTART|SA_SIGINFO
SIGFPE: [libjvm.so+0xf67e20], sa_mask[0]=11100100010111111101111111111110, sa_flags=SA_RESTART|SA_SIGINFO
SIGPIPE: [libjvm.so+0xe05b30], sa_mask[0]=11100100010111111101111111111110, sa_flags=SA_RESTART|SA_SIGINFO
SIGXFSZ: [libjvm.so+0xe05b30], sa_mask[0]=11100100010111111101111111111110, sa_flags=SA_RESTART|SA_SIGINFO
SIGILL: [libjvm.so+0xf67e20], sa_mask[0]=11100100010111111101111111111110, sa_flags=SA_RESTART|SA_SIGINFO
SIGUSR2: [libjvm.so+0xe05200], sa_mask[0]=00100000000000000000000000000000, sa_flags=SA_RESTART|SA_SIGINFO
SIGHUP: [libjvm.so+0xe05140], sa_mask[0]=11100100010111111101111111111110, sa_flags=SA_RESTART|SA_SIGINFO
SIGINT: [libjvm.so+0xe05140], sa_mask[0]=11100100010111111101111111111110, sa_flags=SA_RESTART|SA_SIGINFO
SIGTERM: [libjvm.so+0xe05140], sa_mask[0]=11100100010111111101111111111110, sa_flags=SA_RESTART|SA_SIGINFO
SIGQUIT: [libjvm.so+0xe05140], sa_mask[0]=11100100010111111101111111111110, sa_flags=SA_RESTART|SA_SIGINFO
SIGTRAP: [libjvm.so+0xf67e20], sa_mask[0]=11100100010111111101111111111110, sa_flags=SA_RESTART|SA_SIGINFO


---------------  S Y S T E M  ---------------

OS:
DISTRIB_ID=Ubuntu
DISTRIB_RELEASE=22.04
DISTRIB_CODENAME=jammy
DISTRIB_DESCRIPTION="Ubuntu 22.04.1 LTS"
uname: Linux 5.15.0-52-generic #58-Ubuntu SMP Thu Oct 13 08:03:55 UTC 2022 x86_64
OS uptime: 0 days 12:55 hours
libc: glibc 2.35 NPTL 2.35 
rlimit (soft/hard): STACK 8192k/infinity , CORE 0k/infinity , NPROC 31062/31062 , NOFILE 1048576/1048576 , AS infinity/infinity , CPU infinity/infinity , DATA infinity/infinity , FSIZE infinity/infinity , MEMLOCK 1002824k/1002824k
load average: 2.25 2.43 2.06

/proc/meminfo:
MemTotal:        8022592 kB
MemFree:          342992 kB
MemAvailable:    2416604 kB
Buffers:           52968 kB
Cached:          2526896 kB
SwapCached:            0 kB
Active:           942408 kB
Inactive:        6001808 kB
Active(anon):       2320 kB
Inactive(anon):  4692364 kB
Active(file):     940088 kB
Inactive(file):  1309444 kB
Unevictable:      325628 kB
Mlocked:              64 kB
SwapTotal:             0 kB
SwapFree:              0 kB
Dirty:             18552 kB
Writeback:             0 kB
AnonPages:       4690016 kB
Mapped:           810204 kB
Shmem:            330440 kB
KReclaimable:      97688 kB
Slab:             210496 kB
SReclaimable:      97688 kB
SUnreclaim:       112808 kB
KernelStack:       14976 kB
PageTables:        36188 kB
NFS_Unstable:          0 kB
Bounce:                0 kB
WritebackTmp:          0 kB
CommitLimit:     4011296 kB
Committed_AS:    8690876 kB
VmallocTotal:   34359738367 kB
VmallocUsed:       87572 kB
VmallocChunk:          0 kB
Percpu:             3952 kB
HardwareCorrupted:     0 kB
AnonHugePages:         0 kB
ShmemHugePages:        0 kB
ShmemPmdMapped:        0 kB
FileHugePages:         0 kB
FilePmdMapped:         0 kB
HugePages_Total:       0
HugePages_Free:        0
HugePages_Rsvd:        0
HugePages_Surp:        0
Hugepagesize:       2048 kB
Hugetlb:               0 kB
DirectMap4k:      378172 kB
DirectMap2M:     7892992 kB
DirectMap1G:           0 kB

/sys/kernel/mm/transparent_hugepage/enabled: always [madvise] never
/sys/kernel/mm/transparent_hugepage/defrag (defrag/compaction efforts parameter): always defer defer+madvise [madvise] never

Process Memory:
Virtual Size: 5673484K (peak: 5721336K)
Resident Set Size: 144100K (peak: 144100K) (anon: 111732K, file: 32368K, shmem: 0K)
Swapped out: 0K
C-Heap outstanding allocations: 21339K

/proc/sys/kernel/threads-max (system-wide limit on the number of threads): 62124
/proc/sys/vm/max_map_count (maximum number of memory map areas a process may have): 65530
/proc/sys/kernel/pid_max (system-wide limit on number of process identifiers): 4194304

container (cgroup) information:
container_type: cgroupv2
cpu_cpuset_cpus: not supported
cpu_memory_nodes: not supported
active_processor_count: 4
cpu_quota: not supported
cpu_period: not supported
cpu_shares: not supported
memory_limit_in_bytes: unlimited
memory_and_swap_limit_in_bytes: unlimited
memory_soft_limit_in_bytes: unlimited
memory_usage_in_bytes: 4787826688
memory_max_usage_in_bytes: not supported

Steal ticks since vm start: 0
Steal ticks percentage since vm start:  0.000

CPU: total 4 (initial active 4) (4 cores per cpu, 1 threads per core) family 6 model 158 stepping 9 microcode 0xf0, cx8, cmov, fxsr, mmx, 3dnowpref, sse, sse2, sse3, ssse3, sse4.1, sse4.2, popcnt, lzcnt, tsc, tscinvbit, avx, avx2, aes, erms, clmul, bmi1, bmi2, adx, fma, vzeroupper, clflush, clflushopt
CPU Model and flags from /proc/cpuinfo:
model name	: Intel(R) Core(TM) i5-7300HQ CPU @ 2.50GHz
flags		: fpu vme de pse tsc msr pae mce cx8 apic sep mtrr pge mca cmov pat pse36 clflush dts acpi mmx fxsr sse sse2 ss ht tm pbe syscall nx pdpe1gb rdtscp lm constant_tsc art arch_perfmon pebs bts rep_good nopl xtopology nonstop_tsc cpuid aperfmperf pni pclmulqdq dtes64 monitor ds_cpl vmx est tm2 ssse3 sdbg fma cx16 xtpr pdcm pcid sse4_1 sse4_2 x2apic movbe popcnt tsc_deadline_timer aes xsave avx f16c rdrand lahf_lm abm 3dnowprefetch cpuid_fault epb invpcid_single pti ssbd ibrs ibpb stibp tpr_shadow vnmi flexpriority ept vpid ept_ad fsgsbase tsc_adjust bmi1 avx2 smep bmi2 erms invpcid mpx rdseed adx smap clflushopt intel_pt xsaveopt xsavec xgetbv1 xsaves dtherm ida arat pln pts hwp hwp_notify hwp_act_window hwp_epp md_clear flush_l1d arch_capabilities

Online cpus: 0-3
Offline cpus: 
BIOS frequency limitation: <Not Available>
Frequency switch latency (ns): 0
Available cpu frequencies: <Not Available>
Current governor: powersave
Core performance/turbo boost: <Not Available>

Memory: 4k page, physical 8022592k(342992k free), swap 0k(0k free)

vm_info: OpenJDK 64-Bit Server VM (16.0.2+7) for linux-amd64 JRE (16.0.2+7), built on Jul 22 2021 01:08:17 by "jenkins" with gcc 7.3.1 20180303 (Red Hat 7.3.1-5)

END.
