#
# A fatal error has been detected by the Java Runtime Environment:
#
#  SIGSEGV (0xb) at pc=0x00007fd61f0b177d, pid=24351, tid=24352
#
# JRE version: OpenJDK Runtime Environment Corretto-16.0.2.7.1 (16.0.2+7) (build 16.0.2+7)
# Java VM: OpenJDK 64-Bit Server VM Corretto-16.0.2.7.1 (16.0.2+7, mixed mode, sharing, tiered, compressed oops, compressed class ptrs, g1 gc, linux-amd64)
# Problematic frame:
# C  [902f9bdc0a6e15597404931953532627libcrypto_jni.so.so+0x7b77d]  jni::wrapper::jnienv::JNIEnv::get_string_utf_chars::h7dff3303f2e8a652+0x70d
#
# Core dump will be written. Default location: Core dumps may be processed with "/usr/share/apport/apport -p%p -s%s -c%c -d%d -P%P -u%u -g%g -- %E" (or dumping to /home/tanmay/Desktop/ccd/concordium-java-sdk/concordium-sdk/core.24351)
#
# If you would like to submit a bug report, please visit:
#   https://github.com/corretto/corretto-jdk/issues/
# The crash happened outside the Java Virtual Machine in native code.
# See problematic frame for where to report the bug.
#

---------------  S U M M A R Y ------------

Command Line: -agentlib:jdwp=transport=dt_socket,address=127.0.0.1:57517,suspend=y,server=n -ea -Didea.test.cyclic.buffer.size=1048576 -javaagent:/snap/intellij-idea-ultimate/386/plugins/java/lib/rt/debugger-agent.jar -Dfile.encoding=UTF-8 com.intellij.rt.junit.JUnitStarter -ideVersion5 -junit4 com.concordium.sdk.transactions.AddBakerUtilTest,testAddBakerUtil

Host: Intel(R) Core(TM) i5-7300HQ CPU @ 2.50GHz, 4 cores, 7G, Ubuntu 22.04.1 LTS
Time: Sun Oct 30 11:26:35 2022 IST elapsed time: 4.877638 seconds (0d 0h 0m 4s)

---------------  T H R E A D  ---------------

Current thread (0x00007fd6ac026cf0):  JavaThread "main" [_thread_in_native, id=24352, stack(0x00007fd6b20d8000,0x00007fd6b21d8000)]

Stack: [0x00007fd6b20d8000,0x00007fd6b21d8000],  sp=0x00007fd6b21d2cd0,  free space=1003k
Native frames: (J=compiled Java code, A=aot compiled Java code, j=interpreted, Vv=VM code, C=native code)
C  [902f9bdc0a6e15597404931953532627libcrypto_jni.so.so+0x7b77d]  jni::wrapper::jnienv::JNIEnv::get_string_utf_chars::h7dff3303f2e8a652+0x70d
j  com.concordium.sdk.crypto.bakertransactions.AddBakerKeys.generateAddBakerKeysPayload(Lcom/concordium/sdk/crypto/bakertransactions/AddBakerKeysJniInput;)Lcom/concordium/sdk/crypto/bakertransactions/AddBakerKeysJniOutput;+11
j  com.concordium.sdk.transactions.ConfigureBaker.createNew(Lcom/concordium/sdk/transactions/AccountAddress;Lcom/concordium/sdk/transactions/CCDAmount;ZLcom/concordium/sdk/types/UInt64;)Lcom/concordium/sdk/transactions/AddBaker;+24
j  com.concordium.sdk.transactions.ConfigureBakerTransaction$CustomBuilder.AddBakerInstance(Lcom/concordium/sdk/transactions/AddBakerTransaction;)Lcom/concordium/sdk/transactions/Payload;+16
j  com.concordium.sdk.transactions.ConfigureBakerTransaction$CustomBuilder.build()Lcom/concordium/sdk/transactions/AddBakerTransaction;+35
j  com.concordium.sdk.transactions.AddBakerUtilTest.testAddBakerUtil()V+140
v  ~StubRoutines::call_stub
V  [libjvm.so+0x8647e5]  JavaCalls::call_helper(JavaValue*, methodHandle const&, JavaCallArguments*, Thread*)+0x375
V  [libjvm.so+0xce7ba6]  invoke(InstanceKlass*, methodHandle const&, Handle, bool, objArrayHandle, BasicType, objArrayHandle, bool, Thread*) [clone .constprop.148]+0x446
V  [libjvm.so+0xce8d6e]  Reflection::invoke_method(oopDesc*, Handle, objArrayHandle, Thread*)+0xfe
V  [libjvm.so+0x927d22]  JVM_InvokeMethod+0xf2
j  jdk.internal.reflect.NativeMethodAccessorImpl.invoke0(Ljava/lang/reflect/Method;Ljava/lang/Object;[Ljava/lang/Object;)Ljava/lang/Object;+0 java.base@16.0.2
j  jdk.internal.reflect.NativeMethodAccessorImpl.invoke(Ljava/lang/Object;[Ljava/lang/Object;)Ljava/lang/Object;+146 java.base@16.0.2
j  jdk.internal.reflect.DelegatingMethodAccessorImpl.invoke(Ljava/lang/Object;[Ljava/lang/Object;)Ljava/lang/Object;+6 java.base@16.0.2
j  java.lang.reflect.Method.invoke(Ljava/lang/Object;[Ljava/lang/Object;)Ljava/lang/Object;+59 java.base@16.0.2
j  org.junit.runners.model.FrameworkMethod$1.runReflectiveCall()Ljava/lang/Object;+15
j  org.junit.internal.runners.model.ReflectiveCallable.run()Ljava/lang/Object;+1
j  org.junit.runners.model.FrameworkMethod.invokeExplosively(Ljava/lang/Object;[Ljava/lang/Object;)Ljava/lang/Object;+10
j  org.junit.internal.runners.statements.InvokeMethod.evaluate()V+12
j  org.junit.runners.ParentRunner.runLeaf(Lorg/junit/runners/model/Statement;Lorg/junit/runner/Description;Lorg/junit/runner/notification/RunNotifier;)V+17
j  org.junit.runners.BlockJUnit4ClassRunner.runChild(Lorg/junit/runners/model/FrameworkMethod;Lorg/junit/runner/notification/RunNotifier;)V+32
j  org.junit.runners.BlockJUnit4ClassRunner.runChild(Ljava/lang/Object;Lorg/junit/runner/notification/RunNotifier;)V+6
j  org.junit.runners.ParentRunner$3.run()V+12
j  org.junit.runners.ParentRunner$1.schedule(Ljava/lang/Runnable;)V+1
j  org.junit.runners.ParentRunner.runChildren(Lorg/junit/runner/notification/RunNotifier;)V+40
j  org.junit.runners.ParentRunner.access$000(Lorg/junit/runners/ParentRunner;Lorg/junit/runner/notification/RunNotifier;)V+2
j  org.junit.runners.ParentRunner$2.evaluate()V+8
j  org.junit.runners.ParentRunner.run(Lorg/junit/runner/notification/RunNotifier;)V+20
j  org.junit.runner.JUnitCore.run(Lorg/junit/runner/Runner;)Lorg/junit/runner/Result;+37
j  com.intellij.junit4.JUnit4IdeaTestRunner.startRunnerWithArgs([Ljava/lang/String;Ljava/lang/String;IZ)I+166
j  com.intellij.rt.junit.IdeaTestRunner$Repeater$1.execute(Z)I+17
j  com.intellij.rt.execution.junit.TestsRepeater.repeat(IZLcom/intellij/rt/execution/junit/TestsRepeater$TestRun;)I+7
j  com.intellij.rt.junit.IdeaTestRunner$Repeater.startRunnerWithArgs(Lcom/intellij/rt/junit/IdeaTestRunner;[Ljava/lang/String;Ljava/util/ArrayList;Ljava/lang/String;IZ)I+25
j  com.intellij.rt.junit.JUnitStarter.prepareStreamsAndStart([Ljava/lang/String;Ljava/lang/String;Ljava/util/ArrayList;Ljava/lang/String;)I+116
j  com.intellij.rt.junit.JUnitStarter.main([Ljava/lang/String;)V+97
v  ~StubRoutines::call_stub
V  [libjvm.so+0x8647e5]  JavaCalls::call_helper(JavaValue*, methodHandle const&, JavaCallArguments*, Thread*)+0x375
V  [libjvm.so+0x8fbf4f]  jni_invoke_static(JNIEnv_*, JavaValue*, _jobject*, JNICallType, _jmethodID*, JNI_ArgumentPusher*, Thread*) [clone .isra.120] [clone .constprop.303]+0x15f
V  [libjvm.so+0x8fe06f]  jni_CallStaticVoidMethod+0x12f
C  [libjli.so+0xae0d]  JavaMain+0xd5d
C  [libjli.so+0xddc9]  ThreadJavaMain+0x9

Java frames: (J=compiled Java code, j=interpreted, Vv=VM code)
j  com.concordium.sdk.crypto.bakertransactions.AddBakerKeys.generateAddBakerKeysPayload(Ljava/lang/String;)Ljava/lang/String;+0
j  com.concordium.sdk.crypto.bakertransactions.AddBakerKeys.generateAddBakerKeysPayload(Lcom/concordium/sdk/crypto/bakertransactions/AddBakerKeysJniInput;)Lcom/concordium/sdk/crypto/bakertransactions/AddBakerKeysJniOutput;+11
j  com.concordium.sdk.transactions.ConfigureBaker.createNew(Lcom/concordium/sdk/transactions/AccountAddress;Lcom/concordium/sdk/transactions/CCDAmount;ZLcom/concordium/sdk/types/UInt64;)Lcom/concordium/sdk/transactions/AddBaker;+24
j  com.concordium.sdk.transactions.ConfigureBakerTransaction$CustomBuilder.AddBakerInstance(Lcom/concordium/sdk/transactions/AddBakerTransaction;)Lcom/concordium/sdk/transactions/Payload;+16
j  com.concordium.sdk.transactions.ConfigureBakerTransaction$CustomBuilder.build()Lcom/concordium/sdk/transactions/AddBakerTransaction;+35
j  com.concordium.sdk.transactions.AddBakerUtilTest.testAddBakerUtil()V+140
v  ~StubRoutines::call_stub
j  jdk.internal.reflect.NativeMethodAccessorImpl.invoke0(Ljava/lang/reflect/Method;Ljava/lang/Object;[Ljava/lang/Object;)Ljava/lang/Object;+0 java.base@16.0.2
j  jdk.internal.reflect.NativeMethodAccessorImpl.invoke(Ljava/lang/Object;[Ljava/lang/Object;)Ljava/lang/Object;+146 java.base@16.0.2
j  jdk.internal.reflect.DelegatingMethodAccessorImpl.invoke(Ljava/lang/Object;[Ljava/lang/Object;)Ljava/lang/Object;+6 java.base@16.0.2
j  java.lang.reflect.Method.invoke(Ljava/lang/Object;[Ljava/lang/Object;)Ljava/lang/Object;+59 java.base@16.0.2
j  org.junit.runners.model.FrameworkMethod$1.runReflectiveCall()Ljava/lang/Object;+15
j  org.junit.internal.runners.model.ReflectiveCallable.run()Ljava/lang/Object;+1
j  org.junit.runners.model.FrameworkMethod.invokeExplosively(Ljava/lang/Object;[Ljava/lang/Object;)Ljava/lang/Object;+10
j  org.junit.internal.runners.statements.InvokeMethod.evaluate()V+12
j  org.junit.runners.ParentRunner.runLeaf(Lorg/junit/runners/model/Statement;Lorg/junit/runner/Description;Lorg/junit/runner/notification/RunNotifier;)V+17
j  org.junit.runners.BlockJUnit4ClassRunner.runChild(Lorg/junit/runners/model/FrameworkMethod;Lorg/junit/runner/notification/RunNotifier;)V+32
j  org.junit.runners.BlockJUnit4ClassRunner.runChild(Ljava/lang/Object;Lorg/junit/runner/notification/RunNotifier;)V+6
j  org.junit.runners.ParentRunner$3.run()V+12
j  org.junit.runners.ParentRunner$1.schedule(Ljava/lang/Runnable;)V+1
j  org.junit.runners.ParentRunner.runChildren(Lorg/junit/runner/notification/RunNotifier;)V+40
j  org.junit.runners.ParentRunner.access$000(Lorg/junit/runners/ParentRunner;Lorg/junit/runner/notification/RunNotifier;)V+2
j  org.junit.runners.ParentRunner$2.evaluate()V+8
j  org.junit.runners.ParentRunner.run(Lorg/junit/runner/notification/RunNotifier;)V+20
j  org.junit.runner.JUnitCore.run(Lorg/junit/runner/Runner;)Lorg/junit/runner/Result;+37
j  com.intellij.junit4.JUnit4IdeaTestRunner.startRunnerWithArgs([Ljava/lang/String;Ljava/lang/String;IZ)I+166
j  com.intellij.rt.junit.IdeaTestRunner$Repeater$1.execute(Z)I+17
j  com.intellij.rt.execution.junit.TestsRepeater.repeat(IZLcom/intellij/rt/execution/junit/TestsRepeater$TestRun;)I+7
j  com.intellij.rt.junit.IdeaTestRunner$Repeater.startRunnerWithArgs(Lcom/intellij/rt/junit/IdeaTestRunner;[Ljava/lang/String;Ljava/util/ArrayList;Ljava/lang/String;IZ)I+25
j  com.intellij.rt.junit.JUnitStarter.prepareStreamsAndStart([Ljava/lang/String;Ljava/lang/String;Ljava/util/ArrayList;Ljava/lang/String;)I+116
j  com.intellij.rt.junit.JUnitStarter.main([Ljava/lang/String;)V+97
v  ~StubRoutines::call_stub

siginfo: si_signo: 11 (SIGSEGV), si_code: 128 (SI_KERNEL), si_addr: 0x0000000000000000

Register to memory mapping:

RAX=0x61742f656d6f682f is an unknown value
RBX={method} {0x00007fd61ffc1e88} 'generateAddBakerKeysPayload' '(Ljava/lang/String;)Ljava/lang/String;' in 'com/concordium/sdk/crypto/bakertransactions/AddBakerKeys'
RCX=0x0000000000000018 is an unknown value
RDX=0x0 is NULL
RSP=0x00007fd6b21d2cd0 is pointing into the stack for thread: 0x00007fd6ac026cf0
RBP=0x00007fd6b21d5638 is pointing into the stack for thread: 0x00007fd6ac026cf0
RSI=0x0000000000000018 is an unknown value
RDI=0x00007fd6b21d5648 is pointing into the stack for thread: 0x00007fd6ac026cf0
R8 =0x0 is NULL
R9 =0x0000000000000004 is an unknown value
R10=0x00007fd692c113c4 is at code_begin+1636 in an Interpreter codelet
method entry point (kind = native)  [0x00007fd692c10d60, 0x00007fd692c11c00]  3744 bytes
R11=0x0000000000000768 is an unknown value
R12=0x0 is NULL
R13={method} {0x00007fd61ffc1e88} 'generateAddBakerKeysPayload' '(Ljava/lang/String;)Ljava/lang/String;' in 'com/concordium/sdk/crypto/bakertransactions/AddBakerKeys'
R14=0x00007fd6b21d5658 is pointing into the stack for thread: 0x00007fd6ac026cf0
R15=0x00007fd6ac026cf0 is a thread


Registers:
RAX=0x61742f656d6f682f, RBX=0x00007fd61ffc1e88, RCX=0x0000000000000018, RDX=0x0000000000000000
RSP=0x00007fd6b21d2cd0, RBP=0x00007fd6b21d5638, RSI=0x0000000000000018, RDI=0x00007fd6b21d5648
R8 =0x0000000000000000, R9 =0x0000000000000004, R10=0x00007fd692c113c4, R11=0x0000000000000768
R12=0x0000000000000000, R13=0x00007fd61ffc1e88, R14=0x00007fd6b21d5658, R15=0x00007fd6ac026cf0
RIP=0x00007fd61f0b177d, EFLAGS=0x0000000000010202, CSGSFS=0x002b000000000033, ERR=0x0000000000000000
  TRAPNO=0x000000000000000d

Top of Stack: (sp=0x00007fd6b21d2cd0)
0x00007fd6b21d2cd0:   000000007f0101f8 0000000000000000
0x00007fd6b21d2ce0:   0000000000000000 0000000000000000
0x00007fd6b21d2cf0:   0000000000000000 0000000000000000
0x00007fd6b21d2d00:   0000000000000000 0000000000000000 

Instructions: (pc=0x00007fd61f0b177d)
0x00007fd61f0b167d:   00 00 00 8a 84 24 8f 00 00 00 24 01 88 84 24 2f
0x00007fd61f0b168d:   0a 00 00 f6 84 24 2f 0a 00 00 01 75 28 48 8b 84
0x00007fd61f0b169d:   24 e0 00 00 00 48 8b 00 48 89 44 24 78 48 8d bc
0x00007fd61f0b16ad:   24 00 01 00 00 ff 15 90 7a 74 00 48 89 84 24 80
0x00007fd61f0b16bd:   00 00 00 eb 63 48 8d bc 24 38 0a 00 00 48 8d 35
0x00007fd61f0b16cd:   0f d4 72 00 ba 01 00 00 00 48 8d 0d 0b 50 66 00
0x00007fd61f0b16dd:   31 c0 41 89 c0 e8 69 87 00 00 48 8b b4 24 20 0a
0x00007fd61f0b16ed:   00 00 48 c7 84 24 68 0a 00 00 00 00 00 00 48 8b
0x00007fd61f0b16fd:   8c 24 68 0a 00 00 4c 8b 84 24 70 0a 00 00 48 8d
0x00007fd61f0b170d:   bc 24 38 0a 00 00 48 8d 15 46 d4 72 00 ff 15 88
0x00007fd61f0b171d:   e3 73 00 e9 75 ff ff ff 48 8b 84 24 80 00 00 00
0x00007fd61f0b172d:   48 8b 38 ff 15 7a d1 73 00 48 89 44 24 70 48 c7
0x00007fd61f0b173d:   84 24 58 17 00 00 00 00 00 00 48 c7 84 24 60 17
0x00007fd61f0b174d:   00 00 00 00 00 00 48 8b bc 24 60 17 00 00 ff 15
0x00007fd61f0b175d:   77 92 74 00 48 89 44 24 68 48 8b 84 24 90 00 00
0x00007fd61f0b176d:   00 48 8b 54 24 68 48 8b 74 24 70 48 8b 7c 24 78
0x00007fd61f0b177d:   ff d0 48 89 44 24 60 48 89 84 24 78 16 00 00 48
0x00007fd61f0b178d:   c7 84 24 10 0b 00 00 05 00 00 00 48 8d bc 24 10
0x00007fd61f0b179d:   0b 00 00 48 8d 35 31 4e 66 00 e8 d4 58 00 00 88
0x00007fd61f0b17ad:   44 24 5f 8a 44 24 5f a8 01 75 0c eb 00 c6 84 24
0x00007fd61f0b17bd:   1f 0b 00 00 00 eb 5a c6 84 24 1f 17 00 00 00 48
0x00007fd61f0b17cd:   8d 3d 9d d8 74 00 0f b6 b4 24 1f 17 00 00 e8 c0
0x00007fd61f0b17dd:   60 00 00 48 89 84 24 20 17 00 00 48 8b 84 24 20
0x00007fd61f0b17ed:   17 00 00 48 89 84 24 20 0b 00 00 48 8d bc 24 10
0x00007fd61f0b17fd:   0b 00 00 48 8d b4 24 20 0b 00 00 e8 73 58 00 00
0x00007fd61f0b180d:   88 44 24 5e 8a 44 24 5e 24 01 88 84 24 1f 0b 00
0x00007fd61f0b181d:   00 f6 84 24 1f 0b 00 00 01 75 26 48 c7 84 24 68
0x00007fd61f0b182d:   0b 00 00 05 00 00 00 48 8d bc 24 68 0b 00 00 48
0x00007fd61f0b183d:   8d 35 95 4d 66 00 e8 38 58 00 00 88 44 24 5d eb
0x00007fd61f0b184d:   63 48 8d bc 24 28 0b 00 00 48 8d 35 b3 d2 72 00
0x00007fd61f0b185d:   ba 01 00 00 00 48 8d 0d 7f 4e 66 00 31 c0 41 89
0x00007fd61f0b186d:   c0 e8 dd 85 00 00 48 8b b4 24 10 0b 00 00 48 c7 


Stack slot to memory mapping:
stack at sp + 0 slots: 0x000000007f0101f8 is an unknown value
stack at sp + 1 slots: 0x0 is NULL
stack at sp + 2 slots: 0x0 is NULL
stack at sp + 3 slots: 0x0 is NULL
stack at sp + 4 slots: 0x0 is NULL
stack at sp + 5 slots: 0x0 is NULL
stack at sp + 6 slots: 0x0 is NULL
stack at sp + 7 slots: 0x0 is NULL


---------------  P R O C E S S  ---------------

Threads class SMR info:
_java_thread_list=0x00007fd6240bab80, length=20, elements={
0x00007fd6ac026cf0, 0x00007fd6ac116e70, 0x00007fd6ac1183f0, 0x00007fd6ac11bb60,
0x00007fd6ac11d0b0, 0x00007fd6ac11e5d0, 0x00007fd6ac1200b0, 0x00007fd6ac121710,
0x00007fd6ac122cb0, 0x00007fd6ac1373d0, 0x00007fd6ac17b9a0, 0x00007fd6ac1872a0,
0x00007fd64c001120, 0x00007fd6ac198dc0, 0x00007fd65031c020, 0x00007fd6ac60e230,
0x00007fd6ac611490, 0x00007fd6ac617000, 0x00007fd6ac62d6a0, 0x00007fd6240bb980
}

Java Threads: ( => current thread )
=>0x00007fd6ac026cf0 JavaThread "main" [_thread_in_native, id=24352, stack(0x00007fd6b20d8000,0x00007fd6b21d8000)]
  0x00007fd6ac116e70 JavaThread "Reference Handler" daemon [_thread_blocked, id=24361, stack(0x00007fd67f8f7000,0x00007fd67f9f7000)]
  0x00007fd6ac1183f0 JavaThread "Finalizer" daemon [_thread_blocked, id=24362, stack(0x00007fd67ef00000,0x00007fd67f000000)]
  0x00007fd6ac11bb60 JavaThread "Signal Dispatcher" daemon [_thread_blocked, id=24363, stack(0x00007fd67ee00000,0x00007fd67ef00000)]
  0x00007fd6ac11d0b0 JavaThread "Service Thread" daemon [_thread_blocked, id=24365, stack(0x00007fd67ed00000,0x00007fd67ee00000)]
  0x00007fd6ac11e5d0 JavaThread "Monitor Deflation Thread" daemon [_thread_blocked, id=24367, stack(0x00007fd67ec00000,0x00007fd67ed00000)]
  0x00007fd6ac1200b0 JavaThread "C2 CompilerThread0" daemon [_thread_blocked, id=24368, stack(0x00007fd67eb00000,0x00007fd67ec00000)]
  0x00007fd6ac121710 JavaThread "C1 CompilerThread0" daemon [_thread_blocked, id=24369, stack(0x00007fd67ea00000,0x00007fd67eb00000)]
  0x00007fd6ac122cb0 JavaThread "Sweeper thread" daemon [_thread_blocked, id=24370, stack(0x00007fd67e900000,0x00007fd67ea00000)]
  0x00007fd6ac1373d0 JavaThread "Common-Cleaner" daemon [_thread_blocked, id=24374, stack(0x00007fd67e800000,0x00007fd67e900000)]
  0x00007fd6ac17b9a0 JavaThread "JDWP Transport Listener: dt_socket" daemon [_thread_blocked, id=24381, stack(0x00007fd67e700000,0x00007fd67e800000)]
  0x00007fd6ac1872a0 JavaThread "JDWP Event Helper Thread" daemon [_thread_blocked, id=24383, stack(0x00007fd67e300000,0x00007fd67e400000)]
  0x00007fd64c001120 JavaThread "JDWP Command Reader" daemon [_thread_in_native, id=24386, stack(0x00007fd67e200000,0x00007fd67e300000)]
  0x00007fd6ac198dc0 JavaThread "Notification Thread" daemon [_thread_blocked, id=24390, stack(0x00007fd67e100000,0x00007fd67e200000)]
  0x00007fd65031c020 JavaThread "C2 CompilerThread1" daemon [_thread_blocked, id=24393, stack(0x00007fd67defe000,0x00007fd67dffe000)]
  0x00007fd6ac60e230 JavaThread "grpc-default-worker-ELG-1-1" daemon [_thread_in_native, id=24400, stack(0x00007fd67cf00000,0x00007fd67d000000)]
  0x00007fd6ac611490 JavaThread "grpc-default-executor-0" daemon [_thread_blocked, id=24401, stack(0x00007fd67cb00000,0x00007fd67cc00000)]
  0x00007fd6ac617000 JavaThread "grpc-default-worker-ELG-1-2" daemon [_thread_in_native, id=24402, stack(0x00007fd67c700000,0x00007fd67c800000)]
  0x00007fd6ac62d6a0 JavaThread "grpc-default-worker-ELG-1-3" daemon [_thread_in_native, id=24404, stack(0x00007fd67c600000,0x00007fd67c700000)]
  0x00007fd6240bb980 JavaThread "grpc-default-worker-ELG-1-4" daemon [_thread_in_native, id=24406, stack(0x00007fd67c500000,0x00007fd67c600000)]

Other Threads:
  0x00007fd6ac114780 VMThread "VM Thread" [stack: 0x00007fd67f9f9000,0x00007fd67faf9000] [id=24359]
  0x00007fd6ac19a5b0 WatcherThread [stack: 0x00007fd67e000000,0x00007fd67e100000] [id=24391]
  0x00007fd6ac066f80 GCTaskThread "GC Thread#0" [stack: 0x00007fd6a1f19000,0x00007fd6a2019000] [id=24353]
  0x00007fd674004850 GCTaskThread "GC Thread#1" [stack: 0x00007fd67db00000,0x00007fd67dc00000] [id=24395]
  0x00007fd6740053d0 GCTaskThread "GC Thread#2" [stack: 0x00007fd67d700000,0x00007fd67d800000] [id=24396]
  0x00007fd674006840 GCTaskThread "GC Thread#3" [stack: 0x00007fd67d300000,0x00007fd67d400000] [id=24397]
  0x00007fd6ac077bd0 ConcurrentGCThread "G1 Main Marker" [stack: 0x00007fd68e244000,0x00007fd68e344000] [id=24354]
  0x00007fd6ac078c60 ConcurrentGCThread "G1 Conc#0" [stack: 0x00007fd68e142000,0x00007fd68e242000] [id=24355]
  0x00007fd6ac0de400 ConcurrentGCThread "G1 Refine#0" [stack: 0x00007fd67fbfd000,0x00007fd67fcfd000] [id=24356]
  0x00007fd6ac0df420 ConcurrentGCThread "G1 Service" [stack: 0x00007fd67fafb000,0x00007fd67fbfb000] [id=24357]

Threads with active compile tasks:

VM state: not at safepoint (normal execution)

VM Mutex/Monitor currently owned by a thread: None

Heap address: 0x0000000085800000, size: 1960 MB, Compressed Oops mode: 32-bit

CDS archive(s) mapped at: [0x0000000800000000-0x0000000800bf7000-0x0000000800bf7000), size 12546048, SharedBaseAddress: 0x0000000800000000, ArchiveRelocationMode: 0.
Compressed class space mapped at: 0x0000000800c00000-0x0000000840c00000, reserved size: 1073741824
Narrow klass base: 0x0000000800000000, Narrow klass shift: 3, Narrow klass range: 0x100000000

GC Precious Log:
 CPUs: 4 total, 4 available
 Memory: 7834M
 Large Page Support: Disabled
 NUMA Support: Disabled
 Compressed Oops: Enabled (32-bit)
 Heap Region Size: 1M
 Heap Min Capacity: 8M
 Heap Initial Capacity: 124M
 Heap Max Capacity: 1960M
 Pre-touch: Disabled
 Parallel Workers: 4
 Concurrent Workers: 1
 Concurrent Refinement Workers: 4
 Periodic GC: Disabled

Heap:
 garbage-first heap   total 129024K, used 47560K [0x0000000085800000, 0x0000000100000000)
  region size 1024K, 46 young (47104K), 2 survivors (2048K)
 Metaspace       used 17991K, committed 18176K, reserved 1064960K
  class space    used 2071K, committed 2112K, reserved 1048576K

Heap Regions: E=young(eden), S=young(survivor), O=old, HS=humongous(starts), HC=humongous(continues), CS=collection set, F=free, OA=open archive, CA=closed archive, TAMS=top-at-mark-start (previous, next)
|   0|0x0000000085800000, 0x0000000085900000, 0x0000000085900000|100%| O|  |TAMS 0x0000000085800000, 0x0000000085800000| Untracked 
|   1|0x0000000085900000, 0x0000000085a00000, 0x0000000085a00000|100%| O|  |TAMS 0x0000000085900000, 0x0000000085900000| Untracked 
|   2|0x0000000085a00000, 0x0000000085a60200, 0x0000000085b00000| 37%| O|  |TAMS 0x0000000085a00000, 0x0000000085a00000| Untracked 
|   3|0x0000000085b00000, 0x0000000085b00000, 0x0000000085c00000|  0%| F|  |TAMS 0x0000000085b00000, 0x0000000085b00000| Untracked 
|   4|0x0000000085c00000, 0x0000000085c00000, 0x0000000085d00000|  0%| F|  |TAMS 0x0000000085c00000, 0x0000000085c00000| Untracked 
|   5|0x0000000085d00000, 0x0000000085d00000, 0x0000000085e00000|  0%| F|  |TAMS 0x0000000085d00000, 0x0000000085d00000| Untracked 
|   6|0x0000000085e00000, 0x0000000085e00000, 0x0000000085f00000|  0%| F|  |TAMS 0x0000000085e00000, 0x0000000085e00000| Untracked 
|   7|0x0000000085f00000, 0x0000000085f00000, 0x0000000086000000|  0%| F|  |TAMS 0x0000000085f00000, 0x0000000085f00000| Untracked 
|   8|0x0000000086000000, 0x0000000086000000, 0x0000000086100000|  0%| F|  |TAMS 0x0000000086000000, 0x0000000086000000| Untracked 
|   9|0x0000000086100000, 0x0000000086100000, 0x0000000086200000|  0%| F|  |TAMS 0x0000000086100000, 0x0000000086100000| Untracked 
|  10|0x0000000086200000, 0x0000000086200000, 0x0000000086300000|  0%| F|  |TAMS 0x0000000086200000, 0x0000000086200000| Untracked 
|  11|0x0000000086300000, 0x0000000086300000, 0x0000000086400000|  0%| F|  |TAMS 0x0000000086300000, 0x0000000086300000| Untracked 
|  12|0x0000000086400000, 0x0000000086400000, 0x0000000086500000|  0%| F|  |TAMS 0x0000000086400000, 0x0000000086400000| Untracked 
|  13|0x0000000086500000, 0x0000000086500000, 0x0000000086600000|  0%| F|  |TAMS 0x0000000086500000, 0x0000000086500000| Untracked 
|  14|0x0000000086600000, 0x0000000086600000, 0x0000000086700000|  0%| F|  |TAMS 0x0000000086600000, 0x0000000086600000| Untracked 
|  15|0x0000000086700000, 0x0000000086700000, 0x0000000086800000|  0%| F|  |TAMS 0x0000000086700000, 0x0000000086700000| Untracked 
|  16|0x0000000086800000, 0x0000000086800000, 0x0000000086900000|  0%| F|  |TAMS 0x0000000086800000, 0x0000000086800000| Untracked 
|  17|0x0000000086900000, 0x0000000086900000, 0x0000000086a00000|  0%| F|  |TAMS 0x0000000086900000, 0x0000000086900000| Untracked 
|  18|0x0000000086a00000, 0x0000000086a00000, 0x0000000086b00000|  0%| F|  |TAMS 0x0000000086a00000, 0x0000000086a00000| Untracked 
|  19|0x0000000086b00000, 0x0000000086b00000, 0x0000000086c00000|  0%| F|  |TAMS 0x0000000086b00000, 0x0000000086b00000| Untracked 
|  20|0x0000000086c00000, 0x0000000086c00000, 0x0000000086d00000|  0%| F|  |TAMS 0x0000000086c00000, 0x0000000086c00000| Untracked 
|  21|0x0000000086d00000, 0x0000000086d00000, 0x0000000086e00000|  0%| F|  |TAMS 0x0000000086d00000, 0x0000000086d00000| Untracked 
|  22|0x0000000086e00000, 0x0000000086e00000, 0x0000000086f00000|  0%| F|  |TAMS 0x0000000086e00000, 0x0000000086e00000| Untracked 
|  23|0x0000000086f00000, 0x0000000086f00000, 0x0000000087000000|  0%| F|  |TAMS 0x0000000086f00000, 0x0000000086f00000| Untracked 
|  24|0x0000000087000000, 0x0000000087000000, 0x0000000087100000|  0%| F|  |TAMS 0x0000000087000000, 0x0000000087000000| Untracked 
|  25|0x0000000087100000, 0x0000000087100000, 0x0000000087200000|  0%| F|  |TAMS 0x0000000087100000, 0x0000000087100000| Untracked 
|  26|0x0000000087200000, 0x0000000087200000, 0x0000000087300000|  0%| F|  |TAMS 0x0000000087200000, 0x0000000087200000| Untracked 
|  27|0x0000000087300000, 0x0000000087300000, 0x0000000087400000|  0%| F|  |TAMS 0x0000000087300000, 0x0000000087300000| Untracked 
|  28|0x0000000087400000, 0x0000000087400000, 0x0000000087500000|  0%| F|  |TAMS 0x0000000087400000, 0x0000000087400000| Untracked 
|  29|0x0000000087500000, 0x0000000087500000, 0x0000000087600000|  0%| F|  |TAMS 0x0000000087500000, 0x0000000087500000| Untracked 
|  30|0x0000000087600000, 0x0000000087600000, 0x0000000087700000|  0%| F|  |TAMS 0x0000000087600000, 0x0000000087600000| Untracked 
|  31|0x0000000087700000, 0x0000000087700000, 0x0000000087800000|  0%| F|  |TAMS 0x0000000087700000, 0x0000000087700000| Untracked 
|  32|0x0000000087800000, 0x0000000087800000, 0x0000000087900000|  0%| F|  |TAMS 0x0000000087800000, 0x0000000087800000| Untracked 
|  33|0x0000000087900000, 0x0000000087900000, 0x0000000087a00000|  0%| F|  |TAMS 0x0000000087900000, 0x0000000087900000| Untracked 
|  34|0x0000000087a00000, 0x0000000087a00000, 0x0000000087b00000|  0%| F|  |TAMS 0x0000000087a00000, 0x0000000087a00000| Untracked 
|  35|0x0000000087b00000, 0x0000000087b00000, 0x0000000087c00000|  0%| F|  |TAMS 0x0000000087b00000, 0x0000000087b00000| Untracked 
|  36|0x0000000087c00000, 0x0000000087c00000, 0x0000000087d00000|  0%| F|  |TAMS 0x0000000087c00000, 0x0000000087c00000| Untracked 
|  37|0x0000000087d00000, 0x0000000087d00000, 0x0000000087e00000|  0%| F|  |TAMS 0x0000000087d00000, 0x0000000087d00000| Untracked 
|  38|0x0000000087e00000, 0x0000000087e00000, 0x0000000087f00000|  0%| F|  |TAMS 0x0000000087e00000, 0x0000000087e00000| Untracked 
|  39|0x0000000087f00000, 0x0000000087f00000, 0x0000000088000000|  0%| F|  |TAMS 0x0000000087f00000, 0x0000000087f00000| Untracked 
|  40|0x0000000088000000, 0x0000000088000000, 0x0000000088100000|  0%| F|  |TAMS 0x0000000088000000, 0x0000000088000000| Untracked 
|  41|0x0000000088100000, 0x0000000088100000, 0x0000000088200000|  0%| F|  |TAMS 0x0000000088100000, 0x0000000088100000| Untracked 
|  42|0x0000000088200000, 0x0000000088200000, 0x0000000088300000|  0%| F|  |TAMS 0x0000000088200000, 0x0000000088200000| Untracked 
|  43|0x0000000088300000, 0x0000000088300000, 0x0000000088400000|  0%| F|  |TAMS 0x0000000088300000, 0x0000000088300000| Untracked 
|  44|0x0000000088400000, 0x0000000088400000, 0x0000000088500000|  0%| F|  |TAMS 0x0000000088400000, 0x0000000088400000| Untracked 
|  45|0x0000000088500000, 0x0000000088500000, 0x0000000088600000|  0%| F|  |TAMS 0x0000000088500000, 0x0000000088500000| Untracked 
|  46|0x0000000088600000, 0x0000000088600000, 0x0000000088700000|  0%| F|  |TAMS 0x0000000088600000, 0x0000000088600000| Untracked 
|  47|0x0000000088700000, 0x0000000088700000, 0x0000000088800000|  0%| F|  |TAMS 0x0000000088700000, 0x0000000088700000| Untracked 
|  48|0x0000000088800000, 0x0000000088800000, 0x0000000088900000|  0%| F|  |TAMS 0x0000000088800000, 0x0000000088800000| Untracked 
|  49|0x0000000088900000, 0x0000000088900000, 0x0000000088a00000|  0%| F|  |TAMS 0x0000000088900000, 0x0000000088900000| Untracked 
|  50|0x0000000088a00000, 0x0000000088a00000, 0x0000000088b00000|  0%| F|  |TAMS 0x0000000088a00000, 0x0000000088a00000| Untracked 
|  51|0x0000000088b00000, 0x0000000088b00000, 0x0000000088c00000|  0%| F|  |TAMS 0x0000000088b00000, 0x0000000088b00000| Untracked 
|  52|0x0000000088c00000, 0x0000000088c00000, 0x0000000088d00000|  0%| F|  |TAMS 0x0000000088c00000, 0x0000000088c00000| Untracked 
|  53|0x0000000088d00000, 0x0000000088d00000, 0x0000000088e00000|  0%| F|  |TAMS 0x0000000088d00000, 0x0000000088d00000| Untracked 
|  54|0x0000000088e00000, 0x0000000088e00000, 0x0000000088f00000|  0%| F|  |TAMS 0x0000000088e00000, 0x0000000088e00000| Untracked 
|  55|0x0000000088f00000, 0x0000000088f00000, 0x0000000089000000|  0%| F|  |TAMS 0x0000000088f00000, 0x0000000088f00000| Untracked 
|  56|0x0000000089000000, 0x0000000089000000, 0x0000000089100000|  0%| F|  |TAMS 0x0000000089000000, 0x0000000089000000| Untracked 
|  57|0x0000000089100000, 0x0000000089100000, 0x0000000089200000|  0%| F|  |TAMS 0x0000000089100000, 0x0000000089100000| Untracked 
|  58|0x0000000089200000, 0x0000000089200000, 0x0000000089300000|  0%| F|  |TAMS 0x0000000089200000, 0x0000000089200000| Untracked 
|  59|0x0000000089300000, 0x0000000089300000, 0x0000000089400000|  0%| F|  |TAMS 0x0000000089300000, 0x0000000089300000| Untracked 
|  60|0x0000000089400000, 0x0000000089400000, 0x0000000089500000|  0%| F|  |TAMS 0x0000000089400000, 0x0000000089400000| Untracked 
|  61|0x0000000089500000, 0x0000000089500000, 0x0000000089600000|  0%| F|  |TAMS 0x0000000089500000, 0x0000000089500000| Untracked 
|  62|0x0000000089600000, 0x0000000089600000, 0x0000000089700000|  0%| F|  |TAMS 0x0000000089600000, 0x0000000089600000| Untracked 
|  63|0x0000000089700000, 0x0000000089700000, 0x0000000089800000|  0%| F|  |TAMS 0x0000000089700000, 0x0000000089700000| Untracked 
|  64|0x0000000089800000, 0x0000000089800000, 0x0000000089900000|  0%| F|  |TAMS 0x0000000089800000, 0x0000000089800000| Untracked 
|  65|0x0000000089900000, 0x0000000089900000, 0x0000000089a00000|  0%| F|  |TAMS 0x0000000089900000, 0x0000000089900000| Untracked 
|  66|0x0000000089a00000, 0x0000000089a00000, 0x0000000089b00000|  0%| F|  |TAMS 0x0000000089a00000, 0x0000000089a00000| Untracked 
|  67|0x0000000089b00000, 0x0000000089b00000, 0x0000000089c00000|  0%| F|  |TAMS 0x0000000089b00000, 0x0000000089b00000| Untracked 
|  68|0x0000000089c00000, 0x0000000089c00000, 0x0000000089d00000|  0%| F|  |TAMS 0x0000000089c00000, 0x0000000089c00000| Untracked 
|  69|0x0000000089d00000, 0x0000000089d00000, 0x0000000089e00000|  0%| F|  |TAMS 0x0000000089d00000, 0x0000000089d00000| Untracked 
|  70|0x0000000089e00000, 0x0000000089e00000, 0x0000000089f00000|  0%| F|  |TAMS 0x0000000089e00000, 0x0000000089e00000| Untracked 
|  71|0x0000000089f00000, 0x0000000089f00000, 0x000000008a000000|  0%| F|  |TAMS 0x0000000089f00000, 0x0000000089f00000| Untracked 
|  72|0x000000008a000000, 0x000000008a000000, 0x000000008a100000|  0%| F|  |TAMS 0x000000008a000000, 0x000000008a000000| Untracked 
|  73|0x000000008a100000, 0x000000008a100000, 0x000000008a200000|  0%| F|  |TAMS 0x000000008a100000, 0x000000008a100000| Untracked 
|  74|0x000000008a200000, 0x000000008a200000, 0x000000008a300000|  0%| F|  |TAMS 0x000000008a200000, 0x000000008a200000| Untracked 
|  75|0x000000008a300000, 0x000000008a300000, 0x000000008a400000|  0%| F|  |TAMS 0x000000008a300000, 0x000000008a300000| Untracked 
|  76|0x000000008a400000, 0x000000008a400000, 0x000000008a500000|  0%| F|  |TAMS 0x000000008a400000, 0x000000008a400000| Untracked 
|  77|0x000000008a500000, 0x000000008a500000, 0x000000008a600000|  0%| F|  |TAMS 0x000000008a500000, 0x000000008a500000| Untracked 
|  78|0x000000008a600000, 0x000000008a600800, 0x000000008a700000|  0%| E|  |TAMS 0x000000008a600000, 0x000000008a600000| Complete 
|  79|0x000000008a700000, 0x000000008a800000, 0x000000008a800000|100%| E|CS|TAMS 0x000000008a700000, 0x000000008a700000| Complete 
|  80|0x000000008a800000, 0x000000008a900000, 0x000000008a900000|100%| E|CS|TAMS 0x000000008a800000, 0x000000008a800000| Complete 
|  81|0x000000008a900000, 0x000000008aa00000, 0x000000008aa00000|100%| E|CS|TAMS 0x000000008a900000, 0x000000008a900000| Complete 
|  82|0x000000008aa00000, 0x000000008ab00000, 0x000000008ab00000|100%| E|CS|TAMS 0x000000008aa00000, 0x000000008aa00000| Complete 
|  83|0x000000008ab00000, 0x000000008ac00000, 0x000000008ac00000|100%| E|CS|TAMS 0x000000008ab00000, 0x000000008ab00000| Complete 
|  84|0x000000008ac00000, 0x000000008ad00000, 0x000000008ad00000|100%| E|CS|TAMS 0x000000008ac00000, 0x000000008ac00000| Complete 
|  85|0x000000008ad00000, 0x000000008ae00000, 0x000000008ae00000|100%| E|CS|TAMS 0x000000008ad00000, 0x000000008ad00000| Complete 
|  86|0x000000008ae00000, 0x000000008af00000, 0x000000008af00000|100%| E|CS|TAMS 0x000000008ae00000, 0x000000008ae00000| Complete 
|  87|0x000000008af00000, 0x000000008b000000, 0x000000008b000000|100%| E|CS|TAMS 0x000000008af00000, 0x000000008af00000| Complete 
|  88|0x000000008b000000, 0x000000008b100000, 0x000000008b100000|100%| E|  |TAMS 0x000000008b000000, 0x000000008b000000| Complete 
|  89|0x000000008b100000, 0x000000008b200000, 0x000000008b200000|100%| E|CS|TAMS 0x000000008b100000, 0x000000008b100000| Complete 
|  90|0x000000008b200000, 0x000000008b300000, 0x000000008b300000|100%| E|CS|TAMS 0x000000008b200000, 0x000000008b200000| Complete 
|  91|0x000000008b300000, 0x000000008b400000, 0x000000008b400000|100%| E|CS|TAMS 0x000000008b300000, 0x000000008b300000| Complete 
|  92|0x000000008b400000, 0x000000008b500000, 0x000000008b500000|100%| E|CS|TAMS 0x000000008b400000, 0x000000008b400000| Complete 
|  93|0x000000008b500000, 0x000000008b600000, 0x000000008b600000|100%| E|CS|TAMS 0x000000008b500000, 0x000000008b500000| Complete 
|  94|0x000000008b600000, 0x000000008b700000, 0x000000008b700000|100%| E|CS|TAMS 0x000000008b600000, 0x000000008b600000| Complete 
|  95|0x000000008b700000, 0x000000008b800000, 0x000000008b800000|100%| E|CS|TAMS 0x000000008b700000, 0x000000008b700000| Complete 
|  96|0x000000008b800000, 0x000000008b900000, 0x000000008b900000|100%| E|CS|TAMS 0x000000008b800000, 0x000000008b800000| Complete 
|  97|0x000000008b900000, 0x000000008ba00000, 0x000000008ba00000|100%| E|CS|TAMS 0x000000008b900000, 0x000000008b900000| Complete 
|  98|0x000000008ba00000, 0x000000008bb00000, 0x000000008bb00000|100%| E|CS|TAMS 0x000000008ba00000, 0x000000008ba00000| Complete 
|  99|0x000000008bb00000, 0x000000008bc00000, 0x000000008bc00000|100%| E|CS|TAMS 0x000000008bb00000, 0x000000008bb00000| Complete 
| 100|0x000000008bc00000, 0x000000008bd00000, 0x000000008bd00000|100%| E|CS|TAMS 0x000000008bc00000, 0x000000008bc00000| Complete 
| 101|0x000000008bd00000, 0x000000008bd14188, 0x000000008be00000|  7%| S|CS|TAMS 0x000000008bd00000, 0x000000008bd00000| Complete 
| 102|0x000000008be00000, 0x000000008bf00000, 0x000000008bf00000|100%| S|CS|TAMS 0x000000008be00000, 0x000000008be00000| Complete 
| 103|0x000000008bf00000, 0x000000008c000000, 0x000000008c000000|100%| E|CS|TAMS 0x000000008bf00000, 0x000000008bf00000| Complete 
| 104|0x000000008c000000, 0x000000008c100000, 0x000000008c100000|100%| E|CS|TAMS 0x000000008c000000, 0x000000008c000000| Complete 
| 105|0x000000008c100000, 0x000000008c200000, 0x000000008c200000|100%| E|CS|TAMS 0x000000008c100000, 0x000000008c100000| Complete 
| 106|0x000000008c200000, 0x000000008c300000, 0x000000008c300000|100%| E|CS|TAMS 0x000000008c200000, 0x000000008c200000| Complete 
| 107|0x000000008c300000, 0x000000008c400000, 0x000000008c400000|100%| E|CS|TAMS 0x000000008c300000, 0x000000008c300000| Complete 
| 108|0x000000008c400000, 0x000000008c500000, 0x000000008c500000|100%| E|CS|TAMS 0x000000008c400000, 0x000000008c400000| Complete 
| 109|0x000000008c500000, 0x000000008c600000, 0x000000008c600000|100%| E|CS|TAMS 0x000000008c500000, 0x000000008c500000| Complete 
| 110|0x000000008c600000, 0x000000008c700000, 0x000000008c700000|100%| E|CS|TAMS 0x000000008c600000, 0x000000008c600000| Complete 
| 111|0x000000008c700000, 0x000000008c800000, 0x000000008c800000|100%| E|CS|TAMS 0x000000008c700000, 0x000000008c700000| Complete 
| 112|0x000000008c800000, 0x000000008c900000, 0x000000008c900000|100%| E|CS|TAMS 0x000000008c800000, 0x000000008c800000| Complete 
| 113|0x000000008c900000, 0x000000008ca00000, 0x000000008ca00000|100%| E|CS|TAMS 0x000000008c900000, 0x000000008c900000| Complete 
| 114|0x000000008ca00000, 0x000000008cb00000, 0x000000008cb00000|100%| E|CS|TAMS 0x000000008ca00000, 0x000000008ca00000| Complete 
| 115|0x000000008cb00000, 0x000000008cc00000, 0x000000008cc00000|100%| E|CS|TAMS 0x000000008cb00000, 0x000000008cb00000| Complete 
| 116|0x000000008cc00000, 0x000000008cd00000, 0x000000008cd00000|100%| E|CS|TAMS 0x000000008cc00000, 0x000000008cc00000| Complete 
| 117|0x000000008cd00000, 0x000000008ce00000, 0x000000008ce00000|100%| E|CS|TAMS 0x000000008cd00000, 0x000000008cd00000| Complete 
| 118|0x000000008ce00000, 0x000000008cf00000, 0x000000008cf00000|100%| E|CS|TAMS 0x000000008ce00000, 0x000000008ce00000| Complete 
| 119|0x000000008cf00000, 0x000000008d000000, 0x000000008d000000|100%| E|CS|TAMS 0x000000008cf00000, 0x000000008cf00000| Complete 
| 120|0x000000008d000000, 0x000000008d100000, 0x000000008d100000|100%| E|CS|TAMS 0x000000008d000000, 0x000000008d000000| Complete 
| 121|0x000000008d100000, 0x000000008d200000, 0x000000008d200000|100%| E|CS|TAMS 0x000000008d100000, 0x000000008d100000| Complete 
| 122|0x000000008d200000, 0x000000008d300000, 0x000000008d300000|100%| E|CS|TAMS 0x000000008d200000, 0x000000008d200000| Complete 
| 123|0x000000008d300000, 0x000000008d400000, 0x000000008d400000|100%| E|CS|TAMS 0x000000008d300000, 0x000000008d300000| Complete 
|1958|0x00000000ffe00000, 0x00000000ffe76000, 0x00000000fff00000| 46%|OA|  |TAMS 0x00000000ffe00000, 0x00000000ffe00000| Untracked 
|1959|0x00000000fff00000, 0x00000000fff88000, 0x0000000100000000| 53%|CA|  |TAMS 0x00000000fff00000, 0x00000000fff00000| Untracked 

Card table byte_map: [0x00007fd692458000,0x00007fd69282c000] _byte_map_base: 0x00007fd69202c000

Marking Bits (Prev, Next): (CMBitMap*) 0x00007fd6ac067b30, (CMBitMap*) 0x00007fd6ac067b70
 Prev Bits: [0x00007fd6901e4000, 0x00007fd692084000)
 Next Bits: [0x00007fd68e344000, 0x00007fd6901e4000)

Polling page: 0x00007fd6b278e000

Metaspace:

Usage:
  Non-class:     15.55 MB used.
      Class:      2.02 MB used.
       Both:     17.57 MB used.

Virtual space:
  Non-class space:       16.00 MB reserved,      15.69 MB ( 98%) committed,  2 nodes.
      Class space:        1.00 GB reserved,       2.06 MB ( <1%) committed,  1 nodes.
              Both:        1.02 GB reserved,      17.75 MB (  2%) committed. 

Chunk freelists:
   Non-Class:  112.00 KB
       Class:  1.83 MB
        Both:  1.94 MB

MaxMetaspaceSize: 17179869184.00 GB
CompressedClassSpaceSize: 1.00 GB
 - commit_granule_bytes: 65536.
 - commit_granule_words: 8192.
 - virtual_space_node_default_size: 1048576.
 - enlarge_chunks_in_place: 1.
 - new_chunks_are_fully_committed: 0.
 - uncommit_free_chunks: 1.
 - use_allocation_guard: 0.
 - handle_deallocations: 1.


Internal statistics:

num_allocs_failed_limit: 0.
num_arena_births: 62.
num_arena_deaths: 0.
num_vsnodes_births: 3.
num_vsnodes_deaths: 0.
num_space_committed: 284.
num_space_uncommitted: 0.
num_chunks_returned_to_freelist: 0.
num_chunks_taken_from_freelist: 582.
num_chunk_merges: 0.
num_chunk_splits: 483.
num_chunks_enlarged: 433.
num_purges: 0.

CodeHeap 'non-profiled nmethods': size=120032Kb used=670Kb max_used=670Kb free=119362Kb
 bounds [0x00007fd69a6c8000, 0x00007fd69a938000, 0x00007fd6a1c00000]
CodeHeap 'profiled nmethods': size=120028Kb used=2432Kb max_used=2432Kb free=117596Kb
 bounds [0x00007fd693191000, 0x00007fd693401000, 0x00007fd69a6c8000]
CodeHeap 'non-nmethods': size=5700Kb used=1309Kb max_used=1331Kb free=4390Kb
 bounds [0x00007fd692c00000, 0x00007fd692e70000, 0x00007fd693191000]
 total_blobs=1981 nmethods=1417 adapters=477
 compilation: enabled
              stopped_count=0, restarted_count=0
 full_count=0

Compilation events (20 events):
Event: 2.056 Thread 0x00007fd6ac121710 1407       3       java.lang.Character::toLowerCase (6 bytes)
Event: 2.056 Thread 0x00007fd6ac121710 nmethod 1407 0x00007fd6933ed990 code [0x00007fd6933edb40, 0x00007fd6933edd90]
Event: 2.067 Thread 0x00007fd6ac121710 1409       3       com.fasterxml.jackson.databind.cfg.MapperConfig::constructType (9 bytes)
Event: 2.067 Thread 0x00007fd6ac121710 nmethod 1409 0x00007fd6933ede90 code [0x00007fd6933ee060, 0x00007fd6933ee2c0]
Event: 2.074 Thread 0x00007fd6ac121710 1410       1       java.lang.reflect.Method::getGenericSignature (5 bytes)
Event: 2.075 Thread 0x00007fd6ac121710 nmethod 1410 0x00007fd69a76f510 code [0x00007fd69a76f6a0, 0x00007fd69a76f770]
Event: 2.075 Thread 0x00007fd6ac121710 1411       3       com.fasterxml.jackson.databind.introspect.JacksonAnnotationIntrospector::findViews (26 bytes)
Event: 2.075 Thread 0x00007fd6ac121710 nmethod 1411 0x00007fd6933ee410 code [0x00007fd6933ee5e0, 0x00007fd6933eeaf0]
Event: 2.079 Thread 0x00007fd6ac121710 1412       3       com.fasterxml.jackson.databind.introspect.POJOPropertyBuilder$Linked::withoutNonVisible (36 bytes)
Event: 2.080 Thread 0x00007fd6ac121710 nmethod 1412 0x00007fd6933eec90 code [0x00007fd6933eee60, 0x00007fd6933ef0b0]
Event: 2.080 Thread 0x00007fd6ac121710 1415       3       com.fasterxml.jackson.databind.cfg.MapperConfig::introspectClassAnnotations (11 bytes)
Event: 2.080 Thread 0x00007fd6ac121710 nmethod 1415 0x00007fd6933ef190 code [0x00007fd6933ef340, 0x00007fd6933ef640]
Event: 2.080 Thread 0x00007fd6ac121710 1416       3       com.fasterxml.jackson.databind.introspect.BasicClassIntrospector::forClassAnnotations (8 bytes)
Event: 2.080 Thread 0x00007fd6ac121710 nmethod 1416 0x00007fd6933ef790 code [0x00007fd6933ef940, 0x00007fd6933efaa0]
Event: 2.080 Thread 0x00007fd6ac121710 1417       3       com.fasterxml.jackson.databind.introspect.BasicClassIntrospector::forClassAnnotations (30 bytes)
Event: 2.080 Thread 0x00007fd6ac121710 nmethod 1417 0x00007fd6933efb90 code [0x00007fd6933efd60, 0x00007fd6933f0000]
Event: 2.080 Thread 0x00007fd6ac121710 1414       3       com.fasterxml.jackson.databind.introspect.POJOPropertyBuilder$Linked::trimByVisibility (86 bytes)
Event: 2.080 Thread 0x00007fd6ac121710 nmethod 1414 0x00007fd6933f0190 code [0x00007fd6933f03c0, 0x00007fd6933f0880]
Event: 2.080 Thread 0x00007fd6ac121710 1413       3       com.fasterxml.jackson.databind.introspect.AnnotatedWithParams::<init> (12 bytes)
Event: 2.081 Thread 0x00007fd6ac121710 nmethod 1413 0x00007fd6933f0a10 code [0x00007fd6933f0bc0, 0x00007fd6933f0ef0]

GC Heap History (4 events):
Event: 0.726 GC heap before
{Heap before GC invocations=0 (full 0):
 garbage-first heap   total 129024K, used 13304K [0x0000000085800000, 0x0000000100000000)
  region size 1024K, 13 young (13312K), 0 survivors (0K)
 Metaspace       used 3420K, committed 3520K, reserved 1056768K
  class space    used 362K, committed 448K, reserved 1048576K
}
Event: 0.748 GC heap after
{Heap after GC invocations=1 (full 0):
 garbage-first heap   total 129024K, used 3509K [0x0000000085800000, 0x0000000100000000)
  region size 1024K, 2 young (2048K), 2 survivors (2048K)
 Metaspace       used 3420K, committed 3520K, reserved 1056768K
  class space    used 362K, committed 448K, reserved 1048576K
}
Event: 1.105 GC heap before
{Heap before GC invocations=1 (full 0):
 garbage-first heap   total 129024K, used 22965K [0x0000000085800000, 0x0000000100000000)
  region size 1024K, 21 young (21504K), 2 survivors (2048K)
 Metaspace       used 8588K, committed 8704K, reserved 1064960K
  class space    used 988K, committed 1088K, reserved 1048576K
}
Event: 1.110 GC heap after
{Heap after GC invocations=2 (full 0):
 garbage-first heap   total 129024K, used 4552K [0x0000000085800000, 0x0000000100000000)
  region size 1024K, 2 young (2048K), 2 survivors (2048K)
 Metaspace       used 8588K, committed 8704K, reserved 1064960K
  class space    used 988K, committed 1088K, reserved 1048576K
}

Deoptimization events (20 events):
Event: 1.823 Thread 0x00007fd6ac026cf0 Uncommon trap: trap_request=0xffffffde fr.pc=0x00007fd69a72822c relative=0x00000000000014ec
Event: 1.823 Thread 0x00007fd6ac026cf0 Uncommon trap: reason=class_check action=maybe_recompile pc=0x00007fd69a72822c method=java.util.concurrent.ConcurrentHashMap.putVal(Ljava/lang/Object;Ljava/lang/Object;Z)Ljava/lang/Object; @ 242 c2
Event: 1.823 Thread 0x00007fd6ac026cf0 DEOPT PACKING pc=0x00007fd69a72822c sp=0x00007fd6b21d42d0
Event: 1.823 Thread 0x00007fd6ac026cf0 DEOPT UNPACKING pc=0x00007fd692c4d424 sp=0x00007fd6b21d4260 mode 2
Event: 1.823 Thread 0x00007fd6ac026cf0 Uncommon trap: trap_request=0xffffff45 fr.pc=0x00007fd69a702f08 relative=0x0000000000000368
Event: 1.823 Thread 0x00007fd6ac026cf0 Uncommon trap: reason=unstable_if action=reinterpret pc=0x00007fd69a702f08 method=java.util.concurrent.ConcurrentHashMap.get(Ljava/lang/Object;)Ljava/lang/Object; @ 152 c2
Event: 1.823 Thread 0x00007fd6ac026cf0 DEOPT PACKING pc=0x00007fd69a702f08 sp=0x00007fd6b21d4500
Event: 1.823 Thread 0x00007fd6ac026cf0 DEOPT UNPACKING pc=0x00007fd692c4d424 sp=0x00007fd6b21d44a8 mode 2
Event: 1.823 Thread 0x00007fd6ac026cf0 Uncommon trap: trap_request=0xffffffde fr.pc=0x00007fd69a72822c relative=0x00000000000014ec
Event: 1.823 Thread 0x00007fd6ac026cf0 Uncommon trap: reason=class_check action=maybe_recompile pc=0x00007fd69a72822c method=java.util.concurrent.ConcurrentHashMap.putVal(Ljava/lang/Object;Ljava/lang/Object;Z)Ljava/lang/Object; @ 242 c2
Event: 1.823 Thread 0x00007fd6ac026cf0 DEOPT PACKING pc=0x00007fd69a72822c sp=0x00007fd6b21d3fc0
Event: 1.823 Thread 0x00007fd6ac026cf0 DEOPT UNPACKING pc=0x00007fd692c4d424 sp=0x00007fd6b21d3f50 mode 2
Event: 1.832 Thread 0x00007fd6ac026cf0 Uncommon trap: trap_request=0xffffffde fr.pc=0x00007fd69a72822c relative=0x00000000000014ec
Event: 1.832 Thread 0x00007fd6ac026cf0 Uncommon trap: reason=class_check action=maybe_recompile pc=0x00007fd69a72822c method=java.util.concurrent.ConcurrentHashMap.putVal(Ljava/lang/Object;Ljava/lang/Object;Z)Ljava/lang/Object; @ 242 c2
Event: 1.832 Thread 0x00007fd6ac026cf0 DEOPT PACKING pc=0x00007fd69a72822c sp=0x00007fd6b21d3df0
Event: 1.832 Thread 0x00007fd6ac026cf0 DEOPT UNPACKING pc=0x00007fd692c4d424 sp=0x00007fd6b21d3d80 mode 2
Event: 2.002 Thread 0x00007fd6ac026cf0 Uncommon trap: trap_request=0xffffff45 fr.pc=0x00007fd69a76cd68 relative=0x00000000000007e8
Event: 2.002 Thread 0x00007fd6ac026cf0 Uncommon trap: reason=unstable_if action=reinterpret pc=0x00007fd69a76cd68 method=java.io.BufferedInputStream.read([BII)I @ 56 c2
Event: 2.002 Thread 0x00007fd6ac026cf0 DEOPT PACKING pc=0x00007fd69a76cd68 sp=0x00007fd6b21d4b50
Event: 2.002 Thread 0x00007fd6ac026cf0 DEOPT UNPACKING pc=0x00007fd692c4d424 sp=0x00007fd6b21d4b28 mode 2

Classes unloaded (0 events):
No events

Classes redefined (0 events):
No events

Internal exceptions (20 events):
Event: 0.310 Thread 0x00007fd6ac026cf0 Exception <a 'java/io/FileNotFoundException'{0x000000008cf07d40}> (0x000000008cf07d40) 
thrown [./src/hotspot/share/prims/jni.cpp, line 579]
Event: 0.447 Thread 0x00007fd6ac026cf0 Exception <a 'java/lang/NoSuchMethodError'{0x000000008cda86c0}: 'java.lang.Object java.lang.invoke.DirectMethodHandle$Holder.invokeInterface(java.lang.Object, java.lang.Object)'> (0x000000008cda86c0) 
thrown [./src/hotspot/share/interpreter/linkResolver.cpp, line 790]
Event: 0.448 Thread 0x00007fd6ac026cf0 Exception <a 'java/lang/IncompatibleClassChangeError'{0x000000008cdadb70}: Found class java.lang.Object, but interface was expected> (0x000000008cdadb70) 
thrown [./src/hotspot/share/interpreter/linkResolver.cpp, line 857]
Event: 0.545 Thread 0x00007fd6ac026cf0 Exception <a 'java/lang/NoSuchMethodError'{0x000000008cbd24c0}: 'void java.lang.invoke.DirectMethodHandle$Holder.invokeSpecial(java.lang.Object, java.lang.Object, java.lang.Object)'> (0x000000008cbd24c0) 
thrown [./src/hotspot/share/interpreter/linkResolver.cpp, line 790]
Event: 0.678 Thread 0x00007fd6ac026cf0 Exception <a 'java/lang/NoClassDefFoundError'{0x000000008c893c70}: org/slf4j/LoggerFactory> (0x000000008c893c70) 
thrown [./src/hotspot/share/classfile/systemDictionary.cpp, line 245]
Event: 0.678 Thread 0x00007fd6ac026cf0 Exception <a 'java/lang/NoClassDefFoundError'{0x000000008c89f8b0}: org/apache/logging/log4j/spi/ExtendedLoggerWrapper> (0x000000008c89f8b0) 
thrown [./src/hotspot/share/classfile/systemDictionary.cpp, line 245]
Event: 0.679 Thread 0x00007fd6ac026cf0 Exception <a 'java/lang/NoClassDefFoundError'{0x000000008c8ac718}: org/apache/log4j/Priority> (0x000000008c8ac718) 
thrown [./src/hotspot/share/classfile/systemDictionary.cpp, line 245]
Event: 0.689 Thread 0x00007fd6ac026cf0 Exception <a 'java/lang/NoSuchMethodError'{0x000000008c72a940}: 'java.lang.Object java.lang.invoke.DirectMethodHandle$Holder.invokeStatic(java.lang.Object)'> (0x000000008c72a940) 
thrown [./src/hotspot/share/interpreter/linkResolver.cpp, line 790]
Event: 0.689 Thread 0x00007fd6ac026cf0 Exception <a 'java/lang/NoSuchMethodError'{0x000000008c72e2f0}: 'java.lang.Object java.lang.invoke.DirectMethodHandle$Holder.invokeStaticInit(java.lang.Object)'> (0x000000008c72e2f0) 
thrown [./src/hotspot/share/interpreter/linkResolver.cpp, line 790]
Event: 0.706 Thread 0x00007fd6ac026cf0 Exception <a 'java/lang/NoSuchMethodError'{0x000000008c773258}: 'java.lang.Object java.lang.invoke.DirectMethodHandle$Holder.invokeStaticInit(java.lang.Object, java.lang.Object, java.lang.Object)'> (0x000000008c773258) 
thrown [./src/hotspot/share/interpreter/linkResolver.cpp, line 790]
Event: 0.713 Thread 0x00007fd6ac026cf0 Exception <a 'java/lang/NoSuchMethodError'{0x000000008c79de88}: 'int java.lang.invoke.DirectMethodHandle$Holder.invokeSpecial(java.lang.Object, java.lang.Object, java.lang.Object)'> (0x000000008c79de88) 
thrown [./src/hotspot/share/interpreter/linkResolver.cpp, line 790]
Event: 0.786 Thread 0x00007fd6ac026cf0 Exception <a 'java/lang/UnsatisfiedLinkError'{0x000000008d243b78}: 'int io.grpc.netty.shaded.io.netty.channel.epoll.Native.offsetofEpollData()'> (0x000000008d243b78) 
thrown [./src/hotspot/share/prims/nativeLookup.cpp, line 541]
Event: 0.788 Thread 0x00007fd6ac026cf0 Exception <a 'java/lang/reflect/InvocationTargetException'{0x000000008d25bf28}> (0x000000008d25bf28) 
thrown [./src/hotspot/share/runtime/reflection.cpp, line 1157]
Event: 1.556 Thread 0x00007fd6ac026cf0 Implicit null exception at 0x00007fd69a72ed60 to 0x00007fd69a7307ac
Event: 1.596 Thread 0x00007fd6ac026cf0 Exception <a 'java/lang/NoSuchMethodError'{0x000000008b333d60}: 'long java.lang.invoke.DirectMethodHandle$Holder.invokeSpecial(java.lang.Object, java.lang.Object)'> (0x000000008b333d60) 
thrown [./src/hotspot/share/interpreter/linkResolver.cpp, line 790]
Event: 1.601 Thread 0x00007fd6ac026cf0 Exception <a 'java/lang/NoSuchMethodError'{0x000000008b33f3a0}: 'long java.lang.invoke.DirectMethodHandle$Holder.invokeStatic(java.lang.Object, java.lang.Object)'> (0x000000008b33f3a0) 
thrown [./src/hotspot/share/interpreter/linkResolver.cpp, line 790]
Event: 1.602 Thread 0x00007fd6ac026cf0 Exception <a 'java/lang/NoSuchMethodError'{0x000000008b342b80}: 'long java.lang.invoke.DirectMethodHandle$Holder.invokeStaticInit(java.lang.Object, java.lang.Object)'> (0x000000008b342b80) 
thrown [./src/hotspot/share/interpreter/linkResolver.cpp, line 790]
Event: 1.604 Thread 0x00007fd6ac026cf0 Exception <a 'java/lang/NoSuchMethodError'{0x000000008b350a70}: 'long java.lang.invoke.DirectMethodHandle$Holder.invokeInterface(java.lang.Object, java.lang.Object)'> (0x000000008b350a70) 
thrown [./src/hotspot/share/interpreter/linkResolver.cpp, line 790]
Event: 1.605 Thread 0x00007fd6ac026cf0 Exception <a 'java/lang/IncompatibleClassChangeError'{0x000000008b3541d0}: Found class java.lang.Object, but interface was expected> (0x000000008b3541d0) 
thrown [./src/hotspot/share/interpreter/linkResolver.cpp, line 857]
Event: 1.678 Thread 0x00007fd6ac026cf0 Exception <a 'java/lang/NoSuchMethodError'{0x000000008b1c64d8}: 'java.lang.Object java.lang.invoke.DirectMethodHandle$Holder.newInvokeSpecial(java.lang.Object, java.lang.Object, java.lang.Object, java.lang.Object, java.lang.Object)'> (0x000000008b1c64d8) 
thrown [./src/hotspot/share/interpreter/linkResolver.cpp, line 790]

Events (20 events):
Event: 3.051 loading class com/intellij/rt/debugger/BatchEvaluatorServer
Event: 3.051 loading class com/intellij/rt/debugger/BatchEvaluatorServer done
Event: 4.844 Executing  VM operation: ChangeBreakpoints
Event: 4.845 Executing  VM operation: ChangeBreakpoints done
Event: 4.845 Executing  VM operation: ChangeBreakpoints
Event: 4.845 Executing  VM operation: ChangeBreakpoints done
Event: 4.847 Executing  VM operation: ChangeBreakpoints
Event: 4.848 Executing  VM operation: ChangeBreakpoints done
Event: 4.848 Executing  VM operation: ChangeBreakpoints
Event: 4.848 Executing  VM operation: ChangeBreakpoints done
Event: 4.848 Executing  VM operation: ChangeBreakpoints
Event: 4.848 Executing  VM operation: ChangeBreakpoints done
Event: 4.849 Executing  VM operation: ChangeBreakpoints
Event: 4.849 Executing  VM operation: ChangeBreakpoints done
Event: 4.852 Executing  VM operation: ChangeSingleStep
Event: 4.852 Executing  VM operation: ChangeSingleStep done
Event: 4.853 Executing  VM operation: ChangeSingleStep
Event: 4.853 Executing  VM operation: ChangeSingleStep done
Event: 4.853 Executing  VM operation: ChangeSingleStep
Event: 4.853 Executing  VM operation: ChangeSingleStep done


Dynamic libraries:
85800000-8d400000 rw-p 00000000 00:00 0 
8d400000-ffe00000 ---p 00000000 00:00 0 
ffe00000-ffe76000 rw-p 00cb8000 103:02 658613                            /home/tanmay/.jdks/corretto-16.0.2/lib/server/classes.jsa
ffe76000-fff00000 rw-p 00000000 00:00 0 
fff00000-fff88000 rw-p 00c30000 103:02 658613                            /home/tanmay/.jdks/corretto-16.0.2/lib/server/classes.jsa
fff88000-100000000 rw-p 00000000 00:00 0 
800000000-800003000 rwxp 00001000 103:02 658613                          /home/tanmay/.jdks/corretto-16.0.2/lib/server/classes.jsa
800003000-800bf7000 rw-p 00004000 103:02 658613                          /home/tanmay/.jdks/corretto-16.0.2/lib/server/classes.jsa
800bf7000-800c00000 ---p 00000000 00:00 0 
800c00000-800c40000 rw-p 00000000 00:00 0 
800c40000-800cc0000 rw-p 00000000 00:00 0 
800cc0000-800ce0000 rw-p 00000000 00:00 0 
800ce0000-800d00000 ---p 00000000 00:00 0 
800d00000-800e30000 rw-p 00000000 00:00 0 
800e30000-840c00000 ---p 00000000 00:00 0 
561117600000-561117601000 r-xp 00000000 103:02 658681                    /home/tanmay/.jdks/corretto-16.0.2/bin/java
561117801000-561117802000 r--p 00001000 103:02 658681                    /home/tanmay/.jdks/corretto-16.0.2/bin/java
561117802000-561117803000 rw-p 00002000 103:02 658681                    /home/tanmay/.jdks/corretto-16.0.2/bin/java
561118c09000-561118c2a000 rw-p 00000000 00:00 0                          [heap]
7fd60c000000-7fd60c034000 rw-p 00000000 00:00 0 
7fd60c034000-7fd610000000 ---p 00000000 00:00 0 
7fd614000000-7fd614021000 rw-p 00000000 00:00 0 
7fd614021000-7fd618000000 ---p 00000000 00:00 0 
7fd618000000-7fd618021000 rw-p 00000000 00:00 0 
7fd618021000-7fd61c000000 ---p 00000000 00:00 0 
7fd61eadd000-7fd61f036000 rw-p 00000000 00:00 0 
7fd61f036000-7fd61f07e000 r--p 00000000 103:02 1836067                   /tmp/902f9bdc0a6e15597404931953532627libcrypto_jni.so.so
7fd61f07e000-7fd61f38e000 r-xp 00048000 103:02 1836067                   /tmp/902f9bdc0a6e15597404931953532627libcrypto_jni.so.so
7fd61f38e000-7fd61f7dd000 r--p 00358000 103:02 1836067                   /tmp/902f9bdc0a6e15597404931953532627libcrypto_jni.so.so
7fd61f7dd000-7fd61f7ff000 r--p 007a6000 103:02 1836067                   /tmp/902f9bdc0a6e15597404931953532627libcrypto_jni.so.so
7fd61f7ff000-7fd61f800000 rw-p 007c8000 103:02 1836067                   /tmp/902f9bdc0a6e15597404931953532627libcrypto_jni.so.so
7fd61f800000-7fd61fff0000 rw-p 00000000 00:00 0 
7fd61fff0000-7fd620000000 ---p 00000000 00:00 0 
7fd620000000-7fd620021000 rw-p 00000000 00:00 0 
7fd620021000-7fd624000000 ---p 00000000 00:00 0 
7fd624000000-7fd6240c4000 rw-p 00000000 00:00 0 
7fd6240c4000-7fd628000000 ---p 00000000 00:00 0 
7fd628000000-7fd628021000 rw-p 00000000 00:00 0 
7fd628021000-7fd62c000000 ---p 00000000 00:00 0 
7fd62c000000-7fd62c021000 rw-p 00000000 00:00 0 
7fd62c021000-7fd630000000 ---p 00000000 00:00 0 
7fd630000000-7fd6303a8000 rw-p 00000000 00:00 0 
7fd6303a8000-7fd634000000 ---p 00000000 00:00 0 
7fd634000000-7fd634021000 rw-p 00000000 00:00 0 
7fd634021000-7fd638000000 ---p 00000000 00:00 0 
7fd638000000-7fd638021000 rw-p 00000000 00:00 0 
7fd638021000-7fd63c000000 ---p 00000000 00:00 0 
7fd63c000000-7fd63c021000 rw-p 00000000 00:00 0 
7fd63c021000-7fd640000000 ---p 00000000 00:00 0 
7fd640000000-7fd64005b000 rw-p 00000000 00:00 0 
7fd64005b000-7fd644000000 ---p 00000000 00:00 0 
7fd644000000-7fd644021000 rw-p 00000000 00:00 0 
7fd644021000-7fd648000000 ---p 00000000 00:00 0 
7fd648000000-7fd648021000 rw-p 00000000 00:00 0 
7fd648021000-7fd64c000000 ---p 00000000 00:00 0 
7fd64c000000-7fd64c036000 rw-p 00000000 00:00 0 
7fd64c036000-7fd650000000 ---p 00000000 00:00 0 
7fd650000000-7fd65051c000 rw-p 00000000 00:00 0 
7fd65051c000-7fd654000000 ---p 00000000 00:00 0 
7fd654000000-7fd654021000 rw-p 00000000 00:00 0 
7fd654021000-7fd658000000 ---p 00000000 00:00 0 
7fd658000000-7fd658021000 rw-p 00000000 00:00 0 
7fd658021000-7fd65c000000 ---p 00000000 00:00 0 
7fd65c000000-7fd65c52d000 rw-p 00000000 00:00 0 
7fd65c52d000-7fd660000000 ---p 00000000 00:00 0 
7fd660000000-7fd660021000 rw-p 00000000 00:00 0 
7fd660021000-7fd664000000 ---p 00000000 00:00 0 
7fd664000000-7fd664021000 rw-p 00000000 00:00 0 
7fd664021000-7fd668000000 ---p 00000000 00:00 0 
7fd668000000-7fd668021000 rw-p 00000000 00:00 0 
7fd668021000-7fd66c000000 ---p 00000000 00:00 0 
7fd66c000000-7fd66c021000 rw-p 00000000 00:00 0 
7fd66c021000-7fd670000000 ---p 00000000 00:00 0 
7fd670000000-7fd670021000 rw-p 00000000 00:00 0 
7fd670021000-7fd674000000 ---p 00000000 00:00 0 
7fd674000000-7fd674021000 rw-p 00000000 00:00 0 
7fd674021000-7fd678000000 ---p 00000000 00:00 0 
7fd678000000-7fd678021000 rw-p 00000000 00:00 0 
7fd678021000-7fd67c000000 ---p 00000000 00:00 0 
7fd67c0fe000-7fd67c500000 rw-p 00000000 00:00 0 
7fd67c500000-7fd67c504000 ---p 00000000 00:00 0 
7fd67c504000-7fd67c600000 rw-p 00000000 00:00 0 
7fd67c600000-7fd67c604000 ---p 00000000 00:00 0 
7fd67c604000-7fd67c700000 rw-p 00000000 00:00 0 
7fd67c700000-7fd67c704000 ---p 00000000 00:00 0 
7fd67c704000-7fd67c800000 rw-p 00000000 00:00 0 
7fd67c800000-7fd67c80f000 r-xp 00000000 103:02 1836063                   /tmp/libio_grpc_netty_shaded_netty_transport_native_epoll_x86_644263813969789302100.so (deleted)
7fd67c80f000-7fd67ca0e000 ---p 0000f000 103:02 1836063                   /tmp/libio_grpc_netty_shaded_netty_transport_native_epoll_x86_644263813969789302100.so (deleted)
7fd67ca0e000-7fd67ca10000 rw-p 0000e000 103:02 1836063                   /tmp/libio_grpc_netty_shaded_netty_transport_native_epoll_x86_644263813969789302100.so (deleted)
7fd67cb00000-7fd67cb04000 ---p 00000000 00:00 0 
7fd67cb04000-7fd67cc00000 rw-p 00000000 00:00 0 
7fd67cc00000-7fd67cc06000 r-xp 00000000 103:02 139446                    /home/tanmay/.jdks/corretto-16.0.2/lib/libmanagement_ext.so
7fd67cc06000-7fd67ce05000 ---p 00006000 103:02 139446                    /home/tanmay/.jdks/corretto-16.0.2/lib/libmanagement_ext.so
7fd67ce05000-7fd67ce06000 r--p 00005000 103:02 139446                    /home/tanmay/.jdks/corretto-16.0.2/lib/libmanagement_ext.so
7fd67ce06000-7fd67ce07000 rw-p 00000000 00:00 0 
7fd67cf00000-7fd67cf04000 ---p 00000000 00:00 0 
7fd67cf04000-7fd67d000000 rw-p 00000000 00:00 0 
7fd67d000000-7fd67d004000 r-xp 00000000 103:02 139435                    /home/tanmay/.jdks/corretto-16.0.2/lib/libmanagement.so
7fd67d004000-7fd67d203000 ---p 00004000 103:02 139435                    /home/tanmay/.jdks/corretto-16.0.2/lib/libmanagement.so
7fd67d203000-7fd67d204000 r--p 00003000 103:02 139435                    /home/tanmay/.jdks/corretto-16.0.2/lib/libmanagement.so
7fd67d204000-7fd67d205000 rw-p 00000000 00:00 0 
7fd67d2fe000-7fd67d2ff000 ---p 00000000 00:00 0 
7fd67d2ff000-7fd67d400000 rw-p 00000000 00:00 0 
7fd67d400000-7fd67d410000 r-xp 00000000 103:02 139409                    /home/tanmay/.jdks/corretto-16.0.2/lib/libverify.so
7fd67d410000-7fd67d610000 ---p 00010000 103:02 139409                    /home/tanmay/.jdks/corretto-16.0.2/lib/libverify.so
7fd67d610000-7fd67d612000 r--p 00010000 103:02 139409                    /home/tanmay/.jdks/corretto-16.0.2/lib/libverify.so
7fd67d612000-7fd67d613000 rw-p 00000000 00:00 0 
7fd67d6fe000-7fd67d6ff000 ---p 00000000 00:00 0 
7fd67d6ff000-7fd67d800000 rw-p 00000000 00:00 0 
7fd67d800000-7fd67d814000 r-xp 00000000 103:02 139415                    /home/tanmay/.jdks/corretto-16.0.2/lib/libnet.so
7fd67d814000-7fd67da14000 ---p 00014000 103:02 139415                    /home/tanmay/.jdks/corretto-16.0.2/lib/libnet.so
7fd67da14000-7fd67da15000 r--p 00014000 103:02 139415                    /home/tanmay/.jdks/corretto-16.0.2/lib/libnet.so
7fd67da15000-7fd67da16000 rw-p 00015000 103:02 139415                    /home/tanmay/.jdks/corretto-16.0.2/lib/libnet.so
7fd67dafe000-7fd67daff000 ---p 00000000 00:00 0 
7fd67daff000-7fd67dc00000 rw-p 00000000 00:00 0 
7fd67dc00000-7fd67dc12000 r-xp 00000000 103:02 139416                    /home/tanmay/.jdks/corretto-16.0.2/lib/libnio.so
7fd67dc12000-7fd67de11000 ---p 00012000 103:02 139416                    /home/tanmay/.jdks/corretto-16.0.2/lib/libnio.so
7fd67de11000-7fd67de12000 r--p 00011000 103:02 139416                    /home/tanmay/.jdks/corretto-16.0.2/lib/libnio.so
7fd67de12000-7fd67de13000 rw-p 00012000 103:02 139416                    /home/tanmay/.jdks/corretto-16.0.2/lib/libnio.so
7fd67defe000-7fd67df02000 ---p 00000000 00:00 0 
7fd67df02000-7fd67dffe000 rw-p 00000000 00:00 0 
7fd67dffe000-7fd67dfff000 ---p 00000000 00:00 0 
7fd67dfff000-7fd67e100000 rw-p 00000000 00:00 0 
7fd67e100000-7fd67e104000 ---p 00000000 00:00 0 
7fd67e104000-7fd67e200000 rw-p 00000000 00:00 0 
7fd67e200000-7fd67e204000 ---p 00000000 00:00 0 
7fd67e204000-7fd67e300000 rw-p 00000000 00:00 0 
7fd67e300000-7fd67e304000 ---p 00000000 00:00 0 
7fd67e304000-7fd67e400000 rw-p 00000000 00:00 0 
7fd67e400000-7fd67e405000 r-xp 00000000 103:02 139444                    /home/tanmay/.jdks/corretto-16.0.2/lib/libdt_socket.so
7fd67e405000-7fd67e604000 ---p 00005000 103:02 139444                    /home/tanmay/.jdks/corretto-16.0.2/lib/libdt_socket.so
7fd67e604000-7fd67e605000 r--p 00004000 103:02 139444                    /home/tanmay/.jdks/corretto-16.0.2/lib/libdt_socket.so
7fd67e605000-7fd67e606000 rw-p 00005000 103:02 139444                    /home/tanmay/.jdks/corretto-16.0.2/lib/libdt_socket.so
7fd67e700000-7fd67e704000 ---p 00000000 00:00 0 
7fd67e704000-7fd67e800000 rw-p 00000000 00:00 0 
7fd67e800000-7fd67e804000 ---p 00000000 00:00 0 
7fd67e804000-7fd67e900000 rw-p 00000000 00:00 0 
7fd67e900000-7fd67e904000 ---p 00000000 00:00 0 
7fd67e904000-7fd67ea00000 rw-p 00000000 00:00 0 
7fd67ea00000-7fd67ea04000 ---p 00000000 00:00 0 
7fd67ea04000-7fd67eb00000 rw-p 00000000 00:00 0 
7fd67eb00000-7fd67eb04000 ---p 00000000 00:00 0 
7fd67eb04000-7fd67ec00000 rw-p 00000000 00:00 0 
7fd67ec00000-7fd67ec04000 ---p 00000000 00:00 0 
7fd67ec04000-7fd67ed00000 rw-p 00000000 00:00 0 
7fd67ed00000-7fd67ed04000 ---p 00000000 00:00 0 
7fd67ed04000-7fd67ee00000 rw-p 00000000 00:00 0 
7fd67ee00000-7fd67ee04000 ---p 00000000 00:00 0 
7fd67ee04000-7fd67ef00000 rw-p 00000000 00:00 0 
7fd67ef00000-7fd67ef04000 ---p 00000000 00:00 0 
7fd67ef04000-7fd67f3c0000 rw-p 00000000 00:00 0 
7fd67f3c0000-7fd67f400000 ---p 00000000 00:00 0 
7fd67f400000-7fd67f800000 rw-p 00000000 00:00 0 
7fd67f8f7000-7fd67f8fb000 ---p 00000000 00:00 0 
7fd67f8fb000-7fd67f9f7000 rw-p 00000000 00:00 0 
7fd67f9f7000-7fd67f9f8000 ---p 00000000 00:00 0 
7fd67f9f8000-7fd67faf9000 rw-p 00000000 00:00 0 
7fd67faf9000-7fd67fafa000 ---p 00000000 00:00 0 
7fd67fafa000-7fd67fbfb000 rw-p 00000000 00:00 0 
7fd67fbfb000-7fd67fbfc000 ---p 00000000 00:00 0 
7fd67fbfc000-7fd680000000 rw-p 00000000 00:00 0 
7fd680000000-7fd680021000 rw-p 00000000 00:00 0 
7fd680021000-7fd684000000 ---p 00000000 00:00 0 
7fd684000000-7fd684021000 rw-p 00000000 00:00 0 
7fd684021000-7fd688000000 ---p 00000000 00:00 0 
7fd688000000-7fd688021000 rw-p 00000000 00:00 0 
7fd688021000-7fd68c000000 ---p 00000000 00:00 0 
7fd68c03f000-7fd68e140000 rw-p 00000000 00:00 0 
7fd68e140000-7fd68e141000 ---p 00000000 00:00 0 
7fd68e141000-7fd68e242000 rw-p 00000000 00:00 0 
7fd68e242000-7fd68e243000 ---p 00000000 00:00 0 
7fd68e243000-7fd68e534000 rw-p 00000000 00:00 0 
7fd68e534000-7fd6901dc000 ---p 00000000 00:00 0 
7fd6901dc000-7fd6903d4000 rw-p 00000000 00:00 0 
7fd6903d4000-7fd69207c000 ---p 00000000 00:00 0 
7fd69207c000-7fd6920c2000 rw-p 00000000 00:00 0 
7fd6920c2000-7fd692457000 ---p 00000000 00:00 0 
7fd692457000-7fd692496000 rw-p 00000000 00:00 0 
7fd692496000-7fd69282b000 ---p 00000000 00:00 0 
7fd69282b000-7fd69286a000 rw-p 00000000 00:00 0 
7fd69286a000-7fd692bff000 ---p 00000000 00:00 0 
7fd692bff000-7fd692c00000 rw-p 00000000 00:00 0 
7fd692c00000-7fd692e70000 rwxp 00000000 00:00 0 
7fd692e70000-7fd693191000 ---p 00000000 00:00 0 
7fd693191000-7fd693401000 rwxp 00000000 00:00 0 
7fd693401000-7fd69a6c8000 ---p 00000000 00:00 0 
7fd69a6c8000-7fd69a938000 rwxp 00000000 00:00 0 
7fd69a938000-7fd6a1c00000 ---p 00000000 00:00 0 
7fd6a1c00000-7fd6a1c1a000 r-xp 00000000 103:02 139413                    /home/tanmay/.jdks/corretto-16.0.2/lib/libzip.so
7fd6a1c1a000-7fd6a1e19000 ---p 0001a000 103:02 139413                    /home/tanmay/.jdks/corretto-16.0.2/lib/libzip.so
7fd6a1e19000-7fd6a1e1a000 r--p 00019000 103:02 139413                    /home/tanmay/.jdks/corretto-16.0.2/lib/libzip.so
7fd6a1e1a000-7fd6a1e1b000 rw-p 00000000 00:00 0 
7fd6a1f17000-7fd6a1f18000 ---p 00000000 00:00 0 
7fd6a1f18000-7fd6a2019000 rw-p 00000000 00:00 0 
7fd6a2019000-7fd6a2e00000 r--p 00000000 103:02 1185121                   /usr/lib/locale/locale-archive
7fd6a2e00000-7fd6a2e0a000 r-xp 00000000 103:02 139434                    /home/tanmay/.jdks/corretto-16.0.2/lib/libinstrument.so
7fd6a2e0a000-7fd6a3009000 ---p 0000a000 103:02 139434                    /home/tanmay/.jdks/corretto-16.0.2/lib/libinstrument.so
7fd6a3009000-7fd6a300a000 r--p 00009000 103:02 139434                    /home/tanmay/.jdks/corretto-16.0.2/lib/libinstrument.so
7fd6a300a000-7fd6a300b000 rw-p 0000a000 103:02 139434                    /home/tanmay/.jdks/corretto-16.0.2/lib/libinstrument.so
7fd6a30ff000-7fd6a3200000 rw-p 00000000 00:00 0 
7fd6a3200000-7fd6a3224000 r-xp 00000000 103:02 139412                    /home/tanmay/.jdks/corretto-16.0.2/lib/libjava.so
7fd6a3224000-7fd6a3424000 ---p 00024000 103:02 139412                    /home/tanmay/.jdks/corretto-16.0.2/lib/libjava.so
7fd6a3424000-7fd6a3425000 r--p 00024000 103:02 139412                    /home/tanmay/.jdks/corretto-16.0.2/lib/libjava.so
7fd6a3425000-7fd6a3426000 rw-p 00025000 103:02 139412                    /home/tanmay/.jdks/corretto-16.0.2/lib/libjava.so
7fd6a3426000-7fd6a3427000 rw-p 00000000 00:00 0 
7fd6a34a5000-7fd6a35a6000 rw-p 00000000 00:00 0 
7fd6a35a6000-7fd6ac000000 r--s 00000000 103:02 139405                    /home/tanmay/.jdks/corretto-16.0.2/lib/modules
7fd6ac000000-7fd6ac929000 rw-p 00000000 00:00 0 
7fd6ac929000-7fd6b0000000 ---p 00000000 00:00 0 
7fd6b00ff000-7fd6b0200000 rw-p 00000000 00:00 0 
7fd6b0200000-7fd6b023e000 r-xp 00000000 103:02 139445                    /home/tanmay/.jdks/corretto-16.0.2/lib/libjdwp.so
7fd6b023e000-7fd6b043e000 ---p 0003e000 103:02 139445                    /home/tanmay/.jdks/corretto-16.0.2/lib/libjdwp.so
7fd6b043e000-7fd6b043f000 r--p 0003e000 103:02 139445                    /home/tanmay/.jdks/corretto-16.0.2/lib/libjdwp.so
7fd6b043f000-7fd6b0440000 rw-p 0003f000 103:02 139445                    /home/tanmay/.jdks/corretto-16.0.2/lib/libjdwp.so
7fd6b0440000-7fd6b0441000 rw-p 00000000 00:00 0 
7fd6b047e000-7fd6b0600000 rw-p 00000000 00:00 0 
7fd6b0600000-7fd6b061b000 r-xp 00000000 103:02 139414                    /home/tanmay/.jdks/corretto-16.0.2/lib/libjimage.so
7fd6b061b000-7fd6b081a000 ---p 0001b000 103:02 139414                    /home/tanmay/.jdks/corretto-16.0.2/lib/libjimage.so
7fd6b081a000-7fd6b081c000 r--p 0001a000 103:02 139414                    /home/tanmay/.jdks/corretto-16.0.2/lib/libjimage.so
7fd6b081c000-7fd6b081d000 rw-p 0001c000 103:02 139414                    /home/tanmay/.jdks/corretto-16.0.2/lib/libjimage.so
7fd6b082a000-7fd6b082f000 rw-p 00000000 00:00 0 
7fd6b082f000-7fd6b0915000 ---p 00000000 00:00 0 
7fd6b0915000-7fd6b091a000 rw-p 00000000 00:00 0 
7fd6b091a000-7fd6b0a00000 ---p 00000000 00:00 0 
7fd6b0a00000-7fd6b1cbc000 r-xp 00000000 103:02 658608                    /home/tanmay/.jdks/corretto-16.0.2/lib/server/libjvm.so
7fd6b1cbc000-7fd6b1ebb000 ---p 012bc000 103:02 658608                    /home/tanmay/.jdks/corretto-16.0.2/lib/server/libjvm.so
7fd6b1ebb000-7fd6b1f70000 r--p 012bb000 103:02 658608                    /home/tanmay/.jdks/corretto-16.0.2/lib/server/libjvm.so
7fd6b1f70000-7fd6b1fa4000 rw-p 01370000 103:02 658608                    /home/tanmay/.jdks/corretto-16.0.2/lib/server/libjvm.so
7fd6b1fa4000-7fd6b1fff000 rw-p 00000000 00:00 0 
7fd6b201c000-7fd6b201f000 r--p 00000000 103:02 1186619                   /usr/lib/x86_64-linux-gnu/libgcc_s.so.1
7fd6b201f000-7fd6b2036000 r-xp 00003000 103:02 1186619                   /usr/lib/x86_64-linux-gnu/libgcc_s.so.1
7fd6b2036000-7fd6b203a000 r--p 0001a000 103:02 1186619                   /usr/lib/x86_64-linux-gnu/libgcc_s.so.1
7fd6b203a000-7fd6b203b000 r--p 0001d000 103:02 1186619                   /usr/lib/x86_64-linux-gnu/libgcc_s.so.1
7fd6b203b000-7fd6b203c000 rw-p 0001e000 103:02 1186619                   /usr/lib/x86_64-linux-gnu/libgcc_s.so.1
7fd6b203c000-7fd6b20d8000 rw-p 00000000 00:00 0 
7fd6b20d8000-7fd6b20dc000 ---p 00000000 00:00 0 
7fd6b20dc000-7fd6b21d8000 rw-p 00000000 00:00 0 
7fd6b21d8000-7fd6b2200000 r--p 00000000 103:02 1186228                   /usr/lib/x86_64-linux-gnu/libc.so.6
7fd6b2200000-7fd6b2395000 r-xp 00028000 103:02 1186228                   /usr/lib/x86_64-linux-gnu/libc.so.6
7fd6b2395000-7fd6b23ed000 r--p 001bd000 103:02 1186228                   /usr/lib/x86_64-linux-gnu/libc.so.6
7fd6b23ed000-7fd6b23f1000 r--p 00214000 103:02 1186228                   /usr/lib/x86_64-linux-gnu/libc.so.6
7fd6b23f1000-7fd6b23f3000 rw-p 00218000 103:02 1186228                   /usr/lib/x86_64-linux-gnu/libc.so.6
7fd6b23f3000-7fd6b2400000 rw-p 00000000 00:00 0 
7fd6b2400000-7fd6b2419000 r-xp 00000000 103:02 139410                    /home/tanmay/.jdks/corretto-16.0.2/lib/libjli.so
7fd6b2419000-7fd6b2618000 ---p 00019000 103:02 139410                    /home/tanmay/.jdks/corretto-16.0.2/lib/libjli.so
7fd6b2618000-7fd6b2619000 r--p 00018000 103:02 139410                    /home/tanmay/.jdks/corretto-16.0.2/lib/libjli.so
7fd6b2619000-7fd6b261a000 rw-p 00019000 103:02 139410                    /home/tanmay/.jdks/corretto-16.0.2/lib/libjli.so
7fd6b2632000-7fd6b2639000 r--s 00000000 103:02 1838198                   /usr/lib/x86_64-linux-gnu/gconv/gconv-modules.cache
7fd6b2639000-7fd6b2680000 rw-p 00000000 00:00 0 
7fd6b2680000-7fd6b2687000 ---p 00000000 00:00 0 
7fd6b2687000-7fd6b2688000 r--p 00000000 103:02 1187204                   /usr/lib/x86_64-linux-gnu/librt.so.1
7fd6b2688000-7fd6b2689000 r-xp 00001000 103:02 1187204                   /usr/lib/x86_64-linux-gnu/librt.so.1
7fd6b2689000-7fd6b268a000 r--p 00002000 103:02 1187204                   /usr/lib/x86_64-linux-gnu/librt.so.1
7fd6b268a000-7fd6b268b000 r--p 00002000 103:02 1187204                   /usr/lib/x86_64-linux-gnu/librt.so.1
7fd6b268b000-7fd6b268c000 rw-p 00003000 103:02 1187204                   /usr/lib/x86_64-linux-gnu/librt.so.1
7fd6b268c000-7fd6b269a000 r--p 00000000 103:02 1186879                   /usr/lib/x86_64-linux-gnu/libm.so.6
7fd6b269a000-7fd6b2716000 r-xp 0000e000 103:02 1186879                   /usr/lib/x86_64-linux-gnu/libm.so.6
7fd6b2716000-7fd6b2771000 r--p 0008a000 103:02 1186879                   /usr/lib/x86_64-linux-gnu/libm.so.6
7fd6b2771000-7fd6b2772000 r--p 000e4000 103:02 1186879                   /usr/lib/x86_64-linux-gnu/libm.so.6
7fd6b2772000-7fd6b2773000 rw-p 000e5000 103:02 1186879                   /usr/lib/x86_64-linux-gnu/libm.so.6
7fd6b2773000-7fd6b2775000 rw-p 00000000 00:00 0 
7fd6b2775000-7fd6b2776000 r--p 00000000 103:02 1186370                   /usr/lib/x86_64-linux-gnu/libdl.so.2
7fd6b2776000-7fd6b2777000 r-xp 00001000 103:02 1186370                   /usr/lib/x86_64-linux-gnu/libdl.so.2
7fd6b2777000-7fd6b2778000 r--p 00002000 103:02 1186370                   /usr/lib/x86_64-linux-gnu/libdl.so.2
7fd6b2778000-7fd6b2779000 r--p 00002000 103:02 1186370                   /usr/lib/x86_64-linux-gnu/libdl.so.2
7fd6b2779000-7fd6b277a000 rw-p 00003000 103:02 1186370                   /usr/lib/x86_64-linux-gnu/libdl.so.2
7fd6b277a000-7fd6b277b000 r--p 00000000 103:02 1187148                   /usr/lib/x86_64-linux-gnu/libpthread.so.0
7fd6b277b000-7fd6b277c000 r-xp 00001000 103:02 1187148                   /usr/lib/x86_64-linux-gnu/libpthread.so.0
7fd6b277c000-7fd6b277d000 r--p 00002000 103:02 1187148                   /usr/lib/x86_64-linux-gnu/libpthread.so.0
7fd6b277d000-7fd6b277e000 r--p 00002000 103:02 1187148                   /usr/lib/x86_64-linux-gnu/libpthread.so.0
7fd6b277e000-7fd6b277f000 rw-p 00003000 103:02 1187148                   /usr/lib/x86_64-linux-gnu/libpthread.so.0
7fd6b277f000-7fd6b2786000 r--s 00066000 07:09 1814                       /snap/intellij-idea-ultimate/386/plugins/java/lib/rt/debugger-agent.jar
7fd6b2786000-7fd6b278e000 rw-s 00000000 103:02 2097920                   /tmp/hsperfdata_tanmay/24351
7fd6b278e000-7fd6b278f000 ---p 00000000 00:00 0 
7fd6b278f000-7fd6b2790000 r--p 00000000 00:00 0 
7fd6b2790000-7fd6b2792000 rw-p 00000000 00:00 0 
7fd6b2792000-7fd6b2794000 r--p 00000000 103:02 1185891                   /usr/lib/x86_64-linux-gnu/ld-linux-x86-64.so.2
7fd6b2794000-7fd6b27be000 r-xp 00002000 103:02 1185891                   /usr/lib/x86_64-linux-gnu/ld-linux-x86-64.so.2
7fd6b27be000-7fd6b27c9000 r--p 0002c000 103:02 1185891                   /usr/lib/x86_64-linux-gnu/ld-linux-x86-64.so.2
7fd6b27c9000-7fd6b27ca000 ---p 00000000 00:00 0 
7fd6b27ca000-7fd6b27cc000 r--p 00037000 103:02 1185891                   /usr/lib/x86_64-linux-gnu/ld-linux-x86-64.so.2
7fd6b27cc000-7fd6b27ce000 rw-p 00039000 103:02 1185891                   /usr/lib/x86_64-linux-gnu/ld-linux-x86-64.so.2
7ffd3fd5a000-7ffd3fd7c000 rw-p 00000000 00:00 0                          [stack]
7ffd3fde0000-7ffd3fde4000 r--p 00000000 00:00 0                          [vvar]
7ffd3fde4000-7ffd3fde6000 r-xp 00000000 00:00 0                          [vdso]
ffffffffff600000-ffffffffff601000 --xp 00000000 00:00 0                  [vsyscall]


VM Arguments:
jvm_args: -agentlib:jdwp=transport=dt_socket,address=127.0.0.1:57517,suspend=y,server=n -ea -Didea.test.cyclic.buffer.size=1048576 -javaagent:/snap/intellij-idea-ultimate/386/plugins/java/lib/rt/debugger-agent.jar -Dfile.encoding=UTF-8 
java_command: com.intellij.rt.junit.JUnitStarter -ideVersion5 -junit4 com.concordium.sdk.transactions.AddBakerUtilTest,testAddBakerUtil
java_class_path (initial): /snap/intellij-idea-ultimate/386/lib/idea_rt.jar:/snap/intellij-idea-ultimate/386/plugins/junit/lib/junit5-rt.jar:/snap/intellij-idea-ultimate/386/plugins/junit/lib/junit-rt.jar:/home/tanmay/Desktop/ccd/concordium-java-sdk/concordium-sdk/target/test-classes:/home/tanmay/Desktop/ccd/concordium-java-sdk/concordium-sdk/target/classes:/home/tanmay/.m2/repository/io/grpc/grpc-netty-shaded/1.40.1/grpc-netty-shaded-1.40.1.jar:/home/tanmay/.m2/repository/com/google/guava/guava/30.1-android/guava-30.1-android.jar:/home/tanmay/.m2/repository/com/google/guava/failureaccess/1.0.1/failureaccess-1.0.1.jar:/home/tanmay/.m2/repository/com/google/guava/listenablefuture/9999.0-empty-to-avoid-conflict-with-guava/listenablefuture-9999.0-empty-to-avoid-conflict-with-guava.jar:/home/tanmay/.m2/repository/org/checkerframework/checker-compat-qual/2.5.5/checker-compat-qual-2.5.5.jar:/home/tanmay/.m2/repository/com/google/j2objc/j2objc-annotations/1.3/j2objc-annotations-1.3.jar:/home/tanmay/.m2/repository/com/google/errorprone/error_prone_annotations/2.4.0/error_prone_annotations-2.4.0.jar:/home/tanmay/.m2/repository/io/perfmark/perfmark-api/0.23.0/perfmark-api-0.23.0.jar:/home/tanmay/.m2/repository/io/grpc/grpc-core/1.40.1/grpc-core-1.40.1.jar:/home/tanmay/.m2/repository/com/google/code/gson/gson/2.8.6/gson-2.8.6.jar:/home/tanmay/.m2/repository/com/google/android/annotations/4.1.1.4/annotations-4.1.1.4.jar:/home/tanmay/.m2/repository/org/codehaus/mojo/animal-sniffer-annotations/1.19/animal-sniffer-annotations-1.19.jar:/home/tanmay/.m2/repository/io/grpc/grpc-protobuf/1.40.1/grpc-protobuf-1.40.1.jar:/home/tanmay/.m2/repository/io/grpc/grpc-api/1.40.1/grpc-api-1.40.1.jar:/home/tanmay/.m2/repository/io/grpc/grpc-context/1.40.1/grpc-context-1.40.1.jar:/home/tanmay/.m2/repository/com/google/code/findbugs/jsr305/3.0.2/jsr305-3.0.2.jar:/home/tanmay/.m2/repository/com/google/protobuf/protobuf-java/3.17.2/protobuf-java-3.17.2.jar:/home/tanmay/.m2/repository/com/google/ap
Launcher Type: SUN_STANDARD

[Global flags]
     intx CICompilerCount                          = 3                                         {product} {ergonomic}
     uint ConcGCThreads                            = 1                                         {product} {ergonomic}
     uint G1ConcRefinementThreads                  = 4                                         {product} {ergonomic}
   size_t G1HeapRegionSize                         = 1048576                                   {product} {ergonomic}
    uintx GCDrainStackTargetSize                   = 64                                        {product} {ergonomic}
   size_t InitialHeapSize                          = 130023424                                 {product} {ergonomic}
   size_t MarkStackSize                            = 4194304                                   {product} {ergonomic}
   size_t MaxHeapSize                              = 2055208960                                {product} {ergonomic}
   size_t MaxNewSize                               = 1233125376                                {product} {ergonomic}
   size_t MinHeapDeltaBytes                        = 1048576                                   {product} {ergonomic}
   size_t MinHeapSize                              = 8388608                                   {product} {ergonomic}
    uintx NonNMethodCodeHeapSize                   = 5832780                                {pd product} {ergonomic}
    uintx NonProfiledCodeHeapSize                  = 122912730                              {pd product} {ergonomic}
    uintx ProfiledCodeHeapSize                     = 122912730                              {pd product} {ergonomic}
    uintx ReservedCodeCacheSize                    = 251658240                              {pd product} {ergonomic}
     bool SegmentedCodeCache                       = true                                      {product} {ergonomic}
   size_t SoftMaxHeapSize                          = 2055208960                             {manageable} {ergonomic}
     bool UseCompressedClassPointers               = true                           {product lp64_product} {ergonomic}
     bool UseCompressedOops                        = true                           {product lp64_product} {ergonomic}
     bool UseG1GC                                  = true                                      {product} {ergonomic}

Logging:
Log output configuration:
 #0: stdout all=warning uptime,level,tags
 #1: stderr all=off uptime,level,tags

Environment Variables:
PATH=/home/tanmay/.cargo/bin:/usr/local/sbin:/usr/local/bin:/usr/sbin:/usr/bin:/sbin:/bin:/usr/games:/usr/local/games:/snap/bin:/snap/bin
USERNAME=tanmay
SHELL=/bin/bash
DISPLAY=:0
LANG=en_IN

Signal Handlers:
SIGSEGV: [libjvm.so+0xf67e20], sa_mask[0]=11100100010111111101111111111110, sa_flags=SA_RESTART|SA_SIGINFO
SIGBUS: [libjvm.so+0xf67e20], sa_mask[0]=11100100010111111101111111111110, sa_flags=SA_RESTART|SA_SIGINFO
SIGFPE: [libjvm.so+0xf67e20], sa_mask[0]=11100100010111111101111111111110, sa_flags=SA_RESTART|SA_SIGINFO
SIGPIPE: [libjvm.so+0xe05b30], sa_mask[0]=11100100010111111101111111111110, sa_flags=SA_RESTART|SA_SIGINFO
SIGXFSZ: [libjvm.so+0xe05b30], sa_mask[0]=11100100010111111101111111111110, sa_flags=SA_RESTART|SA_SIGINFO
SIGILL: [libjvm.so+0xf67e20], sa_mask[0]=11100100010111111101111111111110, sa_flags=SA_RESTART|SA_SIGINFO
SIGUSR2: [libjvm.so+0xe05200], sa_mask[0]=00100000000000000000000000000000, sa_flags=SA_RESTART|SA_SIGINFO
SIGHUP: [libjvm.so+0xe05140], sa_mask[0]=11100100010111111101111111111110, sa_flags=SA_RESTART|SA_SIGINFO
SIGINT: [libjvm.so+0xe05140], sa_mask[0]=11100100010111111101111111111110, sa_flags=SA_RESTART|SA_SIGINFO
SIGTERM: [libjvm.so+0xe05140], sa_mask[0]=11100100010111111101111111111110, sa_flags=SA_RESTART|SA_SIGINFO
SIGQUIT: [libjvm.so+0xe05140], sa_mask[0]=11100100010111111101111111111110, sa_flags=SA_RESTART|SA_SIGINFO
SIGTRAP: [libjvm.so+0xf67e20], sa_mask[0]=11100100010111111101111111111110, sa_flags=SA_RESTART|SA_SIGINFO


---------------  S Y S T E M  ---------------

OS:
DISTRIB_ID=Ubuntu
DISTRIB_RELEASE=22.04
DISTRIB_CODENAME=jammy
DISTRIB_DESCRIPTION="Ubuntu 22.04.1 LTS"
uname: Linux 5.15.0-52-generic #58-Ubuntu SMP Thu Oct 13 08:03:55 UTC 2022 x86_64
OS uptime: 0 days 12:58 hours
libc: glibc 2.35 NPTL 2.35 
rlimit (soft/hard): STACK 8192k/infinity , CORE 0k/infinity , NPROC 31062/31062 , NOFILE 1048576/1048576 , AS infinity/infinity , CPU infinity/infinity , DATA infinity/infinity , FSIZE infinity/infinity , MEMLOCK 1002824k/1002824k
load average: 4.02 2.78 2.24

/proc/meminfo:
MemTotal:        8022592 kB
MemFree:          348460 kB
MemAvailable:    1050704 kB
Buffers:           14920 kB
Cached:          1177828 kB
SwapCached:            0 kB
Active:           366124 kB
Inactive:        6577804 kB
Active(anon):      15404 kB
Inactive(anon):  6036276 kB
Active(file):     350720 kB
Inactive(file):   541528 kB
Unevictable:      326256 kB
Mlocked:              64 kB
SwapTotal:             0 kB
SwapFree:              0 kB
Dirty:              3116 kB
Writeback:             0 kB
AnonPages:       6077928 kB
Mapped:           173212 kB
Shmem:            331068 kB
KReclaimable:      85904 kB
Slab:             198688 kB
SReclaimable:      85904 kB
SUnreclaim:       112784 kB
KernelStack:       15120 kB
PageTables:        39376 kB
NFS_Unstable:          0 kB
Bounce:                0 kB
WritebackTmp:          0 kB
CommitLimit:     4011296 kB
Committed_AS:    8897880 kB
VmallocTotal:   34359738367 kB
VmallocUsed:       87700 kB
VmallocChunk:          0 kB
Percpu:             3952 kB
HardwareCorrupted:     0 kB
AnonHugePages:         0 kB
ShmemHugePages:        0 kB
ShmemPmdMapped:        0 kB
FileHugePages:         0 kB
FilePmdMapped:         0 kB
HugePages_Total:       0
HugePages_Free:        0
HugePages_Rsvd:        0
HugePages_Surp:        0
Hugepagesize:       2048 kB
Hugetlb:               0 kB
DirectMap4k:      378172 kB
DirectMap2M:     7892992 kB
DirectMap1G:           0 kB

/sys/kernel/mm/transparent_hugepage/enabled: always [madvise] never
/sys/kernel/mm/transparent_hugepage/defrag (defrag/compaction efforts parameter): always defer defer+madvise [madvise] never

Process Memory:
Virtual Size: 5673484K (peak: 5721336K)
Resident Set Size: 141780K (peak: 141780K) (anon: 109920K, file: 31860K, shmem: 0K)
Swapped out: 0K
C-Heap outstanding allocations: 20725K

/proc/sys/kernel/threads-max (system-wide limit on the number of threads): 62124
/proc/sys/vm/max_map_count (maximum number of memory map areas a process may have): 65530
/proc/sys/kernel/pid_max (system-wide limit on number of process identifiers): 4194304

container (cgroup) information:
container_type: cgroupv2
cpu_cpuset_cpus: not supported
cpu_memory_nodes: not supported
active_processor_count: 4
cpu_quota: not supported
cpu_period: not supported
cpu_shares: not supported
memory_limit_in_bytes: unlimited
memory_and_swap_limit_in_bytes: unlimited
memory_soft_limit_in_bytes: unlimited
memory_usage_in_bytes: 5159063552
memory_max_usage_in_bytes: not supported

Steal ticks since vm start: 0
Steal ticks percentage since vm start:  0.000

CPU: total 4 (initial active 4) (4 cores per cpu, 1 threads per core) family 6 model 158 stepping 9 microcode 0xf0, cx8, cmov, fxsr, mmx, 3dnowpref, sse, sse2, sse3, ssse3, sse4.1, sse4.2, popcnt, lzcnt, tsc, tscinvbit, avx, avx2, aes, erms, clmul, bmi1, bmi2, adx, fma, vzeroupper, clflush, clflushopt
CPU Model and flags from /proc/cpuinfo:
model name	: Intel(R) Core(TM) i5-7300HQ CPU @ 2.50GHz
flags		: fpu vme de pse tsc msr pae mce cx8 apic sep mtrr pge mca cmov pat pse36 clflush dts acpi mmx fxsr sse sse2 ss ht tm pbe syscall nx pdpe1gb rdtscp lm constant_tsc art arch_perfmon pebs bts rep_good nopl xtopology nonstop_tsc cpuid aperfmperf pni pclmulqdq dtes64 monitor ds_cpl vmx est tm2 ssse3 sdbg fma cx16 xtpr pdcm pcid sse4_1 sse4_2 x2apic movbe popcnt tsc_deadline_timer aes xsave avx f16c rdrand lahf_lm abm 3dnowprefetch cpuid_fault epb invpcid_single pti ssbd ibrs ibpb stibp tpr_shadow vnmi flexpriority ept vpid ept_ad fsgsbase tsc_adjust bmi1 avx2 smep bmi2 erms invpcid mpx rdseed adx smap clflushopt intel_pt xsaveopt xsavec xgetbv1 xsaves dtherm ida arat pln pts hwp hwp_notify hwp_act_window hwp_epp md_clear flush_l1d arch_capabilities

Online cpus: 0-3
Offline cpus: 
BIOS frequency limitation: <Not Available>
Frequency switch latency (ns): 0
Available cpu frequencies: <Not Available>
Current governor: powersave
Core performance/turbo boost: <Not Available>

Memory: 4k page, physical 8022592k(348208k free), swap 0k(0k free)

vm_info: OpenJDK 64-Bit Server VM (16.0.2+7) for linux-amd64 JRE (16.0.2+7), built on Jul 22 2021 01:08:17 by "jenkins" with gcc 7.3.1 20180303 (Red Hat 7.3.1-5)

END.
